<?xml version="1.0" encoding="UTF-8"?>
<coverage generated="1747602262511" clover="3.2.0">
  <project timestamp="1747602262511" name="All files">
    <metrics statements="2306" coveredstatements="1296" conditionals="252" coveredconditionals="146" methods="81" coveredmethods="62" elements="2639" coveredelements="1504" complexity="0" loc="2306" ncloc="2306" packages="4" files="33" classes="33"/>
    <package name="src">
      <metrics statements="68" coveredstatements="8" conditionals="3" coveredconditionals="0" methods="3" coveredmethods="0"/>
      <file name="App.jsx" path="C:\Users\alpha\Documents\Wits\2025\SD\Project\SD-Project\frontend\src\App.jsx">
        <metrics statements="11" coveredstatements="0" conditionals="1" coveredconditionals="0" methods="1" coveredmethods="0"/>
        <line num="1" count="0" type="cond" truecount="0" falsecount="1"/>
        <line num="2" count="0" type="stmt"/>
        <line num="3" count="0" type="stmt"/>
        <line num="4" count="0" type="stmt"/>
        <line num="5" count="0" type="stmt"/>
        <line num="6" count="0" type="stmt"/>
        <line num="7" count="0" type="stmt"/>
        <line num="9" count="0" type="stmt"/>
        <line num="10" count="0" type="stmt"/>
        <line num="12" count="0" type="stmt"/>
        <line num="14" count="0" type="stmt"/>
      </file>
      <file name="main.jsx" path="C:\Users\alpha\Documents\Wits\2025\SD\Project\SD-Project\frontend\src\main.jsx">
        <metrics statements="14" coveredstatements="0" conditionals="1" coveredconditionals="0" methods="1" coveredmethods="0"/>
        <line num="1" count="0" type="cond" truecount="0" falsecount="1"/>
        <line num="2" count="0" type="stmt"/>
        <line num="3" count="0" type="stmt"/>
        <line num="4" count="0" type="stmt"/>
        <line num="5" count="0" type="stmt"/>
        <line num="6" count="0" type="stmt"/>
        <line num="7" count="0" type="stmt"/>
        <line num="8" count="0" type="stmt"/>
        <line num="9" count="0" type="stmt"/>
        <line num="11" count="0" type="stmt"/>
        <line num="12" count="0" type="stmt"/>
        <line num="13" count="0" type="stmt"/>
        <line num="14" count="0" type="stmt"/>
        <line num="15" count="0" type="stmt"/>
      </file>
      <file name="router.jsx" path="C:\Users\alpha\Documents\Wits\2025\SD\Project\SD-Project\frontend\src\router.jsx">
        <metrics statements="35" coveredstatements="0" conditionals="1" coveredconditionals="0" methods="1" coveredmethods="0"/>
        <line num="1" count="0" type="cond" truecount="0" falsecount="1"/>
        <line num="2" count="0" type="stmt"/>
        <line num="3" count="0" type="stmt"/>
        <line num="4" count="0" type="stmt"/>
        <line num="5" count="0" type="stmt"/>
        <line num="6" count="0" type="stmt"/>
        <line num="7" count="0" type="stmt"/>
        <line num="8" count="0" type="stmt"/>
        <line num="9" count="0" type="stmt"/>
        <line num="10" count="0" type="stmt"/>
        <line num="11" count="0" type="stmt"/>
        <line num="12" count="0" type="stmt"/>
        <line num="13" count="0" type="stmt"/>
        <line num="14" count="0" type="stmt"/>
        <line num="15" count="0" type="stmt"/>
        <line num="16" count="0" type="stmt"/>
        <line num="17" count="0" type="stmt"/>
        <line num="18" count="0" type="stmt"/>
        <line num="19" count="0" type="stmt"/>
        <line num="20" count="0" type="stmt"/>
        <line num="21" count="0" type="stmt"/>
        <line num="22" count="0" type="stmt"/>
        <line num="23" count="0" type="stmt"/>
        <line num="24" count="0" type="stmt"/>
        <line num="25" count="0" type="stmt"/>
        <line num="26" count="0" type="stmt"/>
        <line num="27" count="0" type="stmt"/>
        <line num="28" count="0" type="stmt"/>
        <line num="29" count="0" type="stmt"/>
        <line num="30" count="0" type="stmt"/>
        <line num="31" count="0" type="stmt"/>
        <line num="32" count="0" type="stmt"/>
        <line num="33" count="0" type="stmt"/>
        <line num="35" count="0" type="stmt"/>
        <line num="36" count="0" type="stmt"/>
      </file>
      <file name="supabaseClient.js" path="C:\Users\alpha\Documents\Wits\2025\SD\Project\SD-Project\frontend\src\supabaseClient.js">
        <metrics statements="8" coveredstatements="8" conditionals="0" coveredconditionals="0" methods="0" coveredmethods="0"/>
        <line num="1" count="1" type="stmt"/>
        <line num="2" count="1" type="stmt"/>
        <line num="3" count="1" type="stmt"/>
        <line num="4" count="1" type="stmt"/>
        <line num="5" count="1" type="stmt"/>
        <line num="6" count="1" type="stmt"/>
        <line num="7" count="1" type="stmt"/>
        <line num="8" count="1" type="stmt"/>
      </file>
    </package>
    <package name="src.assets">
      <metrics statements="324" coveredstatements="80" conditionals="22" coveredconditionals="15" methods="6" coveredmethods="4"/>
      <file name="Aurora.jsx" path="C:\Users\alpha\Documents\Wits\2025\SD\Project\SD-Project\frontend\src\assets\Aurora.jsx">
        <metrics statements="88" coveredstatements="0" conditionals="1" coveredconditionals="0" methods="1" coveredmethods="0"/>
        <line num="1" count="0" type="cond" truecount="0" falsecount="1"/>
        <line num="2" count="0" type="stmt"/>
        <line num="4" count="0" type="stmt"/>
        <line num="9" count="0" type="stmt"/>
        <line num="11" count="0" type="stmt"/>
        <line num="110" count="0" type="stmt"/>
        <line num="112" count="0" type="stmt"/>
        <line num="113" count="0" type="stmt"/>
        <line num="114" count="0" type="stmt"/>
        <line num="115" count="0" type="stmt"/>
        <line num="116" count="0" type="stmt"/>
        <line num="117" count="0" type="stmt"/>
        <line num="118" count="0" type="stmt"/>
        <line num="119" count="0" type="stmt"/>
        <line num="121" count="0" type="stmt"/>
        <line num="123" count="0" type="stmt"/>
        <line num="124" count="0" type="stmt"/>
        <line num="125" count="0" type="stmt"/>
        <line num="127" count="0" type="stmt"/>
        <line num="128" count="0" type="stmt"/>
        <line num="129" count="0" type="stmt"/>
        <line num="130" count="0" type="stmt"/>
        <line num="131" count="0" type="stmt"/>
        <line num="132" count="0" type="stmt"/>
        <line num="133" count="0" type="stmt"/>
        <line num="134" count="0" type="stmt"/>
        <line num="135" count="0" type="stmt"/>
        <line num="136" count="0" type="stmt"/>
        <line num="138" count="0" type="stmt"/>
        <line num="140" count="0" type="stmt"/>
        <line num="141" count="0" type="stmt"/>
        <line num="142" count="0" type="stmt"/>
        <line num="143" count="0" type="stmt"/>
        <line num="144" count="0" type="stmt"/>
        <line num="145" count="0" type="stmt"/>
        <line num="146" count="0" type="stmt"/>
        <line num="147" count="0" type="stmt"/>
        <line num="148" count="0" type="stmt"/>
        <line num="149" count="0" type="stmt"/>
        <line num="151" count="0" type="stmt"/>
        <line num="152" count="0" type="stmt"/>
        <line num="153" count="0" type="stmt"/>
        <line num="154" count="0" type="stmt"/>
        <line num="156" count="0" type="stmt"/>
        <line num="157" count="0" type="stmt"/>
        <line num="158" count="0" type="stmt"/>
        <line num="159" count="0" type="stmt"/>
        <line num="161" count="0" type="stmt"/>
        <line num="162" count="0" type="stmt"/>
        <line num="163" count="0" type="stmt"/>
        <line num="164" count="0" type="stmt"/>
        <line num="165" count="0" type="stmt"/>
        <line num="166" count="0" type="stmt"/>
        <line num="167" count="0" type="stmt"/>
        <line num="168" count="0" type="stmt"/>
        <line num="169" count="0" type="stmt"/>
        <line num="170" count="0" type="stmt"/>
        <line num="171" count="0" type="stmt"/>
        <line num="173" count="0" type="stmt"/>
        <line num="174" count="0" type="stmt"/>
        <line num="176" count="0" type="stmt"/>
        <line num="177" count="0" type="stmt"/>
        <line num="178" count="0" type="stmt"/>
        <line num="179" count="0" type="stmt"/>
        <line num="180" count="0" type="stmt"/>
        <line num="181" count="0" type="stmt"/>
        <line num="182" count="0" type="stmt"/>
        <line num="183" count="0" type="stmt"/>
        <line num="184" count="0" type="stmt"/>
        <line num="185" count="0" type="stmt"/>
        <line num="186" count="0" type="stmt"/>
        <line num="187" count="0" type="stmt"/>
        <line num="188" count="0" type="stmt"/>
        <line num="189" count="0" type="stmt"/>
        <line num="190" count="0" type="stmt"/>
        <line num="192" count="0" type="stmt"/>
        <line num="194" count="0" type="stmt"/>
        <line num="195" count="0" type="stmt"/>
        <line num="196" count="0" type="stmt"/>
        <line num="197" count="0" type="stmt"/>
        <line num="198" count="0" type="stmt"/>
        <line num="199" count="0" type="stmt"/>
        <line num="200" count="0" type="stmt"/>
        <line num="201" count="0" type="stmt"/>
        <line num="202" count="0" type="stmt"/>
        <line num="203" count="0" type="stmt"/>
        <line num="205" count="0" type="stmt"/>
        <line num="206" count="0" type="stmt"/>
      </file>
      <file name="BlurText.jsx" path="C:\Users\alpha\Documents\Wits\2025\SD\Project\SD-Project\frontend\src\assets\BlurText.jsx">
        <metrics statements="75" coveredstatements="70" conditionals="17" coveredconditionals="12" methods="3" coveredmethods="3"/>
        <line num="1" count="1" type="stmt"/>
        <line num="2" count="1" type="stmt"/>
        <line num="4" count="1" type="cond" truecount="1" falsecount="0"/>
        <line num="5" count="4" type="stmt"/>
        <line num="6" count="4" type="stmt"/>
        <line num="7" count="4" type="stmt"/>
        <line num="8" count="4" type="stmt"/>
        <line num="9" count="4" type="stmt"/>
        <line num="10" count="4" type="stmt"/>
        <line num="11" count="4" type="stmt"/>
        <line num="12" count="4" type="stmt"/>
        <line num="13" count="4" type="stmt"/>
        <line num="14" count="4" type="stmt"/>
        <line num="15" count="4" type="stmt"/>
        <line num="16" count="4" type="stmt"/>
        <line num="17" count="4" type="cond" truecount="2" falsecount="0"/>
        <line num="18" count="4" type="stmt"/>
        <line num="19" count="4" type="stmt"/>
        <line num="20" count="4" type="stmt"/>
        <line num="22" count="4" type="stmt"/>
        <line num="23" count="4" type="stmt"/>
        <line num="24" count="4" type="cond" truecount="0" falsecount="1"/>
        <line num="25" count="0" type="stmt"/>
        <line num="27" count="4" type="stmt"/>
        <line num="28" count="4" type="stmt"/>
        <line num="29" count="4" type="stmt"/>
        <line num="30" count="4" type="stmt"/>
        <line num="31" count="4" type="cond" truecount="0" falsecount="1"/>
        <line num="32" count="4" type="stmt"/>
        <line num="33" count="4" type="stmt"/>
        <line num="34" count="4" type="stmt"/>
        <line num="36" count="4" type="cond" truecount="1" falsecount="0"/>
        <line num="37" count="3" type="stmt"/>
        <line num="38" count="3" type="cond" truecount="1" falsecount="0"/>
        <line num="39" count="1" type="stmt"/>
        <line num="40" count="1" type="stmt"/>
        <line num="41" count="1" type="stmt"/>
        <line num="42" count="1" type="stmt"/>
        <line num="43" count="1" type="stmt"/>
        <line num="44" count="3" type="stmt"/>
        <line num="47" count="3" type="stmt"/>
        <line num="49" count="3" type="cond" truecount="1" falsecount="0"/>
        <line num="50" count="4" type="stmt"/>
        <line num="52" count="4" type="stmt"/>
        <line num="53" count="4" type="stmt"/>
        <line num="54" count="4" type="cond" truecount="1" falsecount="0"/>
        <line num="55" count="8" type="stmt"/>
        <line num="56" count="8" type="cond" truecount="1" falsecount="0"/>
        <line num="57" count="2" type="cond" truecount="1" falsecount="0"/>
        <line num="58" count="1" type="stmt"/>
        <line num="59" count="1" type="cond" truecount="0" falsecount="1"/>
        <line num="60" count="0" type="stmt"/>
        <line num="61" count="0" type="stmt"/>
        <line num="62" count="1" type="cond" truecount="0" falsecount="1"/>
        <line num="63" count="0" type="stmt"/>
        <line num="64" count="0" type="stmt"/>
        <line num="65" count="1" type="cond" truecount="1" falsecount="0"/>
        <line num="66" count="6" type="stmt"/>
        <line num="67" count="8" type="stmt"/>
        <line num="68" count="8" type="stmt"/>
        <line num="69" count="8" type="stmt"/>
        <line num="72" count="4" type="stmt"/>
        <line num="73" count="4" type="stmt"/>
        <line num="74" count="4" type="stmt"/>
        <line num="75" count="4" type="stmt"/>
        <line num="76" count="4" type="stmt"/>
        <line num="77" count="4" type="stmt"/>
        <line num="78" count="4" type="stmt"/>
        <line num="79" count="4" type="stmt"/>
        <line num="80" count="4" type="stmt"/>
        <line num="81" count="4" type="stmt"/>
        <line num="83" count="4" type="cond" truecount="0" falsecount="1"/>
        <line num="84" count="4" type="cond" truecount="2" falsecount="0"/>
        <line num="89" count="4" type="stmt"/>
        <line num="91" count="1" type="stmt"/>
      </file>
      <file name="Particals.jsx" path="C:\Users\alpha\Documents\Wits\2025\SD\Project\SD-Project\frontend\src\assets\Particals.jsx">
        <metrics statements="151" coveredstatements="0" conditionals="1" coveredconditionals="0" methods="1" coveredmethods="0"/>
        <line num="1" count="0" type="cond" truecount="0" falsecount="1"/>
        <line num="2" count="0" type="stmt"/>
        <line num="4" count="0" type="stmt"/>
        <line num="6" count="0" type="stmt"/>
        <line num="7" count="0" type="stmt"/>
        <line num="8" count="0" type="stmt"/>
        <line num="9" count="0" type="stmt"/>
        <line num="10" count="0" type="stmt"/>
        <line num="11" count="0" type="stmt"/>
        <line num="12" count="0" type="stmt"/>
        <line num="13" count="0" type="stmt"/>
        <line num="14" count="0" type="stmt"/>
        <line num="15" count="0" type="stmt"/>
        <line num="16" count="0" type="stmt"/>
        <line num="18" count="0" type="stmt"/>
        <line num="51" count="0" type="stmt"/>
        <line num="53" count="0" type="stmt"/>
        <line num="75" count="0" type="stmt"/>
        <line num="77" count="0" type="stmt"/>
        <line num="78" count="0" type="stmt"/>
        <line num="79" count="0" type="stmt"/>
        <line num="80" count="0" type="stmt"/>
        <line num="81" count="0" type="stmt"/>
        <line num="82" count="0" type="stmt"/>
        <line num="83" count="0" type="stmt"/>
        <line num="84" count="0" type="stmt"/>
        <line num="85" count="0" type="stmt"/>
        <line num="86" count="0" type="stmt"/>
        <line num="87" count="0" type="stmt"/>
        <line num="88" count="0" type="stmt"/>
        <line num="89" count="0" type="stmt"/>
        <line num="90" count="0" type="stmt"/>
        <line num="91" count="0" type="stmt"/>
        <line num="92" count="0" type="stmt"/>
        <line num="94" count="0" type="stmt"/>
        <line num="95" count="0" type="stmt"/>
        <line num="96" count="0" type="stmt"/>
        <line num="98" count="0" type="stmt"/>
        <line num="99" count="0" type="stmt"/>
        <line num="100" count="0" type="stmt"/>
        <line num="101" count="0" type="stmt"/>
        <line num="103" count="0" type="stmt"/>
        <line num="104" count="0" type="stmt"/>
        <line num="106" count="0" type="stmt"/>
        <line num="107" count="0" type="stmt"/>
        <line num="108" count="0" type="stmt"/>
        <line num="109" count="0" type="stmt"/>
        <line num="110" count="0" type="stmt"/>
        <line num="111" count="0" type="stmt"/>
        <line num="112" count="0" type="stmt"/>
        <line num="113" count="0" type="stmt"/>
        <line num="115" count="0" type="stmt"/>
        <line num="116" count="0" type="stmt"/>
        <line num="117" count="0" type="stmt"/>
        <line num="118" count="0" type="stmt"/>
        <line num="119" count="0" type="stmt"/>
        <line num="120" count="0" type="stmt"/>
        <line num="122" count="0" type="stmt"/>
        <line num="123" count="0" type="stmt"/>
        <line num="124" count="0" type="stmt"/>
        <line num="126" count="0" type="stmt"/>
        <line num="127" count="0" type="stmt"/>
        <line num="128" count="0" type="stmt"/>
        <line num="129" count="0" type="stmt"/>
        <line num="130" count="0" type="stmt"/>
        <line num="132" count="0" type="stmt"/>
        <line num="133" count="0" type="stmt"/>
        <line num="134" count="0" type="stmt"/>
        <line num="135" count="0" type="stmt"/>
        <line num="136" count="0" type="stmt"/>
        <line num="137" count="0" type="stmt"/>
        <line num="138" count="0" type="stmt"/>
        <line num="139" count="0" type="stmt"/>
        <line num="140" count="0" type="stmt"/>
        <line num="141" count="0" type="stmt"/>
        <line num="142" count="0" type="stmt"/>
        <line num="143" count="0" type="stmt"/>
        <line num="144" count="0" type="stmt"/>
        <line num="145" count="0" type="stmt"/>
        <line num="147" count="0" type="stmt"/>
        <line num="148" count="0" type="stmt"/>
        <line num="149" count="0" type="stmt"/>
        <line num="150" count="0" type="stmt"/>
        <line num="151" count="0" type="stmt"/>
        <line num="153" count="0" type="stmt"/>
        <line num="154" count="0" type="stmt"/>
        <line num="155" count="0" type="stmt"/>
        <line num="156" count="0" type="stmt"/>
        <line num="157" count="0" type="stmt"/>
        <line num="158" count="0" type="stmt"/>
        <line num="159" count="0" type="stmt"/>
        <line num="160" count="0" type="stmt"/>
        <line num="161" count="0" type="stmt"/>
        <line num="162" count="0" type="stmt"/>
        <line num="163" count="0" type="stmt"/>
        <line num="164" count="0" type="stmt"/>
        <line num="165" count="0" type="stmt"/>
        <line num="167" count="0" type="stmt"/>
        <line num="169" count="0" type="stmt"/>
        <line num="170" count="0" type="stmt"/>
        <line num="171" count="0" type="stmt"/>
        <line num="173" count="0" type="stmt"/>
        <line num="174" count="0" type="stmt"/>
        <line num="175" count="0" type="stmt"/>
        <line num="176" count="0" type="stmt"/>
        <line num="177" count="0" type="stmt"/>
        <line num="179" count="0" type="stmt"/>
        <line num="181" count="0" type="stmt"/>
        <line num="182" count="0" type="stmt"/>
        <line num="183" count="0" type="stmt"/>
        <line num="184" count="0" type="stmt"/>
        <line num="185" count="0" type="stmt"/>
        <line num="186" count="0" type="stmt"/>
        <line num="187" count="0" type="stmt"/>
        <line num="189" count="0" type="stmt"/>
        <line num="190" count="0" type="stmt"/>
        <line num="191" count="0" type="stmt"/>
        <line num="192" count="0" type="stmt"/>
        <line num="193" count="0" type="stmt"/>
        <line num="195" count="0" type="stmt"/>
        <line num="196" count="0" type="stmt"/>
        <line num="198" count="0" type="stmt"/>
        <line num="200" count="0" type="stmt"/>
        <line num="201" count="0" type="stmt"/>
        <line num="202" count="0" type="stmt"/>
        <line num="203" count="0" type="stmt"/>
        <line num="204" count="0" type="stmt"/>
        <line num="205" count="0" type="stmt"/>
        <line num="206" count="0" type="stmt"/>
        <line num="207" count="0" type="stmt"/>
        <line num="208" count="0" type="stmt"/>
        <line num="209" count="0" type="stmt"/>
        <line num="210" count="0" type="stmt"/>
        <line num="211" count="0" type="stmt"/>
        <line num="212" count="0" type="stmt"/>
        <line num="213" count="0" type="stmt"/>
        <line num="214" count="0" type="stmt"/>
        <line num="215" count="0" type="stmt"/>
        <line num="216" count="0" type="stmt"/>
        <line num="217" count="0" type="stmt"/>
        <line num="218" count="0" type="stmt"/>
        <line num="219" count="0" type="stmt"/>
        <line num="220" count="0" type="stmt"/>
        <line num="221" count="0" type="stmt"/>
        <line num="222" count="0" type="stmt"/>
        <line num="224" count="0" type="stmt"/>
        <line num="225" count="0" type="stmt"/>
        <line num="226" count="0" type="stmt"/>
        <line num="227" count="0" type="stmt"/>
        <line num="230" count="0" type="stmt"/>
        <line num="232" count="0" type="stmt"/>
      </file>
      <file name="ShinyText.jsx" path="C:\Users\alpha\Documents\Wits\2025\SD\Project\SD-Project\frontend\src\assets\ShinyText.jsx">
        <metrics statements="10" coveredstatements="10" conditionals="3" coveredconditionals="3" methods="1" coveredmethods="1"/>
        <line num="1" count="1" type="stmt"/>
        <line num="3" count="1" type="cond" truecount="1" falsecount="0"/>
        <line num="4" count="5" type="stmt"/>
        <line num="6" count="5" type="stmt"/>
        <line num="7" count="5" type="stmt"/>
        <line num="8" count="5" type="cond" truecount="2" falsecount="0"/>
        <line num="9" count="5" type="stmt"/>
        <line num="11" count="5" type="stmt"/>
        <line num="14" count="5" type="stmt"/>
        <line num="16" count="1" type="stmt"/>
      </file>
    </package>
    <package name="src.components">
      <metrics statements="1778" coveredstatements="1091" conditionals="198" coveredconditionals="109" methods="59" coveredmethods="45"/>
      <file name="AccountDashboard.jsx" path="C:\Users\alpha\Documents\Wits\2025\SD\Project\SD-Project\frontend\src\components\AccountDashboard.jsx">
        <metrics statements="27" coveredstatements="27" conditionals="2" coveredconditionals="1" methods="1" coveredmethods="1"/>
        <line num="1" count="1" type="stmt"/>
        <line num="2" count="1" type="stmt"/>
        <line num="3" count="1" type="stmt"/>
        <line num="4" count="1" type="stmt"/>
        <line num="5" count="1" type="stmt"/>
        <line num="6" count="1" type="stmt"/>
        <line num="7" count="1" type="stmt"/>
        <line num="10" count="1" type="cond" truecount="1" falsecount="0"/>
        <line num="12" count="1" type="stmt"/>
        <line num="14" count="1" type="stmt"/>
        <line num="15" count="1" type="cond" truecount="0" falsecount="1"/>
        <line num="16" count="1" type="stmt"/>
        <line num="17" count="1" type="stmt"/>
        <line num="19" count="1" type="stmt"/>
        <line num="20" count="1" type="stmt"/>
        <line num="26" count="1" type="stmt"/>
        <line num="27" count="1" type="stmt"/>
        <line num="28" count="1" type="stmt"/>
        <line num="33" count="1" type="stmt"/>
        <line num="35" count="1" type="stmt"/>
        <line num="36" count="1" type="stmt"/>
        <line num="39" count="1" type="stmt"/>
        <line num="40" count="1" type="stmt"/>
        <line num="45" count="1" type="stmt"/>
        <line num="46" count="1" type="stmt"/>
        <line num="51" count="1" type="stmt"/>
        <line num="53" count="1" type="stmt"/>
      </file>
      <file name="AccountInfoComponent.jsx" path="C:\Users\alpha\Documents\Wits\2025\SD\Project\SD-Project\frontend\src\components\AccountInfoComponent.jsx">
        <metrics statements="82" coveredstatements="77" conditionals="19" coveredconditionals="16" methods="5" coveredmethods="5"/>
        <line num="1" count="1" type="stmt"/>
        <line num="2" count="1" type="stmt"/>
        <line num="3" count="1" type="stmt"/>
        <line num="5" count="1" type="cond" truecount="1" falsecount="0"/>
        <line num="7" count="30" type="stmt"/>
        <line num="8" count="30" type="stmt"/>
        <line num="9" count="30" type="stmt"/>
        <line num="10" count="30" type="stmt"/>
        <line num="11" count="30" type="stmt"/>
        <line num="13" count="30" type="cond" truecount="1" falsecount="0"/>
        <line num="14" count="8" type="stmt"/>
        <line num="15" count="8" type="stmt"/>
        <line num="16" count="30" type="stmt"/>
        <line num="18" count="30" type="cond" truecount="1" falsecount="0"/>
        <line num="19" count="5" type="stmt"/>
        <line num="20" count="5" type="stmt"/>
        <line num="21" count="5" type="cond" truecount="0" falsecount="1"/>
        <line num="22" count="0" type="stmt"/>
        <line num="23" count="0" type="stmt"/>
        <line num="24" count="5" type="cond" truecount="0" falsecount="1"/>
        <line num="25" count="0" type="stmt"/>
        <line num="26" count="0" type="stmt"/>
        <line num="28" count="5" type="stmt"/>
        <line num="29" count="5" type="cond" truecount="1" falsecount="0"/>
        <line num="30" count="1" type="stmt"/>
        <line num="31" count="5" type="stmt"/>
        <line num="32" count="5" type="stmt"/>
        <line num="33" count="5" type="stmt"/>
        <line num="34" count="5" type="stmt"/>
        <line num="36" count="30" type="stmt"/>
        <line num="38" count="30" type="stmt"/>
        <line num="40" count="30" type="stmt"/>
        <line num="41" count="30" type="cond" truecount="1" falsecount="0"/>
        <line num="42" count="2" type="cond" truecount="1" falsecount="0"/>
        <line num="43" count="28" type="stmt"/>
        <line num="44" count="30" type="stmt"/>
        <line num="45" count="30" type="stmt"/>
        <line num="46" count="30" type="stmt"/>
        <line num="48" count="30" type="stmt"/>
        <line num="49" count="30" type="stmt"/>
        <line num="50" count="30" type="cond" truecount="1" falsecount="0"/>
        <line num="51" count="30" type="stmt"/>
        <line num="52" count="30" type="cond" truecount="1" falsecount="0"/>
        <line num="53" count="2" type="cond" truecount="1" falsecount="0"/>
        <line num="54" count="28" type="stmt"/>
        <line num="55" count="30" type="stmt"/>
        <line num="56" count="30" type="stmt"/>
        <line num="57" count="30" type="stmt"/>
        <line num="58" count="30" type="stmt"/>
        <line num="59" count="30" type="stmt"/>
        <line num="62" count="30" type="stmt"/>
        <line num="63" count="30" type="stmt"/>
        <line num="64" count="30" type="cond" truecount="1" falsecount="0"/>
        <line num="65" count="30" type="stmt"/>
        <line num="66" count="30" type="cond" truecount="1" falsecount="0"/>
        <line num="67" count="2" type="cond" truecount="1" falsecount="0"/>
        <line num="68" count="28" type="stmt"/>
        <line num="69" count="30" type="stmt"/>
        <line num="70" count="30" type="stmt"/>
        <line num="71" count="30" type="stmt"/>
        <line num="72" count="30" type="stmt"/>
        <line num="73" count="30" type="stmt"/>
        <line num="76" count="30" type="stmt"/>
        <line num="77" count="30" type="cond" truecount="1" falsecount="0"/>
        <line num="78" count="9" type="stmt"/>
        <line num="79" count="9" type="stmt"/>
        <line num="80" count="9" type="cond" truecount="0" falsecount="1"/>
        <line num="81" count="0" type="stmt"/>
        <line num="82" count="9" type="stmt"/>
        <line num="83" count="9" type="stmt"/>
        <line num="84" count="9" type="stmt"/>
        <line num="85" count="9" type="stmt"/>
        <line num="89" count="30" type="stmt"/>
        <line num="90" count="30" type="stmt"/>
        <line num="91" count="30" type="cond" truecount="1" falsecount="0"/>
        <line num="92" count="2" type="cond" truecount="1" falsecount="0"/>
        <line num="93" count="19" type="stmt"/>
        <line num="94" count="30" type="stmt"/>
        <line num="95" count="30" type="cond" truecount="1" falsecount="0"/>
        <line num="96" count="30" type="stmt"/>
        <line num="106" count="30" type="stmt"/>
        <line num="108" count="1" type="stmt"/>
      </file>
      <file name="AdminApplication.jsx" path="C:\Users\alpha\Documents\Wits\2025\SD\Project\SD-Project\frontend\src\components\AdminApplication.jsx">
        <metrics statements="144" coveredstatements="0" conditionals="1" coveredconditionals="0" methods="1" coveredmethods="0"/>
        <line num="1" count="0" type="cond" truecount="0" falsecount="1"/>
        <line num="2" count="0" type="stmt"/>
        <line num="3" count="0" type="stmt"/>
        <line num="4" count="0" type="stmt"/>
        <line num="5" count="0" type="stmt"/>
        <line num="7" count="0" type="stmt"/>
        <line num="8" count="0" type="stmt"/>
        <line num="9" count="0" type="stmt"/>
        <line num="11" count="0" type="stmt"/>
        <line num="12" count="0" type="stmt"/>
        <line num="13" count="0" type="stmt"/>
        <line num="14" count="0" type="stmt"/>
        <line num="15" count="0" type="stmt"/>
        <line num="17" count="0" type="stmt"/>
        <line num="18" count="0" type="stmt"/>
        <line num="19" count="0" type="stmt"/>
        <line num="20" count="0" type="stmt"/>
        <line num="21" count="0" type="stmt"/>
        <line num="22" count="0" type="stmt"/>
        <line num="23" count="0" type="stmt"/>
        <line num="24" count="0" type="stmt"/>
        <line num="26" count="0" type="stmt"/>
        <line num="27" count="0" type="stmt"/>
        <line num="28" count="0" type="stmt"/>
        <line num="29" count="0" type="stmt"/>
        <line num="31" count="0" type="stmt"/>
        <line num="32" count="0" type="stmt"/>
        <line num="33" count="0" type="stmt"/>
        <line num="34" count="0" type="stmt"/>
        <line num="35" count="0" type="stmt"/>
        <line num="37" count="0" type="stmt"/>
        <line num="38" count="0" type="stmt"/>
        <line num="39" count="0" type="stmt"/>
        <line num="40" count="0" type="stmt"/>
        <line num="41" count="0" type="stmt"/>
        <line num="42" count="0" type="stmt"/>
        <line num="43" count="0" type="stmt"/>
        <line num="44" count="0" type="stmt"/>
        <line num="46" count="0" type="stmt"/>
        <line num="47" count="0" type="stmt"/>
        <line num="48" count="0" type="stmt"/>
        <line num="49" count="0" type="stmt"/>
        <line num="50" count="0" type="stmt"/>
        <line num="51" count="0" type="stmt"/>
        <line num="52" count="0" type="stmt"/>
        <line num="54" count="0" type="stmt"/>
        <line num="55" count="0" type="stmt"/>
        <line num="57" count="0" type="stmt"/>
        <line num="58" count="0" type="stmt"/>
        <line num="59" count="0" type="stmt"/>
        <line num="60" count="0" type="stmt"/>
        <line num="62" count="0" type="stmt"/>
        <line num="63" count="0" type="stmt"/>
        <line num="64" count="0" type="stmt"/>
        <line num="66" count="0" type="stmt"/>
        <line num="67" count="0" type="stmt"/>
        <line num="68" count="0" type="stmt"/>
        <line num="70" count="0" type="stmt"/>
        <line num="71" count="0" type="stmt"/>
        <line num="72" count="0" type="stmt"/>
        <line num="73" count="0" type="stmt"/>
        <line num="75" count="0" type="stmt"/>
        <line num="77" count="0" type="stmt"/>
        <line num="78" count="0" type="stmt"/>
        <line num="79" count="0" type="stmt"/>
        <line num="81" count="0" type="stmt"/>
        <line num="82" count="0" type="stmt"/>
        <line num="83" count="0" type="stmt"/>
        <line num="84" count="0" type="stmt"/>
        <line num="85" count="0" type="stmt"/>
        <line num="86" count="0" type="stmt"/>
        <line num="87" count="0" type="stmt"/>
        <line num="88" count="0" type="stmt"/>
        <line num="89" count="0" type="stmt"/>
        <line num="91" count="0" type="stmt"/>
        <line num="92" count="0" type="stmt"/>
        <line num="93" count="0" type="stmt"/>
        <line num="94" count="0" type="stmt"/>
        <line num="95" count="0" type="stmt"/>
        <line num="96" count="0" type="stmt"/>
        <line num="98" count="0" type="stmt"/>
        <line num="99" count="0" type="stmt"/>
        <line num="101" count="0" type="stmt"/>
        <line num="102" count="0" type="stmt"/>
        <line num="104" count="0" type="stmt"/>
        <line num="105" count="0" type="stmt"/>
        <line num="106" count="0" type="stmt"/>
        <line num="107" count="0" type="stmt"/>
        <line num="108" count="0" type="stmt"/>
        <line num="109" count="0" type="stmt"/>
        <line num="110" count="0" type="stmt"/>
        <line num="111" count="0" type="stmt"/>
        <line num="112" count="0" type="stmt"/>
        <line num="113" count="0" type="stmt"/>
        <line num="114" count="0" type="stmt"/>
        <line num="116" count="0" type="stmt"/>
        <line num="117" count="0" type="stmt"/>
        <line num="118" count="0" type="stmt"/>
        <line num="119" count="0" type="stmt"/>
        <line num="120" count="0" type="stmt"/>
        <line num="122" count="0" type="stmt"/>
        <line num="123" count="0" type="stmt"/>
        <line num="124" count="0" type="stmt"/>
        <line num="129" count="0" type="stmt"/>
        <line num="130" count="0" type="stmt"/>
        <line num="131" count="0" type="stmt"/>
        <line num="132" count="0" type="stmt"/>
        <line num="133" count="0" type="stmt"/>
        <line num="134" count="0" type="stmt"/>
        <line num="136" count="0" type="stmt"/>
        <line num="138" count="0" type="stmt"/>
        <line num="139" count="0" type="stmt"/>
        <line num="141" count="0" type="stmt"/>
        <line num="142" count="0" type="stmt"/>
        <line num="143" count="0" type="stmt"/>
        <line num="144" count="0" type="stmt"/>
        <line num="145" count="0" type="stmt"/>
        <line num="146" count="0" type="stmt"/>
        <line num="147" count="0" type="stmt"/>
        <line num="148" count="0" type="stmt"/>
        <line num="149" count="0" type="stmt"/>
        <line num="150" count="0" type="stmt"/>
        <line num="153" count="0" type="stmt"/>
        <line num="156" count="0" type="stmt"/>
        <line num="157" count="0" type="stmt"/>
        <line num="158" count="0" type="stmt"/>
        <line num="159" count="0" type="stmt"/>
        <line num="160" count="0" type="stmt"/>
        <line num="161" count="0" type="stmt"/>
        <line num="162" count="0" type="stmt"/>
        <line num="163" count="0" type="stmt"/>
        <line num="164" count="0" type="stmt"/>
        <line num="167" count="0" type="stmt"/>
        <line num="170" count="0" type="stmt"/>
        <line num="171" count="0" type="stmt"/>
        <line num="172" count="0" type="stmt"/>
        <line num="173" count="0" type="stmt"/>
        <line num="174" count="0" type="stmt"/>
        <line num="175" count="0" type="stmt"/>
        <line num="176" count="0" type="stmt"/>
        <line num="177" count="0" type="stmt"/>
        <line num="179" count="0" type="stmt"/>
        <line num="186" count="0" type="stmt"/>
        <line num="188" count="0" type="stmt"/>
      </file>
      <file name="AdminManager.jsx" path="C:\Users\alpha\Documents\Wits\2025\SD\Project\SD-Project\frontend\src\components\AdminManager.jsx">
        <metrics statements="191" coveredstatements="6" conditionals="0" coveredconditionals="0" methods="1" coveredmethods="0"/>
        <line num="1" count="1" type="stmt"/>
        <line num="2" count="1" type="stmt"/>
        <line num="3" count="1" type="stmt"/>
        <line num="4" count="1" type="stmt"/>
        <line num="6" count="1" type="stmt"/>
        <line num="7" count="0" type="stmt"/>
        <line num="8" count="0" type="stmt"/>
        <line num="9" count="0" type="stmt"/>
        <line num="10" count="0" type="stmt"/>
        <line num="11" count="0" type="stmt"/>
        <line num="13" count="0" type="stmt"/>
        <line num="14" count="0" type="stmt"/>
        <line num="15" count="0" type="stmt"/>
        <line num="17" count="0" type="stmt"/>
        <line num="18" count="0" type="stmt"/>
        <line num="19" count="0" type="stmt"/>
        <line num="20" count="0" type="stmt"/>
        <line num="21" count="0" type="stmt"/>
        <line num="22" count="0" type="stmt"/>
        <line num="23" count="0" type="stmt"/>
        <line num="24" count="0" type="stmt"/>
        <line num="26" count="0" type="stmt"/>
        <line num="27" count="0" type="stmt"/>
        <line num="28" count="0" type="stmt"/>
        <line num="29" count="0" type="stmt"/>
        <line num="30" count="0" type="stmt"/>
        <line num="31" count="0" type="stmt"/>
        <line num="32" count="0" type="stmt"/>
        <line num="34" count="0" type="stmt"/>
        <line num="35" count="0" type="stmt"/>
        <line num="36" count="0" type="stmt"/>
        <line num="37" count="0" type="stmt"/>
        <line num="38" count="0" type="stmt"/>
        <line num="39" count="0" type="stmt"/>
        <line num="40" count="0" type="stmt"/>
        <line num="42" count="0" type="stmt"/>
        <line num="43" count="0" type="stmt"/>
        <line num="44" count="0" type="stmt"/>
        <line num="46" count="0" type="stmt"/>
        <line num="47" count="0" type="stmt"/>
        <line num="48" count="0" type="stmt"/>
        <line num="49" count="0" type="stmt"/>
        <line num="50" count="0" type="stmt"/>
        <line num="51" count="0" type="stmt"/>
        <line num="52" count="0" type="stmt"/>
        <line num="53" count="0" type="stmt"/>
        <line num="55" count="0" type="stmt"/>
        <line num="56" count="0" type="stmt"/>
        <line num="58" count="0" type="stmt"/>
        <line num="59" count="0" type="stmt"/>
        <line num="60" count="0" type="stmt"/>
        <line num="61" count="0" type="stmt"/>
        <line num="63" count="0" type="stmt"/>
        <line num="64" count="0" type="stmt"/>
        <line num="66" count="0" type="stmt"/>
        <line num="67" count="0" type="stmt"/>
        <line num="68" count="0" type="stmt"/>
        <line num="69" count="0" type="stmt"/>
        <line num="70" count="0" type="stmt"/>
        <line num="71" count="0" type="stmt"/>
        <line num="72" count="0" type="stmt"/>
        <line num="74" count="0" type="stmt"/>
        <line num="75" count="0" type="stmt"/>
        <line num="76" count="0" type="stmt"/>
        <line num="77" count="0" type="stmt"/>
        <line num="78" count="0" type="stmt"/>
        <line num="79" count="0" type="stmt"/>
        <line num="80" count="0" type="stmt"/>
        <line num="82" count="0" type="stmt"/>
        <line num="83" count="0" type="stmt"/>
        <line num="84" count="0" type="stmt"/>
        <line num="85" count="0" type="stmt"/>
        <line num="86" count="0" type="stmt"/>
        <line num="87" count="0" type="stmt"/>
        <line num="88" count="0" type="stmt"/>
        <line num="90" count="0" type="stmt"/>
        <line num="91" count="0" type="stmt"/>
        <line num="92" count="0" type="stmt"/>
        <line num="93" count="0" type="stmt"/>
        <line num="94" count="0" type="stmt"/>
        <line num="96" count="0" type="stmt"/>
        <line num="98" count="0" type="stmt"/>
        <line num="99" count="0" type="stmt"/>
        <line num="100" count="0" type="stmt"/>
        <line num="102" count="0" type="stmt"/>
        <line num="103" count="0" type="stmt"/>
        <line num="104" count="0" type="stmt"/>
        <line num="105" count="0" type="stmt"/>
        <line num="106" count="0" type="stmt"/>
        <line num="107" count="0" type="stmt"/>
        <line num="108" count="0" type="stmt"/>
        <line num="109" count="0" type="stmt"/>
        <line num="111" count="0" type="stmt"/>
        <line num="112" count="0" type="stmt"/>
        <line num="114" count="0" type="stmt"/>
        <line num="115" count="0" type="stmt"/>
        <line num="116" count="0" type="stmt"/>
        <line num="117" count="0" type="stmt"/>
        <line num="119" count="0" type="stmt"/>
        <line num="120" count="0" type="stmt"/>
        <line num="122" count="0" type="stmt"/>
        <line num="123" count="0" type="stmt"/>
        <line num="124" count="0" type="stmt"/>
        <line num="126" count="0" type="stmt"/>
        <line num="127" count="0" type="stmt"/>
        <line num="128" count="0" type="stmt"/>
        <line num="129" count="0" type="stmt"/>
        <line num="130" count="0" type="stmt"/>
        <line num="132" count="0" type="stmt"/>
        <line num="133" count="0" type="stmt"/>
        <line num="134" count="0" type="stmt"/>
        <line num="135" count="0" type="stmt"/>
        <line num="136" count="0" type="stmt"/>
        <line num="138" count="0" type="stmt"/>
        <line num="139" count="0" type="stmt"/>
        <line num="140" count="0" type="stmt"/>
        <line num="141" count="0" type="stmt"/>
        <line num="142" count="0" type="stmt"/>
        <line num="143" count="0" type="stmt"/>
        <line num="145" count="0" type="stmt"/>
        <line num="146" count="0" type="stmt"/>
        <line num="147" count="0" type="stmt"/>
        <line num="148" count="0" type="stmt"/>
        <line num="149" count="0" type="stmt"/>
        <line num="150" count="0" type="stmt"/>
        <line num="151" count="0" type="stmt"/>
        <line num="152" count="0" type="stmt"/>
        <line num="153" count="0" type="stmt"/>
        <line num="155" count="0" type="stmt"/>
        <line num="156" count="0" type="stmt"/>
        <line num="157" count="0" type="stmt"/>
        <line num="159" count="0" type="stmt"/>
        <line num="160" count="0" type="stmt"/>
        <line num="162" count="0" type="stmt"/>
        <line num="163" count="0" type="stmt"/>
        <line num="164" count="0" type="stmt"/>
        <line num="165" count="0" type="stmt"/>
        <line num="166" count="0" type="stmt"/>
        <line num="167" count="0" type="stmt"/>
        <line num="169" count="0" type="stmt"/>
        <line num="170" count="0" type="stmt"/>
        <line num="171" count="0" type="stmt"/>
        <line num="173" count="0" type="stmt"/>
        <line num="174" count="0" type="stmt"/>
        <line num="175" count="0" type="stmt"/>
        <line num="176" count="0" type="stmt"/>
        <line num="178" count="0" type="stmt"/>
        <line num="179" count="0" type="stmt"/>
        <line num="180" count="0" type="stmt"/>
        <line num="181" count="0" type="stmt"/>
        <line num="183" count="0" type="stmt"/>
        <line num="184" count="0" type="stmt"/>
        <line num="185" count="0" type="stmt"/>
        <line num="186" count="0" type="stmt"/>
        <line num="188" count="0" type="stmt"/>
        <line num="189" count="0" type="stmt"/>
        <line num="191" count="0" type="stmt"/>
        <line num="192" count="0" type="stmt"/>
        <line num="193" count="0" type="stmt"/>
        <line num="199" count="0" type="stmt"/>
        <line num="202" count="0" type="stmt"/>
        <line num="203" count="0" type="stmt"/>
        <line num="207" count="0" type="stmt"/>
        <line num="208" count="0" type="stmt"/>
        <line num="210" count="0" type="stmt"/>
        <line num="211" count="0" type="stmt"/>
        <line num="214" count="0" type="stmt"/>
        <line num="215" count="0" type="stmt"/>
        <line num="216" count="0" type="stmt"/>
        <line num="217" count="0" type="stmt"/>
        <line num="218" count="0" type="stmt"/>
        <line num="219" count="0" type="stmt"/>
        <line num="220" count="0" type="stmt"/>
        <line num="221" count="0" type="stmt"/>
        <line num="224" count="0" type="stmt"/>
        <line num="225" count="0" type="stmt"/>
        <line num="231" count="0" type="stmt"/>
        <line num="232" count="0" type="stmt"/>
        <line num="235" count="0" type="stmt"/>
        <line num="236" count="0" type="stmt"/>
        <line num="237" count="0" type="stmt"/>
        <line num="238" count="0" type="stmt"/>
        <line num="239" count="0" type="stmt"/>
        <line num="240" count="0" type="stmt"/>
        <line num="241" count="0" type="stmt"/>
        <line num="242" count="0" type="stmt"/>
        <line num="243" count="0" type="stmt"/>
        <line num="246" count="0" type="stmt"/>
        <line num="247" count="0" type="stmt"/>
        <line num="255" count="0" type="stmt"/>
        <line num="257" count="1" type="stmt"/>
      </file>
      <file name="AdminUserCard.jsx" path="C:\Users\alpha\Documents\Wits\2025\SD\Project\SD-Project\frontend\src\components\AdminUserCard.jsx">
        <metrics statements="29" coveredstatements="29" conditionals="9" coveredconditionals="6" methods="1" coveredmethods="1"/>
        <line num="1" count="1" type="stmt"/>
        <line num="2" count="1" type="stmt"/>
        <line num="4" count="1" type="cond" truecount="1" falsecount="0"/>
        <line num="5" count="4" type="stmt"/>
        <line num="7" count="4" type="stmt"/>
        <line num="8" count="4" type="stmt"/>
        <line num="9" count="4" type="cond" truecount="0" falsecount="1"/>
        <line num="10" count="4" type="stmt"/>
        <line num="11" count="4" type="stmt"/>
        <line num="12" count="4" type="stmt"/>
        <line num="13" count="4" type="cond" truecount="0" falsecount="1"/>
        <line num="14" count="4" type="cond" truecount="0" falsecount="1"/>
        <line num="15" count="4" type="stmt"/>
        <line num="16" count="4" type="stmt"/>
        <line num="21" count="4" type="stmt"/>
        <line num="22" count="4" type="stmt"/>
        <line num="23" count="4" type="stmt"/>
        <line num="24" count="4" type="stmt"/>
        <line num="25" count="4" type="cond" truecount="1" falsecount="0"/>
        <line num="26" count="2" type="cond" truecount="1" falsecount="0"/>
        <line num="27" count="2" type="stmt"/>
        <line num="28" count="4" type="stmt"/>
        <line num="30" count="4" type="cond" truecount="2" falsecount="0"/>
        <line num="32" count="4" type="cond" truecount="1" falsecount="0"/>
        <line num="33" count="4" type="stmt"/>
        <line num="34" count="4" type="stmt"/>
        <line num="35" count="4" type="stmt"/>
        <line num="36" count="4" type="stmt"/>
        <line num="44" count="4" type="stmt"/>
      </file>
      <file name="AuthenticatedRoute.jsx" path="C:\Users\alpha\Documents\Wits\2025\SD\Project\SD-Project\frontend\src\components\AuthenticatedRoute.jsx">
        <metrics statements="12" coveredstatements="12" conditionals="2" coveredconditionals="2" methods="1" coveredmethods="1"/>
        <line num="1" count="1" type="stmt"/>
        <line num="2" count="1" type="stmt"/>
        <line num="3" count="1" type="stmt"/>
        <line num="4" count="1" type="stmt"/>
        <line num="6" count="1" type="cond" truecount="1" falsecount="0"/>
        <line num="7" count="2" type="stmt"/>
        <line num="9" count="2" type="stmt"/>
        <line num="11" count="2" type="stmt"/>
        <line num="12" count="2" type="stmt"/>
        <line num="13" count="2" type="cond" truecount="1" falsecount="0"/>
        <line num="16" count="2" type="stmt"/>
        <line num="18" count="1" type="stmt"/>
      </file>
      <file name="ChangePasswordComponent.jsx" path="C:\Users\alpha\Documents\Wits\2025\SD\Project\SD-Project\frontend\src\components\ChangePasswordComponent.jsx">
        <metrics statements="89" coveredstatements="88" conditionals="23" coveredconditionals="22" methods="4" coveredmethods="4"/>
        <line num="1" count="1" type="stmt"/>
        <line num="2" count="1" type="stmt"/>
        <line num="3" count="1" type="stmt"/>
        <line num="5" count="1" type="cond" truecount="1" falsecount="0"/>
        <line num="7" count="17" type="stmt"/>
        <line num="8" count="17" type="stmt"/>
        <line num="9" count="17" type="stmt"/>
        <line num="10" count="17" type="stmt"/>
        <line num="11" count="17" type="stmt"/>
        <line num="12" count="17" type="stmt"/>
        <line num="13" count="17" type="stmt"/>
        <line num="14" count="17" type="stmt"/>
        <line num="16" count="17" type="cond" truecount="1" falsecount="0"/>
        <line num="17" count="3" type="stmt"/>
        <line num="19" count="3" type="cond" truecount="1" falsecount="0"/>
        <line num="20" count="1" type="stmt"/>
        <line num="21" count="1" type="stmt"/>
        <line num="22" count="1" type="cond" truecount="1" falsecount="0"/>
        <line num="24" count="2" type="stmt"/>
        <line num="25" count="2" type="stmt"/>
        <line num="26" count="2" type="stmt"/>
        <line num="27" count="3" type="cond" truecount="1" falsecount="0"/>
        <line num="28" count="1" type="stmt"/>
        <line num="29" count="1" type="stmt"/>
        <line num="30" count="1" type="stmt"/>
        <line num="31" count="1" type="stmt"/>
        <line num="32" count="1" type="stmt"/>
        <line num="33" count="1" type="stmt"/>
        <line num="34" count="1" type="stmt"/>
        <line num="35" count="1" type="stmt"/>
        <line num="36" count="3" type="cond" truecount="0" falsecount="1"/>
        <line num="37" count="0" type="stmt"/>
        <line num="38" count="3" type="cond" truecount="1" falsecount="0"/>
        <line num="39" count="2" type="stmt"/>
        <line num="40" count="2" type="stmt"/>
        <line num="41" count="3" type="stmt"/>
        <line num="43" count="17" type="stmt"/>
        <line num="44" count="17" type="stmt"/>
        <line num="45" count="17" type="cond" truecount="2" falsecount="0"/>
        <line num="46" count="17" type="stmt"/>
        <line num="47" count="17" type="stmt"/>
        <line num="48" count="17" type="stmt"/>
        <line num="49" count="17" type="cond" truecount="1" falsecount="0"/>
        <line num="50" count="1" type="cond" truecount="1" falsecount="0"/>
        <line num="51" count="16" type="stmt"/>
        <line num="52" count="17" type="stmt"/>
        <line num="53" count="17" type="stmt"/>
        <line num="55" count="17" type="stmt"/>
        <line num="56" count="17" type="stmt"/>
        <line num="59" count="17" type="stmt"/>
        <line num="60" count="17" type="stmt"/>
        <line num="63" count="17" type="stmt"/>
        <line num="65" count="17" type="stmt"/>
        <line num="66" count="17" type="stmt"/>
        <line num="67" count="17" type="cond" truecount="1" falsecount="0"/>
        <line num="68" count="17" type="stmt"/>
        <line num="69" count="17" type="cond" truecount="1" falsecount="0"/>
        <line num="70" count="1" type="cond" truecount="1" falsecount="0"/>
        <line num="71" count="16" type="stmt"/>
        <line num="72" count="17" type="stmt"/>
        <line num="73" count="17" type="stmt"/>
        <line num="74" count="17" type="cond" truecount="2" falsecount="0"/>
        <line num="75" count="17" type="stmt"/>
        <line num="76" count="17" type="stmt"/>
        <line num="77" count="17" type="stmt"/>
        <line num="80" count="17" type="stmt"/>
        <line num="81" count="17" type="stmt"/>
        <line num="82" count="17" type="cond" truecount="1" falsecount="0"/>
        <line num="83" count="17" type="stmt"/>
        <line num="84" count="17" type="cond" truecount="1" falsecount="0"/>
        <line num="85" count="1" type="cond" truecount="1" falsecount="0"/>
        <line num="86" count="16" type="stmt"/>
        <line num="87" count="17" type="stmt"/>
        <line num="88" count="17" type="stmt"/>
        <line num="89" count="17" type="stmt"/>
        <line num="90" count="17" type="stmt"/>
        <line num="91" count="17" type="stmt"/>
        <line num="92" count="17" type="stmt"/>
        <line num="95" count="17" type="stmt"/>
        <line num="96" count="17" type="stmt"/>
        <line num="97" count="17" type="cond" truecount="1" falsecount="0"/>
        <line num="98" count="1" type="cond" truecount="1" falsecount="0"/>
        <line num="99" count="16" type="stmt"/>
        <line num="100" count="17" type="stmt"/>
        <line num="101" count="17" type="stmt"/>
        <line num="102" count="17" type="stmt"/>
        <line num="104" count="17" type="cond" truecount="2" falsecount="0"/>
        <line num="110" count="17" type="stmt"/>
        <line num="112" count="1" type="stmt"/>
      </file>
      <file name="ContactForm.jsx" path="C:\Users\alpha\Documents\Wits\2025\SD\Project\SD-Project\frontend\src\components\ContactForm.jsx">
        <metrics statements="108" coveredstatements="82" conditionals="14" coveredconditionals="3" methods="3" coveredmethods="3"/>
        <line num="1" count="1" type="stmt"/>
        <line num="2" count="1" type="stmt"/>
        <line num="3" count="1" type="stmt"/>
        <line num="4" count="1" type="stmt"/>
        <line num="5" count="1" type="stmt"/>
        <line num="7" count="1" type="cond" truecount="1" falsecount="0"/>
        <line num="8" count="5" type="stmt"/>
        <line num="9" count="5" type="stmt"/>
        <line num="11" count="5" type="stmt"/>
        <line num="12" count="5" type="stmt"/>
        <line num="13" count="5" type="stmt"/>
        <line num="15" count="5" type="cond" truecount="1" falsecount="0"/>
        <line num="16" count="2" type="stmt"/>
        <line num="17" count="2" type="stmt"/>
        <line num="18" count="2" type="stmt"/>
        <line num="19" count="2" type="stmt"/>
        <line num="21" count="2" type="stmt"/>
        <line num="22" count="2" type="stmt"/>
        <line num="23" count="2" type="cond" truecount="0" falsecount="1"/>
        <line num="24" count="0" type="stmt"/>
        <line num="25" count="2" type="stmt"/>
        <line num="27" count="2" type="stmt"/>
        <line num="28" count="2" type="stmt"/>
        <line num="29" count="2" type="stmt"/>
        <line num="31" count="5" type="cond" truecount="1" falsecount="0"/>
        <line num="32" count="2" type="stmt"/>
        <line num="33" count="2" type="cond" truecount="0" falsecount="1"/>
        <line num="35" count="0" type="stmt"/>
        <line num="36" count="0" type="stmt"/>
        <line num="38" count="0" type="stmt"/>
        <line num="39" count="0" type="stmt"/>
        <line num="40" count="0" type="stmt"/>
        <line num="41" count="0" type="stmt"/>
        <line num="42" count="0" type="stmt"/>
        <line num="43" count="0" type="stmt"/>
        <line num="45" count="0" type="stmt"/>
        <line num="46" count="0" type="stmt"/>
        <line num="47" count="0" type="stmt"/>
        <line num="48" count="0" type="stmt"/>
        <line num="49" count="0" type="stmt"/>
        <line num="50" count="0" type="stmt"/>
        <line num="51" count="0" type="stmt"/>
        <line num="52" count="0" type="stmt"/>
        <line num="53" count="0" type="stmt"/>
        <line num="54" count="0" type="stmt"/>
        <line num="55" count="0" type="stmt"/>
        <line num="56" count="0" type="stmt"/>
        <line num="58" count="5" type="stmt"/>
        <line num="59" count="5" type="stmt"/>
        <line num="60" count="5" type="stmt"/>
        <line num="61" count="5" type="cond" truecount="0" falsecount="1"/>
        <line num="62" count="5" type="stmt"/>
        <line num="64" count="5" type="stmt"/>
        <line num="65" count="5" type="stmt"/>
        <line num="67" count="5" type="stmt"/>
        <line num="68" count="5" type="stmt"/>
        <line num="73" count="5" type="stmt"/>
        <line num="74" count="5" type="stmt"/>
        <line num="75" count="5" type="cond" truecount="0" falsecount="1"/>
        <line num="76" count="0" type="stmt"/>
        <line num="77" count="5" type="stmt"/>
        <line num="78" count="5" type="stmt"/>
        <line num="80" count="5" type="stmt"/>
        <line num="82" count="5" type="stmt"/>
        <line num="83" count="5" type="stmt"/>
        <line num="84" count="5" type="stmt"/>
        <line num="85" count="5" type="stmt"/>
        <line num="86" count="5" type="stmt"/>
        <line num="87" count="5" type="stmt"/>
        <line num="88" count="5" type="stmt"/>
        <line num="89" count="5" type="cond" truecount="0" falsecount="1"/>
        <line num="90" count="0" type="stmt"/>
        <line num="91" count="5" type="stmt"/>
        <line num="94" count="5" type="stmt"/>
        <line num="95" count="5" type="stmt"/>
        <line num="99" count="5" type="stmt"/>
        <line num="100" count="5" type="stmt"/>
        <line num="101" count="5" type="stmt"/>
        <line num="102" count="5" type="stmt"/>
        <line num="103" count="5" type="stmt"/>
        <line num="104" count="5" type="stmt"/>
        <line num="105" count="5" type="cond" truecount="0" falsecount="1"/>
        <line num="106" count="0" type="stmt"/>
        <line num="107" count="5" type="stmt"/>
        <line num="110" count="5" type="stmt"/>
        <line num="111" count="5" type="stmt"/>
        <line num="115" count="5" type="stmt"/>
        <line num="116" count="5" type="stmt"/>
        <line num="117" count="5" type="stmt"/>
        <line num="118" count="5" type="stmt"/>
        <line num="119" count="5" type="stmt"/>
        <line num="120" count="5" type="stmt"/>
        <line num="121" count="5" type="cond" truecount="0" falsecount="1"/>
        <line num="122" count="0" type="stmt"/>
        <line num="123" count="5" type="stmt"/>
        <line num="126" count="5" type="stmt"/>
        <line num="127" count="5" type="stmt"/>
        <line num="131" count="5" type="stmt"/>
        <line num="132" count="5" type="stmt"/>
        <line num="133" count="5" type="stmt"/>
        <line num="134" count="5" type="stmt"/>
        <line num="135" count="5" type="cond" truecount="0" falsecount="1"/>
        <line num="136" count="0" type="stmt"/>
        <line num="137" count="5" type="stmt"/>
        <line num="138" count="5" type="cond" truecount="0" falsecount="1"/>
        <line num="140" count="5" type="cond" truecount="0" falsecount="2"/>
        <line num="146" count="5" type="stmt"/>
        <line num="148" count="1" type="stmt"/>
      </file>
      <file name="Dashboard.jsx" path="C:\Users\alpha\Documents\Wits\2025\SD\Project\SD-Project\frontend\src\components\Dashboard.jsx">
        <metrics statements="72" coveredstatements="70" conditionals="15" coveredconditionals="2" methods="6" coveredmethods="2"/>
        <line num="1" count="1" type="stmt"/>
        <line num="2" count="1" type="stmt"/>
        <line num="3" count="1" type="stmt"/>
        <line num="4" count="1" type="stmt"/>
        <line num="5" count="1" type="stmt"/>
        <line num="6" count="1" type="stmt"/>
        <line num="7" count="1" type="stmt"/>
        <line num="8" count="1" type="stmt"/>
        <line num="9" count="1" type="stmt"/>
        <line num="16" count="1" type="cond" truecount="1" falsecount="0"/>
        <line num="17" count="2" type="stmt"/>
        <line num="18" count="2" type="stmt"/>
        <line num="19" count="2" type="stmt"/>
        <line num="20" count="2" type="stmt"/>
        <line num="21" count="2" type="stmt"/>
        <line num="23" count="2" type="cond" truecount="1" falsecount="0"/>
        <line num="24" count="1" type="stmt"/>
        <line num="25" count="1" type="stmt"/>
        <line num="26" count="1" type="stmt"/>
        <line num="27" count="1" type="cond" truecount="0" falsecount="1"/>
        <line num="28" count="0" type="stmt"/>
        <line num="29" count="0" type="stmt"/>
        <line num="30" count="1" type="stmt"/>
        <line num="32" count="2" type="stmt"/>
        <line num="33" count="2" type="stmt"/>
        <line num="34" count="2" type="stmt"/>
        <line num="35" count="2" type="cond" truecount="0" falsecount="1"/>
        <line num="36" count="2" type="stmt"/>
        <line num="39" count="2" type="stmt"/>
        <line num="40" count="2" type="stmt"/>
        <line num="41" count="2" type="cond" truecount="0" falsecount="1"/>
        <line num="42" count="2" type="cond" truecount="0" falsecount="1"/>
        <line num="43" count="2" type="stmt"/>
        <line num="44" count="2" type="stmt"/>
        <line num="46" count="2" type="stmt"/>
        <line num="47" count="2" type="stmt"/>
        <line num="48" count="2" type="stmt"/>
        <line num="49" count="2" type="cond" truecount="0" falsecount="1"/>
        <line num="50" count="2" type="stmt"/>
        <line num="52" count="2" type="cond" truecount="0" falsecount="1"/>
        <line num="55" count="2" type="stmt"/>
        <line num="56" count="2" type="stmt"/>
        <line num="57" count="2" type="stmt"/>
        <line num="58" count="2" type="stmt"/>
        <line num="59" count="2" type="stmt"/>
        <line num="60" count="2" type="cond" truecount="0" falsecount="1"/>
        <line num="61" count="2" type="stmt"/>
        <line num="63" count="2" type="cond" truecount="0" falsecount="1"/>
        <line num="67" count="2" type="stmt"/>
        <line num="68" count="2" type="stmt"/>
        <line num="69" count="2" type="stmt"/>
        <line num="70" count="2" type="stmt"/>
        <line num="71" count="2" type="cond" truecount="0" falsecount="1"/>
        <line num="72" count="2" type="stmt"/>
        <line num="74" count="2" type="cond" truecount="0" falsecount="1"/>
        <line num="80" count="2" type="stmt"/>
        <line num="81" count="2" type="stmt"/>
        <line num="82" count="2" type="stmt"/>
        <line num="83" count="2" type="cond" truecount="0" falsecount="1"/>
        <line num="87" count="2" type="stmt"/>
        <line num="88" count="2" type="stmt"/>
        <line num="89" count="2" type="stmt"/>
        <line num="91" count="2" type="cond" truecount="0" falsecount="1"/>
        <line num="97" count="2" type="stmt"/>
        <line num="98" count="2" type="stmt"/>
        <line num="99" count="2" type="cond" truecount="0" falsecount="1"/>
        <line num="100" count="2" type="stmt"/>
        <line num="102" count="2" type="stmt"/>
        <line num="103" count="2" type="stmt"/>
        <line num="105" count="2" type="stmt"/>
        <line num="109" count="2" type="stmt"/>
        <line num="111" count="1" type="stmt"/>
      </file>
      <file name="FileManagerPage.jsx" path="C:\Users\alpha\Documents\Wits\2025\SD\Project\SD-Project\frontend\src\components\FileManagerPage.jsx">
        <metrics statements="82" coveredstatements="71" conditionals="4" coveredconditionals="4" methods="5" coveredmethods="3"/>
        <line num="1" count="1" type="stmt"/>
        <line num="2" count="1" type="stmt"/>
        <line num="3" count="1" type="stmt"/>
        <line num="4" count="1" type="stmt"/>
        <line num="5" count="1" type="stmt"/>
        <line num="6" count="1" type="stmt"/>
        <line num="15" count="1" type="cond" truecount="1" falsecount="0"/>
        <line num="16" count="2" type="stmt"/>
        <line num="17" count="2" type="stmt"/>
        <line num="18" count="2" type="stmt"/>
        <line num="20" count="2" type="stmt"/>
        <line num="21" count="2" type="stmt"/>
        <line num="22" count="2" type="stmt"/>
        <line num="23" count="2" type="cond" truecount="1" falsecount="0"/>
        <line num="24" count="2" type="cond" truecount="1" falsecount="0"/>
        <line num="25" count="2" type="stmt"/>
        <line num="27" count="2" type="stmt"/>
        <line num="28" count="2" type="stmt"/>
        <line num="29" count="2" type="cond" truecount="1" falsecount="0"/>
        <line num="30" count="2" type="stmt"/>
        <line num="34" count="2" type="stmt"/>
        <line num="35" count="2" type="stmt"/>
        <line num="36" count="2" type="stmt"/>
        <line num="37" count="0" type="stmt"/>
        <line num="38" count="0" type="stmt"/>
        <line num="39" count="0" type="stmt"/>
        <line num="40" count="0" type="stmt"/>
        <line num="41" count="0" type="stmt"/>
        <line num="42" count="0" type="stmt"/>
        <line num="43" count="0" type="stmt"/>
        <line num="44" count="0" type="stmt"/>
        <line num="45" count="0" type="stmt"/>
        <line num="46" count="0" type="stmt"/>
        <line num="47" count="0" type="stmt"/>
        <line num="49" count="2" type="stmt"/>
        <line num="50" count="2" type="stmt"/>
        <line num="51" count="2" type="stmt"/>
        <line num="52" count="2" type="stmt"/>
        <line num="53" count="2" type="stmt"/>
        <line num="54" count="2" type="stmt"/>
        <line num="55" count="2" type="stmt"/>
        <line num="56" count="2" type="stmt"/>
        <line num="57" count="2" type="stmt"/>
        <line num="58" count="2" type="stmt"/>
        <line num="60" count="2" type="stmt"/>
        <line num="61" count="2" type="stmt"/>
        <line num="62" count="2" type="stmt"/>
        <line num="65" count="2" type="stmt"/>
        <line num="67" count="2" type="stmt"/>
        <line num="68" count="2" type="stmt"/>
        <line num="69" count="2" type="stmt"/>
        <line num="70" count="2" type="stmt"/>
        <line num="71" count="2" type="stmt"/>
        <line num="72" count="2" type="stmt"/>
        <line num="73" count="2" type="stmt"/>
        <line num="74" count="2" type="stmt"/>
        <line num="76" count="2" type="stmt"/>
        <line num="77" count="2" type="stmt"/>
        <line num="78" count="2" type="stmt"/>
        <line num="79" count="2" type="stmt"/>
        <line num="80" count="2" type="stmt"/>
        <line num="81" count="2" type="stmt"/>
        <line num="82" count="2" type="stmt"/>
        <line num="83" count="2" type="stmt"/>
        <line num="84" count="2" type="stmt"/>
        <line num="85" count="2" type="stmt"/>
        <line num="88" count="2" type="stmt"/>
        <line num="89" count="2" type="stmt"/>
        <line num="90" count="2" type="stmt"/>
        <line num="91" count="2" type="stmt"/>
        <line num="92" count="2" type="stmt"/>
        <line num="93" count="2" type="stmt"/>
        <line num="94" count="2" type="stmt"/>
        <line num="95" count="2" type="stmt"/>
        <line num="96" count="2" type="stmt"/>
        <line num="97" count="2" type="stmt"/>
        <line num="98" count="2" type="stmt"/>
        <line num="99" count="2" type="stmt"/>
        <line num="100" count="2" type="stmt"/>
        <line num="101" count="2" type="stmt"/>
        <line num="102" count="2" type="stmt"/>
        <line num="109" count="2" type="stmt"/>
      </file>
      <file name="ForgotPassword.jsx" path="C:\Users\alpha\Documents\Wits\2025\SD\Project\SD-Project\frontend\src\components\ForgotPassword.jsx">
        <metrics statements="70" coveredstatements="66" conditionals="13" coveredconditionals="8" methods="3" coveredmethods="3"/>
        <line num="1" count="1" type="stmt"/>
        <line num="2" count="1" type="stmt"/>
        <line num="3" count="1" type="stmt"/>
        <line num="4" count="1" type="stmt"/>
        <line num="5" count="1" type="stmt"/>
        <line num="7" count="1" type="cond" truecount="1" falsecount="0"/>
        <line num="9" count="13" type="stmt"/>
        <line num="10" count="13" type="stmt"/>
        <line num="11" count="13" type="stmt"/>
        <line num="12" count="13" type="stmt"/>
        <line num="13" count="13" type="stmt"/>
        <line num="14" count="13" type="stmt"/>
        <line num="17" count="13" type="cond" truecount="1" falsecount="0"/>
        <line num="18" count="3" type="stmt"/>
        <line num="19" count="3" type="stmt"/>
        <line num="20" count="3" type="stmt"/>
        <line num="21" count="3" type="stmt"/>
        <line num="22" count="3" type="cond" truecount="1" falsecount="0"/>
        <line num="23" count="2" type="stmt"/>
        <line num="24" count="3" type="cond" truecount="1" falsecount="0"/>
        <line num="25" count="1" type="stmt"/>
        <line num="26" count="1" type="stmt"/>
        <line num="27" count="3" type="cond" truecount="0" falsecount="1"/>
        <line num="28" count="0" type="stmt"/>
        <line num="29" count="3" type="stmt"/>
        <line num="30" count="3" type="stmt"/>
        <line num="31" count="3" type="stmt"/>
        <line num="32" count="3" type="stmt"/>
        <line num="34" count="13" type="stmt"/>
        <line num="35" count="13" type="stmt"/>
        <line num="36" count="13" type="stmt"/>
        <line num="37" count="13" type="cond" truecount="0" falsecount="1"/>
        <line num="38" count="13" type="stmt"/>
        <line num="40" count="13" type="stmt"/>
        <line num="41" count="13" type="stmt"/>
        <line num="43" count="13" type="stmt"/>
        <line num="44" count="13" type="stmt"/>
        <line num="49" count="13" type="stmt"/>
        <line num="50" count="13" type="stmt"/>
        <line num="51" count="13" type="cond" truecount="0" falsecount="1"/>
        <line num="52" count="0" type="stmt"/>
        <line num="53" count="13" type="stmt"/>
        <line num="54" count="13" type="stmt"/>
        <line num="56" count="13" type="stmt"/>
        <line num="58" count="13" type="cond" truecount="1" falsecount="0"/>
        <line num="59" count="13" type="stmt"/>
        <line num="62" count="13" type="stmt"/>
        <line num="63" count="13" type="stmt"/>
        <line num="66" count="13" type="stmt"/>
        <line num="67" count="13" type="stmt"/>
        <line num="68" count="13" type="cond" truecount="1" falsecount="0"/>
        <line num="69" count="13" type="stmt"/>
        <line num="70" count="13" type="cond" truecount="0" falsecount="1"/>
        <line num="71" count="0" type="stmt"/>
        <line num="72" count="13" type="stmt"/>
        <line num="73" count="13" type="stmt"/>
        <line num="74" count="13" type="stmt"/>
        <line num="75" count="13" type="stmt"/>
        <line num="76" count="13" type="stmt"/>
        <line num="79" count="13" type="stmt"/>
        <line num="80" count="13" type="stmt"/>
        <line num="81" count="13" type="cond" truecount="0" falsecount="1"/>
        <line num="82" count="0" type="stmt"/>
        <line num="83" count="13" type="stmt"/>
        <line num="84" count="13" type="stmt"/>
        <line num="85" count="13" type="stmt"/>
        <line num="86" count="13" type="stmt"/>
        <line num="88" count="13" type="cond" truecount="2" falsecount="0"/>
        <line num="94" count="13" type="stmt"/>
        <line num="96" count="1" type="stmt"/>
      </file>
      <file name="IdentitiesComponent.jsx" path="C:\Users\alpha\Documents\Wits\2025\SD\Project\SD-Project\frontend\src\components\IdentitiesComponent.jsx">
        <metrics statements="33" coveredstatements="33" conditionals="5" coveredconditionals="4" methods="1" coveredmethods="1"/>
        <line num="1" count="1" type="stmt"/>
        <line num="2" count="1" type="stmt"/>
        <line num="3" count="1" type="stmt"/>
        <line num="4" count="1" type="stmt"/>
        <line num="6" count="1" type="cond" truecount="1" falsecount="0"/>
        <line num="7" count="10" type="stmt"/>
        <line num="8" count="10" type="stmt"/>
        <line num="10" count="10" type="stmt"/>
        <line num="11" count="10" type="stmt"/>
        <line num="15" count="10" type="cond" truecount="1" falsecount="0"/>
        <line num="17" count="5" type="stmt"/>
        <line num="18" count="5" type="cond" truecount="0" falsecount="1"/>
        <line num="20" count="5" type="stmt"/>
        <line num="21" count="5" type="stmt"/>
        <line num="22" count="5" type="stmt"/>
        <line num="23" count="5" type="stmt"/>
        <line num="24" count="5" type="stmt"/>
        <line num="25" count="5" type="stmt"/>
        <line num="26" count="5" type="stmt"/>
        <line num="27" count="10" type="stmt"/>
        <line num="29" count="10" type="stmt"/>
        <line num="30" count="10" type="stmt"/>
        <line num="31" count="10" type="stmt"/>
        <line num="32" count="10" type="cond" truecount="1" falsecount="0"/>
        <line num="33" count="2" type="cond" truecount="1" falsecount="0"/>
        <line num="34" count="8" type="stmt"/>
        <line num="35" count="10" type="stmt"/>
        <line num="36" count="10" type="stmt"/>
        <line num="37" count="10" type="stmt"/>
        <line num="38" count="10" type="stmt"/>
        <line num="39" count="10" type="stmt"/>
        <line num="47" count="10" type="stmt"/>
        <line num="49" count="1" type="stmt"/>
      </file>
      <file name="IdentityCardComponent.jsx" path="C:\Users\alpha\Documents\Wits\2025\SD\Project\SD-Project\frontend\src\components\IdentityCardComponent.jsx">
        <metrics statements="13" coveredstatements="13" conditionals="4" coveredconditionals="4" methods="1" coveredmethods="1"/>
        <line num="1" count="1" type="stmt"/>
        <line num="2" count="1" type="stmt"/>
        <line num="4" count="1" type="cond" truecount="1" falsecount="0"/>
        <line num="5" count="4" type="stmt"/>
        <line num="7" count="4" type="stmt"/>
        <line num="8" count="4" type="stmt"/>
        <line num="9" count="4" type="cond" truecount="1" falsecount="0"/>
        <line num="10" count="1" type="cond" truecount="1" falsecount="0"/>
        <line num="11" count="3" type="stmt"/>
        <line num="12" count="4" type="stmt"/>
        <line num="13" count="4" type="cond" truecount="1" falsecount="0"/>
        <line num="17" count="4" type="stmt"/>
        <line num="19" count="1" type="stmt"/>
      </file>
      <file name="LandingPage.jsx" path="C:\Users\alpha\Documents\Wits\2025\SD\Project\SD-Project\frontend\src\components\LandingPage.jsx">
        <metrics statements="131" coveredstatements="108" conditionals="18" coveredconditionals="3" methods="5" coveredmethods="2"/>
        <line num="1" count="1" type="stmt"/>
        <line num="2" count="1" type="stmt"/>
        <line num="3" count="1" type="stmt"/>
        <line num="4" count="1" type="stmt"/>
        <line num="5" count="1" type="stmt"/>
        <line num="6" count="1" type="stmt"/>
        <line num="7" count="1" type="stmt"/>
        <line num="8" count="1" type="stmt"/>
        <line num="9" count="1" type="stmt"/>
        <line num="10" count="1" type="stmt"/>
        <line num="11" count="1" type="stmt"/>
        <line num="12" count="1" type="stmt"/>
        <line num="18" count="1" type="cond" truecount="1" falsecount="0"/>
        <line num="19" count="2" type="stmt"/>
        <line num="20" count="2" type="stmt"/>
        <line num="21" count="2" type="stmt"/>
        <line num="22" count="2" type="stmt"/>
        <line num="23" count="2" type="stmt"/>
        <line num="24" count="2" type="stmt"/>
        <line num="26" count="2" type="stmt"/>
        <line num="27" count="2" type="stmt"/>
        <line num="28" count="2" type="stmt"/>
        <line num="29" count="2" type="stmt"/>
        <line num="31" count="2" type="stmt"/>
        <line num="32" count="0" type="stmt"/>
        <line num="33" count="0" type="stmt"/>
        <line num="34" count="0" type="stmt"/>
        <line num="35" count="0" type="stmt"/>
        <line num="36" count="0" type="stmt"/>
        <line num="37" count="0" type="stmt"/>
        <line num="38" count="0" type="stmt"/>
        <line num="39" count="0" type="stmt"/>
        <line num="41" count="2" type="cond" truecount="1" falsecount="0"/>
        <line num="42" count="2" type="cond" truecount="1" falsecount="0"/>
        <line num="43" count="2" type="cond" truecount="0" falsecount="1"/>
        <line num="44" count="0" type="stmt"/>
        <line num="45" count="0" type="stmt"/>
        <line num="46" count="0" type="stmt"/>
        <line num="47" count="0" type="stmt"/>
        <line num="51" count="0" type="stmt"/>
        <line num="52" count="0" type="stmt"/>
        <line num="53" count="0" type="stmt"/>
        <line num="54" count="0" type="stmt"/>
        <line num="55" count="0" type="stmt"/>
        <line num="56" count="0" type="stmt"/>
        <line num="57" count="0" type="stmt"/>
        <line num="58" count="0" type="stmt"/>
        <line num="59" count="2" type="stmt"/>
        <line num="61" count="2" type="stmt"/>
        <line num="62" count="2" type="stmt"/>
        <line num="65" count="2" type="stmt"/>
        <line num="68" count="2" type="cond" truecount="0" falsecount="1"/>
        <line num="72" count="2" type="stmt"/>
        <line num="73" count="2" type="stmt"/>
        <line num="74" count="2" type="stmt"/>
        <line num="75" count="2" type="stmt"/>
        <line num="76" count="2" type="stmt"/>
        <line num="77" count="2" type="stmt"/>
        <line num="78" count="2" type="stmt"/>
        <line num="79" count="2" type="stmt"/>
        <line num="80" count="2" type="stmt"/>
        <line num="81" count="2" type="stmt"/>
        <line num="88" count="2" type="stmt"/>
        <line num="89" count="2" type="cond" truecount="0" falsecount="2"/>
        <line num="90" count="2" type="stmt"/>
        <line num="91" count="2" type="stmt"/>
        <line num="93" count="2" type="stmt"/>
        <line num="104" count="2" type="stmt"/>
        <line num="105" count="2" type="cond" truecount="0" falsecount="1"/>
        <line num="107" count="2" type="cond" truecount="0" falsecount="1"/>
        <line num="110" count="2" type="stmt"/>
        <line num="112" count="2" type="stmt"/>
        <line num="113" count="2" type="stmt"/>
        <line num="114" count="2" type="cond" truecount="0" falsecount="1"/>
        <line num="118" count="2" type="stmt"/>
        <line num="119" count="2" type="stmt"/>
        <line num="120" count="2" type="cond" truecount="0" falsecount="1"/>
        <line num="128" count="2" type="stmt"/>
        <line num="129" count="2" type="cond" truecount="0" falsecount="1"/>
        <line num="130" count="2" type="stmt"/>
        <line num="131" count="2" type="stmt"/>
        <line num="132" count="2" type="stmt"/>
        <line num="133" count="2" type="stmt"/>
        <line num="134" count="2" type="stmt"/>
        <line num="138" count="2" type="stmt"/>
        <line num="139" count="2" type="stmt"/>
        <line num="140" count="2" type="stmt"/>
        <line num="145" count="2" type="stmt"/>
        <line num="146" count="2" type="stmt"/>
        <line num="147" count="2" type="stmt"/>
        <line num="151" count="2" type="stmt"/>
        <line num="152" count="2" type="stmt"/>
        <line num="153" count="2" type="stmt"/>
        <line num="154" count="2" type="stmt"/>
        <line num="159" count="2" type="stmt"/>
        <line num="160" count="2" type="stmt"/>
        <line num="161" count="2" type="stmt"/>
        <line num="162" count="2" type="stmt"/>
        <line num="163" count="2" type="cond" truecount="0" falsecount="1"/>
        <line num="167" count="2" type="stmt"/>
        <line num="168" count="2" type="stmt"/>
        <line num="169" count="2" type="cond" truecount="0" falsecount="1"/>
        <line num="176" count="2" type="stmt"/>
        <line num="177" count="2" type="stmt"/>
        <line num="178" count="2" type="stmt"/>
        <line num="179" count="2" type="cond" truecount="0" falsecount="1"/>
        <line num="180" count="0" type="stmt"/>
        <line num="181" count="0" type="stmt"/>
[...]
        <line num="62" count="14" type="stmt"/>
        <line num="63" count="14" type="stmt"/>
        <line num="64" count="14" type="stmt"/>
        <line num="65" count="14" type="cond" truecount="0" falsecount="1"/>
        <line num="66" count="14" type="stmt"/>
        <line num="68" count="14" type="stmt"/>
        <line num="69" count="14" type="stmt"/>
        <line num="71" count="14" type="stmt"/>
        <line num="72" count="14" type="stmt"/>
        <line num="77" count="14" type="stmt"/>
        <line num="78" count="14" type="stmt"/>
        <line num="79" count="14" type="cond" truecount="0" falsecount="1"/>
        <line num="80" count="0" type="stmt"/>
        <line num="81" count="14" type="stmt"/>
        <line num="82" count="14" type="stmt"/>
        <line num="84" count="14" type="stmt"/>
        <line num="86" count="14" type="stmt"/>
        <line num="87" count="14" type="stmt"/>
        <line num="90" count="14" type="stmt"/>
        <line num="91" count="14" type="stmt"/>
        <line num="92" count="14" type="stmt"/>
        <line num="94" count="14" type="stmt"/>
        <line num="95" count="14" type="stmt"/>
        <line num="96" count="14" type="stmt"/>
        <line num="97" count="14" type="stmt"/>
        <line num="98" count="14" type="stmt"/>
        <line num="99" count="14" type="stmt"/>
        <line num="100" count="14" type="stmt"/>
        <line num="102" count="14" type="stmt"/>
        <line num="108" count="14" type="stmt"/>
        <line num="109" count="14" type="stmt"/>
        <line num="110" count="14" type="cond" truecount="1" falsecount="0"/>
        <line num="111" count="14" type="stmt"/>
        <line num="112" count="14" type="cond" truecount="0" falsecount="1"/>
        <line num="113" count="0" type="stmt"/>
        <line num="114" count="14" type="stmt"/>
        <line num="115" count="14" type="stmt"/>
        <line num="116" count="14" type="stmt"/>
        <line num="117" count="14" type="stmt"/>
        <line num="118" count="14" type="stmt"/>
        <line num="120" count="14" type="stmt"/>
        <line num="121" count="14" type="cond" truecount="1" falsecount="0"/>
        <line num="122" count="14" type="stmt"/>
        <line num="123" count="14" type="cond" truecount="0" falsecount="1"/>
        <line num="124" count="0" type="stmt"/>
        <line num="125" count="14" type="stmt"/>
        <line num="126" count="14" type="stmt"/>
        <line num="127" count="14" type="stmt"/>
        <line num="128" count="14" type="stmt"/>
        <line num="129" count="14" type="stmt"/>
        <line num="131" count="14" type="stmt"/>
        <line num="132" count="14" type="stmt"/>
        <line num="133" count="14" type="cond" truecount="0" falsecount="1"/>
        <line num="134" count="0" type="stmt"/>
        <line num="135" count="14" type="stmt"/>
        <line num="136" count="14" type="stmt"/>
        <line num="137" count="14" type="stmt"/>
        <line num="138" count="14" type="stmt"/>
        <line num="140" count="14" type="cond" truecount="2" falsecount="0"/>
        <line num="144" count="14" type="stmt"/>
        <line num="145" count="14" type="cond" truecount="0" falsecount="1"/>
        <line num="146" count="0" type="stmt"/>
        <line num="147" count="14" type="stmt"/>
        <line num="148" count="14" type="stmt"/>
        <line num="149" count="14" type="stmt"/>
        <line num="150" count="14" type="stmt"/>
        <line num="153" count="14" type="stmt"/>
        <line num="154" count="14" type="stmt"/>
        <line num="155" count="14" type="stmt"/>
        <line num="156" count="14" type="stmt"/>
        <line num="157" count="14" type="stmt"/>
        <line num="158" count="14" type="cond" truecount="0" falsecount="1"/>
        <line num="159" count="0" type="stmt"/>
        <line num="160" count="14" type="stmt"/>
        <line num="161" count="14" type="stmt"/>
        <line num="162" count="14" type="stmt"/>
        <line num="169" count="14" type="stmt"/>
        <line num="171" count="1" type="stmt"/>
      </file>
      <file name="Signup.jsx" path="C:\Users\alpha\Documents\Wits\2025\SD\Project\SD-Project\frontend\src\components\Signup.jsx">
        <metrics statements="123" coveredstatements="113" conditionals="20" coveredconditionals="9" methods="6" coveredmethods="6"/>
        <line num="1" count="1" type="stmt"/>
        <line num="2" count="1" type="stmt"/>
        <line num="3" count="1" type="stmt"/>
        <line num="4" count="1" type="stmt"/>
        <line num="5" count="1" type="stmt"/>
        <line num="6" count="1" type="stmt"/>
        <line num="7" count="1" type="stmt"/>
        <line num="8" count="1" type="stmt"/>
        <line num="11" count="1" type="cond" truecount="1" falsecount="0"/>
        <line num="12" count="16" type="stmt"/>
        <line num="13" count="16" type="stmt"/>
        <line num="14" count="16" type="stmt"/>
        <line num="15" count="16" type="stmt"/>
        <line num="16" count="16" type="stmt"/>
        <line num="18" count="16" type="stmt"/>
        <line num="19" count="16" type="stmt"/>
        <line num="20" count="16" type="stmt"/>
        <line num="23" count="16" type="cond" truecount="1" falsecount="0"/>
        <line num="24" count="2" type="stmt"/>
        <line num="25" count="2" type="stmt"/>
        <line num="26" count="2" type="stmt"/>
        <line num="27" count="2" type="stmt"/>
        <line num="28" count="2" type="cond" truecount="1" falsecount="0"/>
        <line num="29" count="1" type="stmt"/>
        <line num="30" count="1" type="stmt"/>
        <line num="31" count="1" type="stmt"/>
        <line num="32" count="1" type="stmt"/>
        <line num="33" count="2" type="cond" truecount="0" falsecount="1"/>
        <line num="34" count="0" type="stmt"/>
        <line num="35" count="2" type="stmt"/>
        <line num="36" count="2" type="stmt"/>
        <line num="37" count="2" type="stmt"/>
        <line num="38" count="2" type="stmt"/>
        <line num="40" count="16" type="cond" truecount="1" falsecount="0"/>
        <line num="41" count="1" type="stmt"/>
        <line num="42" count="1" type="stmt"/>
        <line num="43" count="1" type="stmt"/>
        <line num="44" count="1" type="cond" truecount="0" falsecount="1"/>
        <line num="45" count="0" type="stmt"/>
        <line num="46" count="1" type="stmt"/>
        <line num="47" count="1" type="stmt"/>
        <line num="48" count="1" type="stmt"/>
        <line num="49" count="1" type="cond" truecount="0" falsecount="1"/>
        <line num="50" count="0" type="stmt"/>
        <line num="51" count="1" type="stmt"/>
        <line num="52" count="1" type="stmt"/>
        <line num="53" count="1" type="stmt"/>
        <line num="54" count="1" type="stmt"/>
        <line num="56" count="16" type="stmt"/>
        <line num="57" count="16" type="stmt"/>
        <line num="58" count="16" type="cond" truecount="0" falsecount="1"/>
        <line num="59" count="16" type="stmt"/>
        <line num="60" count="16" type="stmt"/>
        <line num="61" count="16" type="stmt"/>
        <line num="63" count="16" type="stmt"/>
        <line num="64" count="16" type="stmt"/>
        <line num="69" count="16" type="stmt"/>
        <line num="70" count="16" type="cond" truecount="0" falsecount="1"/>
        <line num="71" count="0" type="stmt"/>
        <line num="72" count="16" type="stmt"/>
        <line num="73" count="16" type="stmt"/>
        <line num="74" count="16" type="stmt"/>
        <line num="76" count="16" type="stmt"/>
        <line num="77" count="16" type="stmt"/>
        <line num="80" count="16" type="stmt"/>
        <line num="81" count="16" type="stmt"/>
        <line num="82" count="16" type="cond" truecount="1" falsecount="0"/>
        <line num="83" count="16" type="stmt"/>
        <line num="84" count="16" type="cond" truecount="0" falsecount="1"/>
        <line num="85" count="0" type="stmt"/>
        <line num="86" count="16" type="stmt"/>
        <line num="87" count="16" type="stmt"/>
        <line num="88" count="16" type="stmt"/>
        <line num="89" count="16" type="stmt"/>
        <line num="90" count="16" type="stmt"/>
        <line num="92" count="16" type="stmt"/>
        <line num="93" count="16" type="cond" truecount="1" falsecount="0"/>
        <line num="94" count="16" type="stmt"/>
        <line num="95" count="16" type="cond" truecount="0" falsecount="1"/>
        <line num="96" count="0" type="stmt"/>
        <line num="97" count="16" type="stmt"/>
        <line num="98" count="16" type="stmt"/>
        <line num="99" count="16" type="stmt"/>
        <line num="100" count="16" type="stmt"/>
        <line num="101" count="16" type="stmt"/>
        <line num="103" count="16" type="stmt"/>
        <line num="104" count="16" type="cond" truecount="1" falsecount="0"/>
        <line num="105" count="16" type="stmt"/>
        <line num="106" count="16" type="cond" truecount="0" falsecount="1"/>
        <line num="107" count="0" type="stmt"/>
        <line num="108" count="16" type="stmt"/>
        <line num="109" count="16" type="stmt"/>
        <line num="110" count="16" type="stmt"/>
        <line num="111" count="16" type="stmt"/>
        <line num="112" count="16" type="stmt"/>
        <line num="122" count="16" type="stmt"/>
        <line num="123" count="16" type="stmt"/>
        <line num="124" count="16" type="cond" truecount="0" falsecount="1"/>
        <line num="125" count="0" type="stmt"/>
        <line num="126" count="16" type="stmt"/>
        <line num="127" count="16" type="stmt"/>
        <line num="128" count="16" type="stmt"/>
        <line num="129" count="16" type="stmt"/>
        <line num="131" count="16" type="cond" truecount="2" falsecount="0"/>
        <line num="135" count="16" type="stmt"/>
        <line num="136" count="16" type="cond" truecount="0" falsecount="1"/>
        <line num="137" count="0" type="stmt"/>
        <line num="138" count="16" type="stmt"/>
        <line num="139" count="16" type="stmt"/>
        <line num="140" count="16" type="stmt"/>
        <line num="141" count="16" type="stmt"/>
        <line num="144" count="16" type="stmt"/>
        <line num="145" count="16" type="stmt"/>
        <line num="146" count="16" type="stmt"/>
        <line num="147" count="16" type="stmt"/>
        <line num="148" count="16" type="stmt"/>
        <line num="149" count="16" type="cond" truecount="0" falsecount="1"/>
        <line num="150" count="0" type="stmt"/>
        <line num="151" count="16" type="stmt"/>
        <line num="152" count="16" type="stmt"/>
        <line num="153" count="16" type="stmt"/>
        <line num="160" count="16" type="stmt"/>
        <line num="162" count="1" type="stmt"/>
      </file>
      <file name="layout.jsx" path="C:\Users\alpha\Documents\Wits\2025\SD\Project\SD-Project\frontend\src\components\layout.jsx">
        <metrics statements="18" coveredstatements="18" conditionals="1" coveredconditionals="1" methods="1" coveredmethods="1"/>
        <line num="1" count="1" type="stmt"/>
        <line num="2" count="1" type="stmt"/>
        <line num="3" count="1" type="stmt"/>
        <line num="5" count="1" type="cond" truecount="1" falsecount="0"/>
        <line num="6" count="1" type="stmt"/>
        <line num="7" count="1" type="stmt"/>
        <line num="9" count="1" type="stmt"/>
        <line num="10" count="1" type="stmt"/>
        <line num="14" count="1" type="stmt"/>
        <line num="15" count="1" type="stmt"/>
        <line num="16" count="1" type="stmt"/>
        <line num="17" count="1" type="stmt"/>
        <line num="19" count="1" type="stmt"/>
        <line num="20" count="1" type="stmt"/>
        <line num="21" count="1" type="stmt"/>
        <line num="25" count="1" type="stmt"/>
        <line num="26" count="1" type="stmt"/>
        <line num="35" count="1" type="stmt"/>
      </file>
    </package>
    <package name="src.context">
      <metrics statements="136" coveredstatements="117" conditionals="29" coveredconditionals="22" methods="13" coveredmethods="13"/>
      <file name="AuthContext.jsx" path="C:\Users\alpha\Documents\Wits\2025\SD\Project\SD-Project\frontend\src\context\AuthContext.jsx">
        <metrics statements="105" coveredstatements="86" conditionals="20" coveredconditionals="13" methods="10" coveredmethods="10"/>
        <line num="1" count="1" type="stmt"/>
        <line num="2" count="1" type="stmt"/>
        <line num="4" count="1" type="stmt"/>
        <line num="6" count="1" type="cond" truecount="1" falsecount="0"/>
        <line num="7" count="19" type="stmt"/>
        <line num="8" count="19" type="stmt"/>
        <line num="10" count="19" type="stmt"/>
        <line num="11" count="19" type="cond" truecount="1" falsecount="0"/>
        <line num="12" count="1" type="stmt"/>
        <line num="13" count="1" type="stmt"/>
        <line num="14" count="1" type="stmt"/>
        <line num="15" count="1" type="stmt"/>
        <line num="16" count="1" type="stmt"/>
        <line num="17" count="1" type="stmt"/>
        <line num="18" count="1" type="stmt"/>
        <line num="19" count="1" type="stmt"/>
        <line num="20" count="1" type="stmt"/>
        <line num="21" count="1" type="cond" truecount="0" falsecount="1"/>
        <line num="22" count="0" type="stmt"/>
        <line num="23" count="0" type="stmt"/>
        <line num="24" count="0" type="stmt"/>
        <line num="25" count="1" type="stmt"/>
        <line num="26" count="1" type="stmt"/>
        <line num="28" count="19" type="stmt"/>
        <line num="29" count="19" type="cond" truecount="1" falsecount="0"/>
        <line num="30" count="1" type="stmt"/>
        <line num="31" count="1" type="stmt"/>
        <line num="32" count="1" type="stmt"/>
        <line num="33" count="1" type="stmt"/>
        <line num="34" count="1" type="stmt"/>
        <line num="35" count="1" type="cond" truecount="0" falsecount="1"/>
        <line num="36" count="0" type="stmt"/>
        <line num="37" count="0" type="stmt"/>
        <line num="38" count="0" type="stmt"/>
        <line num="39" count="1" type="stmt"/>
        <line num="40" count="1" type="cond" truecount="0" falsecount="1"/>
        <line num="41" count="0" type="stmt"/>
        <line num="42" count="0" type="stmt"/>
        <line num="43" count="1" type="stmt"/>
        <line num="45" count="19" type="stmt"/>
        <line num="46" count="19" type="cond" truecount="1" falsecount="0"/>
        <line num="47" count="10" type="cond" truecount="1" falsecount="0"/>
        <line num="48" count="10" type="stmt"/>
        <line num="49" count="10" type="stmt"/>
        <line num="50" count="10" type="stmt"/>
        <line num="52" count="10" type="stmt"/>
        <line num="53" count="0" type="stmt"/>
        <line num="54" count="0" type="stmt"/>
        <line num="55" count="19" type="stmt"/>
        <line num="57" count="19" type="stmt"/>
        <line num="58" count="19" type="cond" truecount="1" falsecount="0"/>
        <line num="59" count="1" type="stmt"/>
        <line num="60" count="1" type="cond" truecount="0" falsecount="1"/>
        <line num="61" count="0" type="stmt"/>
        <line num="62" count="0" type="stmt"/>
        <line num="63" count="1" type="stmt"/>
        <line num="64" count="1" type="stmt"/>
        <line num="66" count="19" type="stmt"/>
        <line num="67" count="19" type="cond" truecount="1" falsecount="0"/>
        <line num="68" count="1" type="stmt"/>
        <line num="69" count="1" type="stmt"/>
        <line num="70" count="1" type="stmt"/>
        <line num="71" count="1" type="stmt"/>
        <line num="72" count="1" type="stmt"/>
        <line num="74" count="19" type="stmt"/>
        <line num="75" count="19" type="cond" truecount="1" falsecount="0"/>
        <line num="77" count="1" type="stmt"/>
        <line num="78" count="1" type="cond" truecount="0" falsecount="1"/>
        <line num="79" count="0" type="stmt"/>
        <line num="80" count="0" type="stmt"/>
        <line num="81" count="1" type="stmt"/>
        <line num="82" count="1" type="stmt"/>
        <line num="84" count="19" type="stmt"/>
        <line num="85" count="19" type="cond" truecount="1" falsecount="0"/>
        <line num="86" count="1" type="stmt"/>
        <line num="87" count="1" type="stmt"/>
        <line num="88" count="1" type="stmt"/>
        <line num="89" count="1" type="cond" truecount="0" falsecount="1"/>
        <line num="90" count="0" type="stmt"/>
        <line num="91" count="0" type="stmt"/>
        <line num="92" count="1" type="stmt"/>
        <line num="93" count="1" type="stmt"/>
        <line num="95" count="19" type="stmt"/>
        <line num="96" count="19" type="cond" truecount="1" falsecount="0"/>
        <line num="97" count="1" type="stmt"/>
        <line num="98" count="1" type="stmt"/>
        <line num="99" count="1" type="stmt"/>
        <line num="100" count="1" type="cond" truecount="0" falsecount="1"/>
        <line num="101" count="0" type="stmt"/>
        <line num="102" count="0" type="stmt"/>
        <line num="103" count="0" type="stmt"/>
        <line num="104" count="1" type="stmt"/>
        <line num="105" count="1" type="stmt"/>
        <line num="107" count="19" type="stmt"/>
        <line num="108" count="19" type="cond" truecount="1" falsecount="0"/>
        <line num="109" count="19" type="cond" truecount="1" falsecount="0"/>
        <line num="110" count="19" type="stmt"/>
        <line num="111" count="19" type="stmt"/>
        <line num="113" count="19" type="stmt"/>
        <line num="114" count="19" type="stmt"/>
        <line num="115" count="19" type="stmt"/>
        <line num="118" count="19" type="stmt"/>
        <line num="120" count="1" type="cond" truecount="1" falsecount="0"/>
        <line num="121" count="19" type="stmt"/>
        <line num="122" count="19" type="stmt"/>
      </file>
      <file name="DarkModeContext.jsx" path="C:\Users\alpha\Documents\Wits\2025\SD\Project\SD-Project\frontend\src\context\DarkModeContext.jsx">
        <metrics statements="31" coveredstatements="31" conditionals="9" coveredconditionals="9" methods="3" coveredmethods="3"/>
        <line num="1" count="1" type="stmt"/>
        <line num="3" count="1" type="stmt"/>
        <line num="5" count="1" type="cond" truecount="1" falsecount="0"/>
        <line num="6" count="8" type="stmt"/>
        <line num="9" count="8" type="cond" truecount="1" falsecount="0"/>
        <line num="10" count="4" type="stmt"/>
        <line num="11" count="4" type="cond" truecount="2" falsecount="0"/>
        <line num="12" count="4" type="stmt"/>
        <line num="14" count="4" type="cond" truecount="1" falsecount="0"/>
        <line num="15" count="2" type="stmt"/>
        <line num="16" count="2" type="stmt"/>
        <line num="17" count="2" type="stmt"/>
        <line num="18" count="2" type="stmt"/>
        <line num="19" count="8" type="stmt"/>
        <line num="21" count="8" type="cond" truecount="1" falsecount="0"/>
        <line num="22" count="2" type="cond" truecount="1" falsecount="0"/>
        <line num="23" count="2" type="stmt"/>
        <line num="24" count="2" type="stmt"/>
        <line num="25" count="2" type="cond" truecount="1" falsecount="0"/>
        <line num="26" count="1" type="stmt"/>
        <line num="27" count="1" type="stmt"/>
        <line num="28" count="1" type="stmt"/>
        <line num="29" count="1" type="stmt"/>
        <line num="30" count="2" type="stmt"/>
        <line num="31" count="2" type="stmt"/>
        <line num="32" count="2" type="stmt"/>
        <line num="34" count="8" type="stmt"/>
        <line num="35" count="8" type="stmt"/>
        <line num="36" count="8" type="stmt"/>
        <line num="39" count="8" type="stmt"/>
        <line num="41" count="1" type="cond" truecount="1" falsecount="0"/>
      </file>
    </package>
  </project>
</coverage>
