TN:
SF:src\App.jsx
FN:5,App
FNF:1
FNH:0
FNDA:0,App
DA:1,1
DA:2,1
DA:3,1
DA:4,1
DA:5,0
DA:7,0
DA:8,0
DA:10,0
DA:12,1
LF:9
LH:5
BRF:0
BRH:0
end_of_record
TN:
SF:src\main.jsx
FN:1,(empty-report)
FNF:1
FNH:0
FNDA:0,(empty-report)
DA:1,0
DA:2,0
DA:3,0
DA:4,0
DA:5,0
DA:6,0
DA:7,0
DA:8,0
DA:9,0
DA:11,0
DA:12,0
DA:13,0
DA:14,0
DA:15,0
LF:14
LH:0
BRDA:1,0,0,0
BRF:1
BRH:0
end_of_record
TN:
SF:src\router.jsx
FNF:0
FNH:0
DA:1,1
DA:2,1
DA:3,1
DA:4,1
DA:5,1
DA:6,1
DA:7,1
DA:8,1
DA:9,1
DA:10,1
DA:11,1
DA:12,1
DA:13,1
DA:14,1
DA:15,1
DA:16,1
DA:17,1
DA:19,1
DA:20,1
DA:21,1
DA:22,1
DA:23,1
DA:24,1
DA:25,1
DA:26,1
DA:27,1
DA:28,1
DA:29,1
DA:30,1
DA:31,1
DA:32,1
DA:33,1
DA:34,1
DA:35,1
DA:37,1
DA:38,1
LF:36
LH:36
BRF:0
BRH:0
end_of_record
TN:
SF:src\supabaseClient.js
FNF:0
FNH:0
DA:1,1
DA:2,1
DA:3,1
DA:4,1
DA:5,1
DA:6,1
LF:6
LH:6
BRF:0
BRH:0
end_of_record
TN:
SF:src\assets\Aurora.jsx
FN:112,Aurora
FN:140,resize
FN:177,update
FNF:3
FNH:2
FNDA:1,Aurora
FNDA:1,resize
FNDA:0,update
DA:1,1
DA:2,1
DA:4,1
DA:9,1
DA:11,1
DA:110,1
DA:112,1
DA:113,1
DA:114,1
DA:115,1
DA:116,1
DA:117,1
DA:118,1
DA:119,1
DA:121,1
DA:123,1
DA:124,1
DA:125,1
DA:127,1
DA:128,1
DA:129,1
DA:130,1
DA:131,1
DA:132,1
DA:133,1
DA:134,1
DA:135,1
DA:136,1
DA:138,1
DA:140,1
DA:141,1
DA:142,1
DA:143,1
DA:144,1
DA:145,1
DA:146,1
DA:147,1
DA:148,1
DA:149,1
DA:151,1
DA:152,1
DA:153,0
DA:154,0
DA:156,1
DA:157,3
DA:158,3
DA:159,3
DA:161,1
DA:162,1
DA:163,1
DA:164,1
DA:165,1
DA:166,1
DA:167,1
DA:168,1
DA:169,1
DA:170,1
DA:171,1
DA:173,1
DA:174,1
DA:176,1
DA:177,1
DA:178,0
DA:179,0
DA:180,0
DA:181,0
DA:182,0
DA:183,0
DA:184,0
DA:185,0
DA:186,0
DA:187,0
DA:188,0
DA:189,0
DA:190,1
DA:192,1
DA:194,1
DA:195,1
DA:196,1
DA:197,1
DA:198,1
DA:199,1
DA:200,1
DA:201,1
DA:202,1
DA:203,1
DA:205,1
DA:206,1
LF:88
LH:74
BRDA:112,0,0,1
BRDA:123,1,0,1
BRDA:125,2,0,0
BRDA:152,3,0,0
BRDA:140,4,0,1
BRDA:141,5,0,0
BRDA:156,6,0,3
BRDA:194,7,0,1
BRF:8
BRH:5
end_of_record
TN:
SF:src\assets\BlurText.jsx
FN:4,BlurText
FN:38,IntersectionObserver.threshold.threshold
FN:57,to
FNF:3
FNH:3
FNDA:7,BlurText
FNDA:1,IntersectionObserver.threshold.threshold
FNDA:1,to
DA:1,1
DA:2,1
DA:4,1
DA:5,7
DA:6,7
DA:7,7
DA:8,7
DA:9,7
DA:10,7
DA:11,7
DA:12,7
DA:13,7
DA:14,7
DA:15,7
DA:16,7
DA:17,7
DA:18,7
DA:19,7
DA:20,7
DA:22,7
DA:23,7
DA:24,7
DA:25,0
DA:27,7
DA:28,7
DA:29,7
DA:30,7
DA:31,7
DA:32,7
DA:33,7
DA:34,7
DA:36,7
DA:37,5
DA:38,5
DA:39,1
DA:40,1
DA:41,1
DA:42,1
DA:43,1
DA:44,5
DA:47,5
DA:49,5
DA:50,7
DA:52,7
DA:53,7
DA:54,7
DA:55,26
DA:56,26
DA:57,2
DA:58,1
DA:59,1
DA:60,0
DA:61,0
DA:62,1
DA:63,0
DA:64,0
DA:65,1
DA:66,24
DA:67,26
DA:68,26
DA:69,26
DA:72,7
DA:73,7
DA:74,7
DA:75,7
DA:76,7
DA:77,7
DA:78,7
DA:79,7
DA:80,7
DA:81,7
DA:83,7
DA:84,7
DA:89,7
DA:91,1
LF:75
LH:70
BRDA:4,0,0,7
BRDA:17,1,0,6
BRDA:17,2,0,1
BRDA:24,3,0,0
BRDA:31,4,0,0
BRDA:36,5,0,5
BRDA:38,6,0,1
BRDA:49,7,0,5
BRDA:54,8,0,26
BRDA:56,9,0,2
BRDA:65,10,0,24
BRDA:57,11,0,1
BRDA:59,12,0,0
BRDA:62,13,0,0
BRDA:83,14,0,0
BRDA:84,15,0,24
BRDA:84,16,0,18
BRF:17
BRH:12
end_of_record
TN:
SF:src\assets\Particals.jsx
FN:6,hexToRgb
FN:77,Particles
FN:106,resize
FN:115,handleMouseMove
FN:173,update
FNF:5
FNH:3
FNDA:610,hexToRgb
FNDA:4,Particles
FNDA:4,resize
FNDA:0,handleMouseMove
FNDA:0,update
DA:1,1
DA:2,1
DA:4,1
DA:6,1
DA:7,610
DA:8,610
DA:9,0
DA:10,0
DA:11,610
DA:12,610
DA:13,610
DA:14,610
DA:15,610
DA:16,610
DA:18,1
DA:51,1
DA:53,1
DA:75,1
DA:77,1
DA:78,4
DA:79,4
DA:80,4
DA:81,4
DA:82,4
DA:83,4
DA:84,4
DA:85,4
DA:86,4
DA:87,4
DA:88,4
DA:89,4
DA:90,4
DA:91,4
DA:92,4
DA:94,4
DA:95,4
DA:96,4
DA:98,4
DA:99,4
DA:100,4
DA:101,4
DA:103,4
DA:104,4
DA:106,4
DA:107,4
DA:108,4
DA:109,4
DA:110,4
DA:111,4
DA:112,4
DA:113,4
DA:115,4
DA:116,0
DA:117,0
DA:118,0
DA:119,0
DA:120,0
DA:122,4
DA:123,1
DA:124,1
DA:126,4
DA:127,4
DA:128,4
DA:129,4
DA:130,4
DA:132,4
DA:133,610
DA:134,610
DA:135,1116
DA:136,1116
DA:137,1116
DA:138,1116
DA:139,610
DA:140,610
DA:141,610
DA:142,610
DA:143,610
DA:144,610
DA:145,610
DA:147,4
DA:148,4
DA:149,4
DA:150,4
DA:151,4
DA:153,4
DA:154,4
DA:155,4
DA:156,4
DA:157,4
DA:158,4
DA:159,4
DA:160,4
DA:161,4
DA:162,4
DA:163,4
DA:164,4
DA:165,4
DA:167,4
DA:169,4
DA:170,4
DA:171,4
DA:173,4
DA:174,0
DA:175,0
DA:176,0
DA:177,0
DA:179,0
DA:181,0
DA:182,0
DA:183,0
DA:184,0
DA:185,0
DA:186,0
DA:187,0
DA:189,0
DA:190,0
DA:191,0
DA:192,0
DA:193,0
DA:195,0
DA:196,0
DA:198,4
DA:200,4
DA:201,4
DA:202,4
DA:203,1
DA:204,1
DA:205,4
DA:206,4
DA:207,4
DA:208,4
DA:209,4
DA:210,4
DA:211,4
DA:212,4
DA:213,4
DA:214,4
DA:215,4
DA:216,4
DA:217,4
DA:218,4
DA:219,4
DA:220,4
DA:221,4
DA:222,4
DA:224,4
DA:225,4
DA:226,4
DA:227,4
DA:230,4
DA:232,1
LF:151
LH:125
BRDA:6,0,0,610
BRDA:8,1,0,0
BRDA:77,2,0,4
BRDA:94,3,0,4
BRDA:96,4,0,0
BRDA:122,5,0,1
BRDA:130,6,0,1
BRDA:130,7,0,1
BRDA:130,8,0,3
BRDA:132,9,0,610
BRDA:134,10,0,1116
BRDA:161,11,0,1
BRDA:161,12,0,3
BRDA:106,13,0,4
BRDA:200,14,0,4
BRDA:202,15,0,1
BRF:16
BRH:14
end_of_record
TN:
SF:src\assets\ShinyText.jsx
FN:3,ShinyText
FNF:1
FNH:1
FNDA:8,ShinyText
DA:1,1
DA:3,1
DA:4,8
DA:6,8
DA:7,8
DA:8,8
DA:9,8
DA:11,8
DA:14,8
DA:16,1
LF:10
LH:10
BRDA:3,0,0,8
BRDA:8,1,0,1
BRDA:8,2,0,7
BRF:3
BRH:3
end_of_record
TN:
SF:src\components\AccountDashboard.jsx
FN:10,AccountDashboard
FNF:1
FNH:1
FNDA:1,AccountDashboard
DA:1,1
DA:2,1
DA:3,1
DA:4,1
DA:5,1
DA:6,1
DA:7,1
DA:10,1
DA:12,1
DA:14,1
DA:15,1
DA:16,1
DA:17,1
DA:19,1
DA:20,1
DA:26,1
DA:27,1
DA:28,1
DA:33,1
DA:35,1
DA:36,1
DA:39,1
DA:40,1
DA:45,1
DA:46,1
DA:51,1
DA:53,1
LF:27
LH:27
BRDA:10,0,0,1
BRDA:15,1,0,0
BRF:2
BRH:1
end_of_record
TN:
SF:src\components\AccountInfoComponent.jsx
FN:5,AccountInfoComponent
FN:17,handleUpdate
FN:52,onChange
FN:68,onChange
FN:100,onClick
FNF:5
FNH:5
FNDA:30,AccountInfoComponent
FNDA:5,handleUpdate
FNDA:2,onChange
FNDA:2,onChange
FNDA:5,onClick
DA:1,1
DA:2,1
DA:3,1
DA:5,1
DA:6,30
DA:7,30
DA:8,30
DA:9,30
DA:10,30
DA:12,30
DA:13,8
DA:14,8
DA:15,30
DA:17,30
DA:18,5
DA:19,5
DA:20,5
DA:21,0
DA:22,0
DA:23,5
DA:24,0
DA:25,0
DA:27,5
DA:28,5
DA:29,1
DA:30,5
DA:31,5
DA:32,5
DA:33,5
DA:35,30
DA:36,30
DA:37,30
DA:38,30
DA:39,30
DA:40,2
DA:41,28
DA:42,30
DA:44,30
DA:45,30
DA:47,30
DA:48,30
DA:51,30
DA:52,30
DA:53,30
DA:54,30
DA:55,2
DA:56,28
DA:57,30
DA:58,30
DA:59,30
DA:60,30
DA:61,30
DA:64,30
DA:67,30
DA:68,30
DA:69,30
DA:70,30
DA:71,2
DA:72,28
DA:73,30
DA:74,30
DA:75,30
DA:76,30
DA:77,30
DA:80,30
DA:81,30
DA:82,9
DA:83,9
DA:84,9
DA:85,0
DA:86,9
DA:87,9
DA:88,9
DA:89,9
DA:90,9
DA:94,30
DA:95,30
DA:96,30
DA:97,2
DA:98,19
DA:99,30
DA:100,30
DA:101,30
DA:102,30
DA:111,30
DA:113,1
LF:86
LH:81
BRDA:5,0,0,30
BRDA:39,1,0,2
BRDA:40,2,0,28
BRDA:54,3,0,2
BRDA:55,4,0,28
BRDA:70,5,0,2
BRDA:71,6,0,28
BRDA:81,7,0,9
BRDA:84,8,0,0
BRDA:96,9,0,2
BRDA:97,10,0,19
BRDA:12,11,0,8
BRDA:17,12,0,5
BRDA:20,13,0,0
BRDA:23,14,0,0
BRDA:28,15,0,1
BRDA:52,16,0,2
BRDA:68,17,0,2
BRDA:100,18,0,5
BRF:19
BRH:16
end_of_record
TN:
SF:src\components\AdminApplication.jsx
FN:7,AdminApplication
FN:21,checkApplication
FN:47,fetchSessionAndCheck
FN:56,validate
FN:69,handleSubmit
FN:108,renderStatusMessage
FNF:6
FNH:6
FNDA:28,AdminApplication
FNDA:7,checkApplication
FNDA:14,fetchSessionAndCheck
FNDA:2,validate
FNDA:2,handleSubmit
FNDA:3,renderStatusMessage
DA:1,1
DA:2,1
DA:3,1
DA:4,1
DA:5,1
DA:7,1
DA:8,28
DA:9,28
DA:10,28
DA:11,28
DA:12,28
DA:13,28
DA:14,28
DA:15,28
DA:16,28
DA:18,28
DA:19,28
DA:21,28
DA:22,7
DA:23,7
DA:24,7
DA:25,7
DA:26,7
DA:27,7
DA:28,7
DA:30,7
DA:32,7
DA:33,3
DA:34,3
DA:35,3
DA:37,3
DA:38,2
DA:39,1
DA:40,7
DA:41,4
DA:42,4
DA:43,4
DA:44,7
DA:46,28
DA:47,14
DA:48,14
DA:49,14
DA:50,14
DA:51,14
DA:53,14
DA:54,28
DA:56,28
DA:57,2
DA:58,2
DA:59,2
DA:61,2
DA:62,2
DA:63,2
DA:65,2
DA:66,2
DA:67,2
DA:69,28
DA:70,2
DA:71,2
DA:72,1
DA:74,0
DA:76,0
DA:77,0
DA:78,0
DA:80,0
DA:81,0
DA:82,0
DA:83,0
DA:84,0
DA:85,0
DA:86,0
DA:87,0
DA:88,0
DA:89,0
DA:90,0
DA:91,0
DA:92,0
DA:94,0
DA:95,0
DA:96,0
DA:97,0
DA:98,0
DA:99,0
DA:100,0
DA:101,2
DA:102,0
DA:103,0
DA:105,0
DA:106,0
DA:108,28
DA:109,3
DA:111,3
DA:112,3
DA:113,3
DA:114,3
DA:118,3
DA:119,3
DA:120,3
DA:124,3
DA:125,3
DA:126,3
DA:130,3
DA:131,3
DA:132,3
DA:136,3
DA:137,3
DA:139,28
DA:140,28
DA:141,28
DA:142,28
DA:143,28
DA:145,28
DA:146,28
DA:147,28
DA:149,28
DA:150,28
DA:155,28
DA:156,28
DA:157,28
DA:158,0
DA:159,28
DA:160,28
DA:162,28
DA:166,28
DA:167,3
DA:169,28
DA:170,28
DA:171,28
DA:172,28
DA:173,28
DA:175,28
DA:176,28
DA:177,28
DA:178,28
DA:179,28
DA:180,28
DA:181,28
DA:182,0
DA:183,28
DA:186,28
DA:187,28
DA:191,28
DA:192,28
DA:193,28
DA:194,28
DA:195,28
DA:196,28
DA:197,28
DA:198,0
DA:199,28
DA:202,28
DA:203,28
DA:207,28
DA:208,28
DA:209,28
DA:210,28
DA:211,28
DA:212,0
DA:213,28
DA:214,28
DA:216,28
DA:223,28
DA:225,1
LF:163
LH:131
BRDA:7,0,0,28
BRDA:142,1,0,0
BRDA:157,2,0,0
BRDA:166,3,0,3
BRDA:181,4,0,0
BRDA:197,5,0,0
BRDA:211,6,0,0
BRDA:214,7,0,0
BRDA:216,8,0,0
BRDA:21,9,0,7
BRDA:32,10,0,3
BRDA:37,11,0,1
BRDA:37,12,0,2
BRDA:38,13,0,1
BRDA:40,14,0,4
BRDA:46,15,0,14
BRDA:47,16,0,14
BRDA:50,17,0,7
BRDA:56,18,0,2
BRDA:62,19,0,1
BRDA:63,20,0,1
BRDA:69,21,0,2
BRDA:71,22,0,1
BRDA:72,23,0,0
BRDA:101,24,0,0
BRDA:108,25,0,3
BRDA:109,26,0,0
BRF:27
BRH:17
end_of_record
TN:
SF:src\components\AdminManager.jsx
FN:6,AdminManager
FN:20,fetchSessionAndCheck
FN:29,fetchUsersAndAdmins
FN:94,toggleAdmin
FN:157,handleReject
FN:245,onToggle
FN:278,onToggle
FN:279,onReject
FNF:8
FNH:8
FNDA:31,AdminManager
FNDA:14,fetchSessionAndCheck
FNDA:7,fetchUsersAndAdmins
FNDA:2,toggleAdmin
FNDA:1,handleReject
FNDA:1,onToggle
FNDA:1,onToggle
FNDA:1,onReject
DA:1,1
DA:2,1
DA:3,1
DA:4,1
DA:6,1
DA:7,31
DA:8,31
DA:9,31
DA:10,31
DA:11,31
DA:12,31
DA:13,31
DA:14,31
DA:16,31
DA:17,31
DA:19,31
DA:20,14
DA:21,14
DA:22,14
DA:23,14
DA:25,14
DA:26,31
DA:28,31
DA:29,7
DA:30,7
DA:32,7
DA:33,7
DA:34,7
DA:35,7
DA:36,6
DA:37,7
DA:38,1
DA:39,1
DA:40,1
DA:41,1
DA:43,7
DA:44,7
DA:45,7
DA:46,6
DA:47,6
DA:48,6
DA:49,6
DA:51,7
DA:52,7
DA:53,7
DA:54,7
DA:55,5
DA:56,7
DA:57,1
DA:58,1
DA:59,1
DA:60,1
DA:62,5
DA:63,7
DA:64,7
DA:65,7
DA:67,7
DA:69,7
DA:70,7
DA:72,7
DA:73,5
DA:74,5
DA:75,5
DA:76,5
DA:77,5
DA:78,5
DA:79,5
DA:81,5
DA:82,2
DA:83,3
DA:84,5
DA:86,7
DA:87,7
DA:88,7
DA:89,7
DA:91,7
DA:92,31
DA:94,31
DA:95,2
DA:96,2
DA:98,2
DA:99,1
DA:100,1
DA:101,1
DA:102,1
DA:103,1
DA:104,1
DA:105,1
DA:106,1
DA:107,1
DA:108,1
DA:109,1
DA:110,0
DA:111,0
DA:112,0
DA:113,1
DA:114,0
DA:115,0
DA:117,1
DA:118,1
DA:119,1
DA:120,1
DA:121,1
DA:122,1
DA:124,1
DA:125,1
DA:126,1
DA:127,1
DA:128,1
DA:129,1
DA:130,1
DA:131,1
DA:132,1
DA:133,1
DA:134,1
DA:135,1
DA:136,1
DA:137,1
DA:138,1
DA:139,1
DA:140,0
DA:141,0
DA:142,0
DA:143,1
DA:144,0
DA:145,0
DA:147,1
DA:148,1
DA:150,1
DA:151,1
DA:152,1
DA:153,1
DA:154,1
DA:155,2
DA:157,31
DA:158,1
DA:160,1
DA:161,1
DA:162,1
DA:163,1
DA:164,1
DA:165,1
DA:166,1
DA:167,1
DA:168,1
DA:169,1
DA:170,1
DA:171,0
DA:172,0
DA:173,0
DA:174,1
DA:175,0
DA:176,0
DA:178,1
DA:179,0
DA:180,0
DA:181,0
DA:183,1
DA:184,1
DA:185,1
DA:187,31
DA:188,31
DA:189,31
DA:190,31
DA:191,31
DA:193,31
DA:194,31
DA:195,31
DA:196,31
DA:197,31
DA:198,31
DA:201,31
DA:202,31
DA:203,31
DA:209,31
DA:210,31
DA:215,31
DA:216,31
DA:217,31
DA:218,31
DA:219,31
DA:220,31
DA:225,31
DA:226,31
DA:227,31
DA:228,31
DA:229,31
DA:230,31
DA:231,31
DA:232,0
DA:233,31
DA:234,31
DA:235,31
DA:238,31
DA:239,31
DA:240,31
DA:241,31
DA:242,31
DA:243,31
DA:244,31
DA:245,31
DA:248,31
DA:249,31
DA:250,31
DA:251,31
DA:252,31
DA:253,31
DA:260,31
DA:261,31
DA:262,31
DA:263,31
DA:264,31
DA:265,0
DA:266,31
DA:267,31
DA:268,31
DA:271,31
DA:272,31
DA:273,31
DA:274,31
DA:275,31
DA:276,31
DA:277,31
DA:278,31
DA:279,31
DA:280,31
DA:283,31
DA:284,31
DA:285,31
DA:286,31
DA:287,31
DA:288,31
DA:298,31
DA:300,1
LF:234
LH:214
BRDA:6,0,0,31
BRDA:190,1,0,0
BRDA:196,2,0,0
BRDA:202,3,0,0
BRDA:210,4,0,0
BRDA:215,5,0,10
BRDA:218,6,0,0
BRDA:231,7,0,0
BRDA:251,8,0,0
BRDA:264,9,0,0
BRDA:286,10,0,0
BRDA:19,11,0,14
BRDA:20,12,0,14
BRDA:28,13,0,7
BRDA:29,14,0,7
BRDA:35,15,0,1
BRDA:35,16,0,6
BRDA:37,17,0,1
BRDA:41,18,0,6
BRDA:43,19,0,0
BRDA:53,20,0,6
BRDA:54,21,0,1
BRDA:54,22,0,5
BRDA:56,23,0,1
BRDA:60,24,0,5
BRDA:63,25,0,0
BRDA:44,26,0,6
BRDA:44,27,0,0
BRDA:45,28,0,6
BRDA:47,29,0,0
BRDA:48,30,0,4
BRDA:64,31,0,3
BRDA:65,32,0,2
BRDA:72,33,0,5
BRDA:76,34,0,0
BRDA:77,35,0,3
BRDA:82,36,0,2
BRDA:82,37,0,3
BRDA:94,38,0,2
BRDA:98,39,0,1
BRDA:109,40,0,0
BRDA:113,41,0,0
BRDA:139,42,0,0
BRDA:143,43,0,0
BRDA:118,44,0,1
BRDA:124,45,0,1
BRDA:125,46,0,1
BRDA:125,47,0,1
BRDA:126,48,0,1
BRDA:148,49,0,1
BRDA:150,50,0,1
BRDA:151,51,0,1
BRDA:151,52,0,1
BRDA:152,53,0,1
BRDA:157,54,0,1
BRDA:170,55,0,0
BRDA:174,56,0,0
BRDA:178,57,0,0
BRDA:183,58,0,1
BRDA:184,59,0,1
BRDA:184,60,0,1
BRDA:245,61,0,1
BRDA:278,62,0,1
BRDA:279,63,0,1
BRF:64
BRH:43
end_of_record
TN:
SF:src\components\AdminUserCard.jsx
FN:6,AdminUserCard
FN:61,onClick
FN:91,onClick
FNF:3
FNH:1
FNDA:4,AdminUserCard
FNDA:0,onClick
FNDA:0,onClick
DA:1,1
DA:2,1
DA:3,1
DA:4,1
DA:6,1
DA:7,4
DA:8,4
DA:10,4
DA:11,4
DA:12,4
DA:13,0
DA:14,4
DA:15,4
DA:16,4
DA:18,4
DA:19,4
DA:20,4
DA:21,4
DA:23,4
DA:24,4
DA:25,4
DA:26,4
DA:27,4
DA:29,4
DA:30,4
DA:31,4
DA:32,4
DA:33,4
DA:39,4
DA:40,4
DA:41,4
DA:42,4
DA:43,4
DA:44,4
DA:45,2
DA:46,2
DA:47,4
DA:49,4
DA:51,4
DA:52,4
DA:53,4
DA:54,4
DA:55,4
DA:56,4
DA:58,4
DA:60,4
DA:61,4
DA:62,4
DA:63,4
DA:71,4
DA:72,4
DA:73,4
DA:74,4
DA:75,4
DA:76,4
DA:78,4
DA:79,4
DA:80,4
DA:81,4
DA:83,4
DA:86,4
DA:87,4
DA:89,4
DA:90,4
DA:91,4
DA:92,4
DA:93,4
DA:102,4
LF:68
LH:67
BRDA:6,0,0,4
BRDA:26,1,0,0
BRDA:30,2,0,0
BRDA:31,3,0,0
BRDA:41,4,0,2
BRDA:41,5,0,2
BRDA:44,6,0,2
BRDA:45,7,0,2
BRDA:49,8,0,2
BRDA:51,9,0,2
BRDA:11,10,0,4
BRDA:12,11,0,0
BRDA:18,12,0,4
BRF:13
BRH:9
end_of_record
TN:
SF:src\components\AuthenticatedRoute.jsx
FN:5,AuthenticatedRoute
FNF:1
FNH:1
FNDA:2,AuthenticatedRoute
DA:1,1
DA:2,1
DA:3,1
DA:5,1
DA:6,2
DA:8,2
DA:10,2
DA:11,2
DA:12,2
DA:15,2
DA:17,1
LF:11
LH:11
BRDA:5,0,0,2
BRDA:12,1,0,1
BRF:2
BRH:2
end_of_record
TN:
SF:src\components\ChangePasswordComponent.jsx
FN:5,ChangePasswordComponent
FN:16,handleResetPassword
FN:67,onChange
FN:82,onChange
FNF:4
FNH:4
FNDA:17,ChangePasswordComponent
FNDA:3,handleResetPassword
FNDA:3,onChange
FNDA:3,onChange
DA:1,1
DA:2,1
DA:3,1
DA:5,1
DA:7,17
DA:8,17
DA:9,17
DA:10,17
DA:11,17
DA:12,17
DA:13,17
DA:14,17
DA:16,17
DA:17,3
DA:19,3
DA:20,1
DA:21,1
DA:22,1
DA:24,2
DA:25,2
DA:26,2
DA:27,3
DA:28,1
DA:29,1
DA:30,1
DA:31,1
DA:32,1
DA:33,1
DA:34,1
DA:35,1
DA:36,3
DA:37,0
DA:38,3
DA:39,2
DA:40,2
DA:41,3
DA:43,17
DA:44,17
DA:45,17
DA:46,17
DA:47,17
DA:48,17
DA:49,17
DA:50,1
DA:51,16
DA:52,17
DA:53,17
DA:55,17
DA:56,17
DA:59,17
DA:60,17
DA:63,17
DA:65,17
DA:66,17
DA:67,17
DA:68,17
DA:69,17
DA:70,1
DA:71,16
DA:72,17
DA:73,17
DA:74,17
DA:75,17
DA:76,17
DA:77,17
DA:80,17
DA:81,17
DA:82,17
DA:83,17
DA:84,17
DA:85,1
DA:86,16
DA:87,17
DA:88,17
DA:89,17
DA:90,17
DA:91,17
DA:92,17
DA:95,17
DA:96,17
DA:97,17
DA:98,1
DA:99,16
DA:100,17
DA:101,17
DA:102,17
DA:104,17
DA:110,17
DA:112,1
LF:89
LH:88
BRDA:5,0,0,17
BRDA:45,1,0,1
BRDA:45,2,0,16
BRDA:49,3,0,1
BRDA:50,4,0,16
BRDA:69,5,0,1
BRDA:70,6,0,16
BRDA:74,7,0,2
BRDA:74,8,0,15
BRDA:84,9,0,1
BRDA:85,10,0,16
BRDA:97,11,0,1
BRDA:98,12,0,16
BRDA:104,13,0,2
BRDA:104,14,0,15
BRDA:16,15,0,3
BRDA:19,16,0,1
BRDA:22,17,0,2
BRDA:27,18,0,1
BRDA:36,19,0,0
BRDA:38,20,0,2
BRDA:67,21,0,3
BRDA:82,22,0,3
BRF:23
BRH:22
end_of_record
TN:
SF:src\components\ContactForm.jsx
FN:7,ContactForm
FN:15,validate
FN:31,sendEmail
FNF:3
FNH:3
FNDA:13,ContactForm
FNDA:5,validate
FNDA:5,sendEmail
DA:1,1
DA:2,1
DA:3,1
DA:4,1
DA:5,1
DA:7,1
DA:8,13
DA:9,13
DA:11,13
DA:12,13
DA:13,13
DA:15,13
DA:16,5
DA:17,5
DA:18,5
DA:19,5
DA:21,5
DA:22,5
DA:23,5
DA:24,3
DA:25,5
DA:27,5
DA:28,5
DA:29,5
DA:31,13
DA:32,5
DA:33,5
DA:35,2
DA:36,2
DA:38,2
DA:39,2
DA:40,2
DA:41,2
DA:42,2
DA:43,2
DA:45,2
DA:46,1
DA:47,1
DA:48,1
DA:49,1
DA:50,2
DA:51,1
DA:52,1
DA:53,2
DA:54,2
DA:55,2
DA:56,2
DA:58,13
DA:59,13
DA:60,13
DA:61,13
DA:62,13
DA:64,13
DA:65,13
DA:67,13
DA:68,13
DA:73,13
DA:74,13
DA:75,13
DA:76,0
DA:77,13
DA:78,13
DA:80,13
DA:82,13
DA:83,13
DA:84,13
DA:85,13
DA:86,13
DA:87,13
DA:88,13
DA:89,13
DA:90,0
DA:91,13
DA:94,13
DA:95,13
DA:99,13
DA:100,13
DA:101,13
DA:102,13
DA:103,13
DA:104,13
DA:105,13
DA:106,0
DA:107,13
DA:110,13
DA:111,13
DA:115,13
DA:116,13
DA:117,13
DA:118,13
DA:119,13
DA:120,13
DA:121,13
DA:122,0
DA:123,13
DA:126,13
DA:127,13
DA:131,13
DA:132,13
DA:133,13
DA:134,13
DA:135,13
DA:136,0
DA:137,13
DA:138,13
DA:140,13
DA:146,13
DA:148,1
LF:108
LH:103
BRDA:7,0,0,13
BRDA:61,1,0,0
BRDA:75,2,0,0
BRDA:89,3,0,0
BRDA:105,4,0,0
BRDA:121,5,0,0
BRDA:133,6,0,11
BRDA:135,7,0,0
BRDA:138,8,0,2
BRDA:138,9,0,11
BRDA:140,10,0,1
BRDA:140,11,0,12
BRDA:140,12,0,2
BRDA:140,13,0,10
BRDA:15,14,0,5
BRDA:22,15,0,2
BRDA:23,16,0,2
BRDA:23,17,0,3
BRDA:24,18,0,1
BRDA:25,19,0,2
BRDA:31,20,0,5
BRDA:33,21,0,3
BRDA:33,22,0,2
BRDA:45,23,0,1
BRDA:50,24,0,1
BRDA:53,25,0,2
BRF:26
BRH:20
end_of_record
TN:
SF:src\components\Dashboard.jsx
FN:16,Dashboard
FN:23,handleSignOut
FN:43,onMouseEnter
FN:44,onMouseLeave
FN:59,onClick
FN:70,onClick
FNF:6
FNH:2
FNDA:2,Dashboard
FNDA:1,handleSignOut
FNDA:0,onMouseEnter
FNDA:0,onMouseLeave
FNDA:0,onClick
FNDA:0,onClick
DA:1,1
DA:2,1
DA:3,1
DA:4,1
DA:5,1
DA:6,1
DA:7,1
DA:8,1
DA:9,1
DA:16,1
DA:17,2
DA:18,2
DA:19,2
DA:20,2
DA:21,2
DA:23,2
DA:24,1
DA:25,1
DA:26,1
DA:27,1
DA:28,0
DA:29,0
DA:30,1
DA:32,2
DA:33,2
DA:34,2
DA:35,2
DA:36,2
DA:39,2
DA:40,2
DA:41,2
DA:42,2
DA:43,2
DA:44,2
DA:46,2
DA:47,2
DA:48,2
DA:49,2
DA:50,2
DA:52,2
DA:53,2
DA:56,2
DA:57,2
DA:58,2
DA:59,2
DA:60,2
DA:61,2
DA:62,2
DA:64,2
DA:68,2
DA:69,2
DA:70,2
DA:71,2
DA:72,2
DA:73,2
DA:75,2
DA:81,2
DA:82,2
DA:83,2
DA:84,2
DA:88,2
DA:89,2
DA:90,2
DA:92,2
DA:98,2
DA:99,2
DA:100,2
DA:101,2
DA:103,2
DA:104,2
DA:106,2
DA:110,2
DA:112,1
LF:73
LH:71
BRDA:16,0,0,2
BRDA:35,1,0,0
BRDA:41,2,0,0
BRDA:42,3,0,0
BRDA:49,4,0,0
BRDA:52,5,0,0
BRDA:61,6,0,0
BRDA:64,7,0,0
BRDA:72,8,0,0
BRDA:75,9,0,0
BRDA:84,10,0,0
BRDA:92,11,0,0
BRDA:100,12,0,0
BRDA:23,13,0,1
BRDA:27,14,0,0
BRF:15
BRH:2
end_of_record
TN:
SF:src\components\FileManagerPage.jsx
FN:15,FileManagerPage
FN:30,handleBeforeSend
FN:31,args.ajaxSettings.beforeSend
FN:42,onFileManagerCreated
FN:49,beforeDownload
FN:82,onFailure
FN:94,onFileOpen
FN:106,onFileSelect
FN:125,handleMetadataSave
FN:342,onChange
FN:358,onChange
FN:380,onChange
FN:391,onClick
FNF:13
FNH:4
FNDA:2,FileManagerPage
FNDA:2,handleBeforeSend
FNDA:2,args.ajaxSettings.beforeSend
FNDA:2,onFileManagerCreated
FNDA:0,beforeDownload
FNDA:0,onFailure
FNDA:0,onFileOpen
FNDA:0,onFileSelect
FNDA:0,handleMetadataSave
FNDA:0,onChange
FNDA:0,onChange
FNDA:0,onChange
FNDA:0,onClick
DA:1,1
DA:2,1
DA:3,1
DA:4,1
DA:5,1
DA:6,1
DA:13,1
DA:15,1
DA:16,2
DA:17,2
DA:18,2
DA:19,2
DA:20,2
DA:21,2
DA:22,2
DA:24,2
DA:25,2
DA:27,2
DA:28,2
DA:30,2
DA:31,2
DA:32,2
DA:33,2
DA:34,2
DA:35,2
DA:36,2
DA:37,2
DA:38,2
DA:39,2
DA:40,2
DA:41,2
DA:42,2
DA:43,2
DA:44,2
DA:45,0
DA:46,0
DA:47,0
DA:49,2
DA:50,0
DA:51,0
DA:53,0
DA:54,0
DA:55,0
DA:56,0
DA:58,0
DA:59,0
DA:60,0
DA:61,0
DA:62,0
DA:63,0
DA:64,0
DA:65,0
DA:66,0
DA:67,0
DA:68,0
DA:70,0
DA:71,0
DA:72,0
DA:73,0
DA:74,0
DA:75,0
DA:76,0
DA:77,0
DA:78,0
DA:79,0
DA:80,0
DA:82,2
DA:83,0
DA:84,0
DA:85,0
DA:86,0
DA:87,0
DA:88,0
DA:89,0
DA:91,0
DA:92,0
DA:94,2
DA:95,0
DA:96,0
DA:98,0
DA:99,0
DA:100,0
DA:101,0
DA:102,0
DA:103,0
DA:104,0
DA:106,2
DA:107,0
DA:108,0
DA:109,0
DA:110,0
DA:112,0
DA:113,0
DA:114,0
DA:115,0
DA:116,0
DA:117,0
DA:118,0
DA:119,0
DA:120,0
DA:121,0
DA:122,0
DA:123,0
DA:125,2
DA:126,0
DA:127,0
DA:128,0
DA:129,0
DA:130,0
DA:131,0
DA:132,0
DA:133,0
DA:134,0
DA:135,0
DA:136,0
DA:137,0
DA:138,0
DA:139,0
DA:140,0
DA:141,0
DA:142,0
DA:143,0
DA:144,0
DA:145,0
DA:147,2
DA:148,2
DA:149,2
DA:150,2
DA:151,2
DA:154,2
DA:304,2
DA:306,2
DA:307,2
DA:308,2
DA:309,2
DA:310,2
DA:312,2
DA:313,2
DA:314,2
DA:315,2
DA:316,2
DA:317,2
DA:318,2
DA:319,2
DA:320,2
DA:321,2
DA:322,2
DA:323,2
DA:326,2
DA:329,2
DA:330,2
DA:331,2
DA:332,2
DA:334,2
DA:337,2
DA:338,2
DA:339,2
DA:340,2
DA:341,2
DA:342,2
DA:343,2
DA:344,2
DA:345,0
DA:346,2
DA:350,2
DA:351,2
DA:352,2
DA:353,2
DA:354,2
DA:356,2
DA:357,2
DA:358,2
DA:359,2
DA:360,2
DA:361,2
DA:363,2
DA:364,2
DA:367,2
DA:368,2
DA:369,2
DA:370,2
DA:372,2
DA:373,2
DA:375,2
DA:377,2
DA:378,2
DA:379,2
DA:380,2
DA:381,2
DA:382,2
DA:386,2
DA:387,2
DA:390,2
DA:391,2
DA:392,2
DA:393,2
DA:404,2
LF:197
LH:111
BRDA:15,0,0,2
BRDA:150,1,0,0
BRDA:308,2,0,0
BRDA:331,3,0,0
BRDA:344,4,0,0
BRDA:353,5,0,0
BRDA:360,6,0,0
BRDA:382,7,0,0
BRDA:30,8,0,2
BRDA:31,9,0,2
BRDA:38,10,0,2
BRDA:42,11,0,2
BRDA:43,12,0,0
BRDA:44,13,0,0
BRF:14
BRH:5
end_of_record
TN:
SF:src\components\ForgotPassword.jsx
FN:7,ForgotPassword
FN:17,handleForgotPassword
FN:68,onChange
FNF:3
FNH:3
FNDA:13,ForgotPassword
FNDA:3,handleForgotPassword
FNDA:3,onChange
DA:1,1
DA:2,1
DA:3,1
DA:4,1
DA:5,1
DA:7,1
DA:9,13
DA:10,13
DA:11,13
DA:12,13
DA:13,13
DA:14,13
DA:17,13
DA:18,3
DA:19,3
DA:20,3
DA:21,3
DA:22,3
DA:23,2
DA:24,3
DA:25,1
DA:26,1
DA:27,3
DA:28,0
DA:29,3
DA:30,3
DA:31,3
DA:32,3
DA:34,13
DA:35,13
DA:36,13
DA:37,13
DA:38,13
DA:40,13
DA:41,13
DA:43,13
DA:44,13
DA:49,13
DA:50,13
DA:51,13
DA:52,0
DA:53,13
DA:54,13
DA:56,13
DA:58,13
DA:59,13
DA:62,13
DA:63,13
DA:66,13
DA:67,13
DA:68,13
DA:69,13
DA:70,13
DA:71,0
DA:72,13
DA:73,13
DA:74,13
DA:75,13
DA:76,13
DA:79,13
DA:80,13
DA:81,13
DA:82,0
DA:83,13
DA:84,13
DA:85,13
DA:86,13
DA:88,13
DA:94,13
DA:96,1
LF:70
LH:66
BRDA:7,0,0,13
BRDA:37,1,0,0
BRDA:51,2,0,0
BRDA:58,3,0,11
BRDA:70,4,0,0
BRDA:81,5,0,0
BRDA:88,6,0,3
BRDA:88,7,0,10
BRDA:17,8,0,3
BRDA:22,9,0,2
BRDA:24,10,0,1
BRDA:27,11,0,0
BRDA:68,12,0,3
BRF:13
BRH:8
end_of_record
TN:
SF:src\components\IdentitiesComponent.jsx
FN:6,IdentitiesComponent
FNF:1
FNH:1
FNDA:25,IdentitiesComponent
DA:1,1
DA:2,1
DA:3,1
DA:4,1
DA:6,1
DA:7,25
DA:8,25
DA:10,25
DA:11,25
DA:13,25
DA:14,20
DA:15,20
DA:17,20
DA:19,20
DA:20,10
DA:21,10
DA:22,10
DA:23,10
DA:24,10
DA:25,10
DA:26,25
DA:28,25
DA:29,25
DA:30,25
DA:31,25
DA:32,5
DA:33,20
DA:34,25
DA:35,25
DA:36,25
DA:37,25
DA:38,25
DA:44,25
DA:46,1
LF:34
LH:34
BRDA:6,0,0,25
BRDA:31,1,0,5
BRDA:32,2,0,20
BRDA:13,3,0,20
BRDA:17,4,0,14
BRDA:17,5,0,6
BRDA:19,6,0,10
BRF:7
BRH:7
end_of_record
TN:
SF:src\components\IdentityCardComponent.jsx
FN:4,IdentityCardComponent
FNF:1
FNH:1
FNDA:4,IdentityCardComponent
DA:1,1
DA:2,1
DA:4,1
DA:5,4
DA:7,4
DA:8,4
DA:9,4
DA:10,1
DA:11,3
DA:12,4
DA:13,4
DA:17,4
DA:19,1
LF:13
LH:13
BRDA:4,0,0,4
BRDA:9,1,0,1
BRDA:10,2,0,3
BRDA:13,3,0,3
BRF:4
BRH:4
end_of_record
TN:
SF:src\components\LandingPage.jsx
FN:19,LandingPage
FN:34,handleSignOut
FN:45,checkAdmin
FN:66,handleSubmit
FN:98,onMouseEnter
FN:99,onMouseLeave
FN:224,onChange
FNF:7
FNH:2
FNDA:2,LandingPage
FNDA:0,handleSignOut
FNDA:2,checkAdmin
FNDA:0,handleSubmit
FNDA:0,onMouseEnter
FNDA:0,onMouseLeave
FNDA:0,onChange
DA:1,1
DA:2,1
DA:3,1
DA:4,1
DA:5,1
DA:6,1
DA:7,1
DA:8,1
DA:9,1
DA:10,1
DA:11,1
DA:12,1
DA:13,1
DA:19,1
DA:20,2
DA:21,2
DA:22,2
DA:23,2
DA:24,2
DA:25,2
DA:26,2
DA:27,2
DA:29,2
DA:30,2
DA:31,2
DA:32,2
DA:34,2
DA:35,0
DA:36,0
DA:37,0
DA:38,0
DA:39,0
DA:40,0
DA:41,0
DA:42,0
DA:44,2
DA:45,2
DA:46,2
DA:47,0
DA:48,0
DA:49,0
DA:50,0
DA:54,0
DA:55,0
DA:56,0
DA:57,0
DA:58,0
DA:59,0
DA:60,0
DA:61,0
DA:62,2
DA:64,2
DA:65,2
DA:66,2
DA:67,0
DA:68,0
DA:69,0
DA:70,0
DA:73,2
DA:76,2
DA:80,2
DA:81,2
DA:82,2
DA:83,2
DA:84,2
DA:85,2
DA:86,2
DA:87,2
DA:88,2
DA:89,2
DA:96,2
DA:97,2
DA:98,2
DA:99,2
DA:101,2
DA:112,2
DA:113,2
DA:115,2
DA:116,2
DA:119,2
DA:121,2
DA:122,2
DA:123,2
DA:137,2
DA:138,2
DA:139,2
DA:140,2
DA:141,2
DA:142,2
DA:143,2
DA:147,2
DA:148,2
DA:149,2
DA:154,2
DA:155,2
DA:156,2
DA:160,2
DA:161,2
DA:162,2
DA:163,2
DA:168,2
DA:169,2
DA:170,2
DA:171,2
DA:172,2
DA:176,2
DA:177,2
DA:178,2
DA:185,2
DA:186,2
DA:187,2
DA:188,2
DA:189,0
DA:190,0
DA:191,0
DA:194,2
DA:201,2
DA:202,2
DA:203,2
DA:204,2
DA:205,2
DA:206,2
DA:207,2
DA:208,2
DA:209,2
DA:210,2
DA:213,2
DA:214,2
DA:215,2
DA:216,2
DA:217,2
DA:219,2
DA:220,2
DA:221,2
DA:222,2
DA:223,2
DA:224,2
DA:226,2
DA:227,2
DA:235,2
LF:140
LH:113
BRDA:19,0,0,2
BRDA:76,1,0,0
BRDA:97,2,0,0
BRDA:97,3,0,0
BRDA:113,4,0,0
BRDA:115,5,0,0
BRDA:123,6,0,0
BRDA:138,7,0,0
BRDA:172,8,0,0
BRDA:178,9,0,0
BRDA:188,10,0,0
BRDA:194,11,0,0
BRDA:202,12,0,0
BRDA:216,13,0,0
BRDA:44,14,0,2
BRDA:45,15,0,2
BRDA:46,16,0,0
BRF:17
BRH:3
end_of_record
TN:
SF:src\components\PrivacyPolicy.jsx
FN:6,PrivacyPolicy
FNF:1
FNH:1
FNDA:3,PrivacyPolicy
DA:1,1
DA:2,1
DA:3,1
DA:4,1
DA:6,1
DA:7,3
DA:9,3
DA:10,3
DA:11,3
DA:12,3
DA:13,3
DA:16,3
DA:17,3
DA:18,3
DA:20,3
DA:21,3
DA:27,3
DA:28,3
DA:29,3
DA:30,0
DA:31,3
DA:32,3
DA:34,3
DA:36,3
DA:37,3
DA:38,3
DA:39,3
DA:42,3
DA:43,3
DA:44,3
DA:45,3
DA:49,3
DA:50,3
DA:51,3
DA:52,3
DA:53,3
DA:54,3
DA:55,3
DA:59,3
DA:60,3
DA:61,3
DA:62,3
DA:63,3
DA:64,3
DA:65,3
DA:66,3
DA:70,3
DA:71,3
DA:72,3
DA:77,3
DA:78,3
DA:79,3
DA:84,3
DA:85,3
DA:86,3
DA:91,3
DA:92,3
DA:93,3
DA:98,3
DA:99,3
DA:100,3
DA:105,3
DA:106,3
DA:107,3
DA:108,3
DA:109,3
DA:110,3
DA:111,3
DA:112,3
DA:114,3
DA:121,3
DA:123,1
LF:72
LH:71
BRDA:6,0,0,3
BRDA:12,1,0,0
BRDA:29,2,0,0
BRF:3
BRH:1
end_of_record
TN:
SF:src\components\PrivateRoute.jsx
FN:6,PrivateRoute
FNF:1
FNH:1
FNDA:3,PrivateRoute
DA:1,1
DA:2,1
DA:3,1
DA:4,1
DA:6,1
DA:7,3
DA:9,3
DA:11,3
DA:12,3
DA:13,3
DA:15,3
DA:16,3
DA:17,3
DA:20,3
DA:22,1
LF:15
LH:15
BRDA:6,0,0,3
BRDA:12,1,0,2
BRDA:12,2,0,0
BRDA:13,3,0,2
BRDA:13,4,0,0
BRDA:17,5,0,1
BRF:6
BRH:4
end_of_record
TN:
SF:src\components\ResetPassword.jsx
FN:6,ResetPassword
FN:15,handleResetPassword
FN:57,onChange
FN:69,onChange
FNF:4
FNH:4
FNDA:15,ResetPassword
FNDA:3,handleResetPassword
FNDA:3,onChange
FNDA:3,onChange
DA:1,1
DA:2,1
DA:3,1
DA:4,1
DA:6,1
DA:7,15
DA:8,15
DA:9,15
DA:10,15
DA:11,15
DA:12,15
DA:13,15
DA:15,15
DA:16,3
DA:17,3
DA:18,1
DA:19,1
DA:20,1
DA:21,2
DA:22,2
DA:23,2
DA:24,3
DA:25,1
DA:26,1
DA:27,1
DA:28,1
DA:29,3
DA:30,0
DA:31,3
DA:32,2
DA:33,2
DA:34,3
DA:36,15
DA:37,15
DA:38,15
DA:39,15
DA:40,15
DA:42,15
DA:43,15
DA:44,15
DA:45,0
DA:46,15
DA:47,15
DA:49,15
DA:51,15
DA:52,15
DA:55,15
DA:56,15
DA:57,15
DA:58,15
DA:59,15
DA:60,0
DA:61,15
DA:62,15
DA:63,15
DA:64,15
DA:65,15
DA:68,15
DA:69,15
DA:70,15
DA:71,15
DA:72,0
DA:73,15
DA:74,15
DA:75,15
DA:76,15
DA:77,15
DA:80,15
DA:81,15
DA:82,15
DA:83,0
DA:84,15
DA:85,15
DA:86,15
DA:87,15
DA:89,15
DA:95,15
DA:97,1
LF:78
LH:73
BRDA:6,0,0,15
BRDA:39,1,0,0
BRDA:44,2,0,0
BRDA:59,3,0,0
BRDA:71,4,0,0
BRDA:82,5,0,0
BRDA:89,6,0,2
BRDA:89,7,0,13
BRDA:15,8,0,3
BRDA:17,9,0,1
BRDA:20,10,0,2
BRDA:24,11,0,1
BRDA:29,12,0,0
BRDA:31,13,0,2
BRDA:57,14,0,3
BRDA:69,15,0,3
BRF:16
BRH:10
end_of_record
TN:
SF:src\components\RestrictedRoute.jsx
FN:5,RestrictedRoute
FNF:1
FNH:1
FNDA:2,RestrictedRoute
DA:1,1
DA:2,1
DA:3,1
DA:5,1
DA:6,2
DA:8,2
DA:9,2
DA:10,2
DA:11,2
DA:14,2
DA:16,1
LF:11
LH:11
BRDA:5,0,0,2
BRDA:11,1,0,1
BRF:2
BRH:2
end_of_record
TN:
SF:src\components\ResultsGrid.jsx
FN:13,ResultsGrid
FN:62,onClick
FNF:2
FNH:2
FNDA:3,ResultsGrid
FNDA:1,onClick
DA:1,1
DA:2,1
DA:11,1
DA:13,1
DA:14,3
DA:15,3
DA:16,3
DA:17,3
DA:18,3
DA:22,3
DA:23,3
DA:24,3
DA:25,3
DA:26,3
DA:27,3
DA:28,1
DA:29,1
DA:30,1
DA:31,1
DA:32,1
DA:33,1
DA:36,3
DA:37,3
DA:38,3
DA:42,3
DA:43,3
DA:44,3
DA:46,3
DA:47,3
DA:51,3
DA:52,3
DA:53,3
DA:54,3
DA:55,3
DA:56,3
DA:57,3
DA:60,3
DA:61,3
DA:62,3
DA:63,3
DA:70,3
DA:73,3
LF:42
LH:42
BRDA:13,0,0,3
BRDA:22,1,0,3
BRDA:27,2,0,1
BRDA:27,3,0,1
BRDA:54,4,0,2
BRDA:62,5,0,1
BRF:6
BRH:6
end_of_record
TN:
SF:src\components\SearchFilters.jsx
FN:10,SearchFilters
FN:27,handleSearch
FN:43,onSubmit
FN:76,onChange
FNF:4
FNH:4
FNDA:4,SearchFilters
FNDA:1,handleSearch
FNDA:1,onSubmit
FNDA:1,onChange
DA:1,1
DA:2,1
DA:3,1
DA:4,1
DA:6,1
DA:7,1
DA:8,1
DA:10,1
DA:11,4
DA:12,4
DA:13,4
DA:14,4
DA:16,4
DA:17,4
DA:18,0
DA:19,0
DA:21,0
DA:22,0
DA:23,0
DA:24,4
DA:26,4
DA:27,4
DA:28,1
DA:29,1
DA:30,1
DA:31,1
DA:32,1
DA:33,1
DA:35,4
DA:36,4
DA:37,4
DA:38,4
DA:39,4
DA:40,4
DA:41,4
DA:42,4
DA:43,4
DA:46,4
DA:47,4
DA:48,4
DA:49,4
DA:50,4
DA:51,4
DA:52,4
DA:56,4
DA:57,4
DA:58,4
DA:59,4
DA:60,4
DA:64,4
DA:65,4
DA:66,4
DA:67,4
DA:68,4
DA:70,4
DA:71,4
DA:72,4
DA:73,4
DA:74,4
DA:75,4
DA:76,4
DA:77,4
DA:79,4
DA:80,4
DA:81,4
DA:82,4
DA:87,4
DA:88,4
DA:89,4
DA:90,4
DA:91,4
DA:97,4
LF:72
LH:67
BRDA:10,0,0,4
BRDA:27,1,0,1
BRDA:28,2,0,0
BRDA:43,3,0,1
BRDA:76,4,0,1
BRF:5
BRH:4
end_of_record
TN:
SF:src\components\SearchPage.jsx
FN:32,SearchPageLayout
FN:66,handleSearch
FN:117,handleSummarize
FN:145,handleDownload
FN:235,onChange
FN:251,onChange
FN:269,onChange
FN:286,onChange
FN:301,onChange
FN:318,onClick
FN:366,onChange
FN:402,onClick
FN:507,onClose
FNF:13
FNH:2
FNDA:3,SearchPageLayout
FNDA:0,handleSearch
FNDA:0,handleSummarize
FNDA:0,handleDownload
FNDA:0,onChange
FNDA:0,onChange
FNDA:0,onChange
FNDA:0,onChange
FNDA:0,onChange
FNDA:0,onClick
FNDA:1,onChange
FNDA:0,onClick
FNDA:0,onClose
DA:1,1
DA:2,1
DA:3,1
DA:21,1
DA:22,1
DA:23,1
DA:24,1
DA:25,1
DA:26,1
DA:27,1
DA:28,1
DA:29,1
DA:30,1
DA:32,1
DA:33,3
DA:34,3
DA:35,3
DA:36,3
DA:37,3
DA:38,3
DA:39,3
DA:40,3
DA:41,3
DA:42,3
DA:43,3
DA:44,3
DA:45,3
DA:46,3
DA:47,3
DA:48,3
DA:49,3
DA:50,3
DA:51,3
DA:53,3
DA:54,3
DA:55,3
DA:57,3
DA:58,2
DA:59,2
DA:60,2
DA:61,0
DA:62,0
DA:63,0
DA:64,3
DA:66,3
DA:67,0
DA:68,0
DA:69,0
DA:71,0
DA:72,0
DA:73,0
DA:74,0
DA:75,0
DA:76,0
DA:77,0
DA:78,0
DA:80,0
DA:81,0
DA:82,0
DA:83,0
DA:84,0
DA:85,0
DA:86,0
DA:87,0
DA:88,0
DA:90,0
DA:92,0
DA:94,0
DA:95,0
DA:96,0
DA:97,0
DA:98,0
DA:99,0
DA:100,0
DA:101,0
DA:104,0
DA:105,0
DA:106,0
DA:107,0
DA:108,0
DA:109,0
DA:110,0
DA:111,0
DA:112,0
DA:114,0
DA:115,0
DA:117,3
DA:118,0
DA:119,0
DA:120,0
DA:121,0
DA:122,0
DA:123,0
DA:124,0
DA:125,0
DA:126,0
DA:127,0
DA:128,0
DA:130,0
DA:132,0
DA:133,0
DA:134,0
DA:135,0
DA:136,0
DA:137,0
DA:138,0
DA:139,0
DA:140,0
DA:141,0
DA:142,0
DA:143,0
DA:145,3
DA:146,0
DA:147,0
DA:148,0
DA:149,0
DA:150,0
DA:151,0
DA:153,0
DA:155,0
DA:156,0
DA:157,0
DA:158,0
DA:159,0
DA:160,0
DA:161,0
DA:162,0
DA:163,0
DA:164,0
DA:165,0
DA:166,0
DA:167,0
DA:169,3
DA:170,3
DA:171,3
DA:172,3
DA:173,3
DA:174,3
DA:175,3
DA:176,3
DA:178,3
DA:179,3
DA:180,3
DA:181,3
DA:182,3
DA:183,3
DA:184,3
DA:186,3
DA:187,3
DA:188,3
DA:189,3
DA:190,3
DA:193,3
DA:194,3
DA:195,3
DA:196,3
DA:197,3
DA:200,3
DA:201,3
DA:202,3
DA:204,3
DA:208,3
DA:209,3
DA:210,3
DA:216,3
DA:217,3
DA:218,3
DA:219,3
DA:220,3
DA:221,3
DA:222,3
DA:223,3
DA:224,3
DA:226,3
DA:229,3
DA:231,3
DA:232,3
DA:233,3
DA:234,3
DA:235,3
DA:236,3
DA:237,3
DA:238,3
DA:239,3
DA:240,3
DA:241,3
DA:242,3
DA:243,3
DA:247,3
DA:248,3
DA:249,3
DA:250,3
DA:251,3
DA:252,3
DA:253,3
DA:254,3
DA:255,3
DA:256,3
DA:257,3
DA:258,3
DA:259,3
DA:263,3
DA:264,3
DA:267,3
DA:268,3
DA:269,3
DA:270,3
DA:271,3
DA:273,3
DA:274,3
DA:275,3
DA:276,3
DA:280,3
DA:281,3
DA:284,3
DA:285,3
DA:286,3
DA:287,3
DA:288,3
DA:290,3
DA:291,3
DA:295,3
DA:296,3
DA:299,3
DA:300,3
DA:301,3
DA:302,3
DA:303,3
DA:305,3
DA:306,3
DA:309,3
DA:310,3
DA:314,3
DA:315,3
DA:316,3
DA:317,3
DA:318,3
DA:319,0
DA:320,0
DA:321,0
DA:322,0
DA:323,0
DA:324,0
DA:325,3
DA:332,3
DA:333,3
DA:334,3
DA:335,3
DA:336,3
DA:337,3
DA:339,3
DA:340,3
DA:341,3
DA:342,3
DA:343,3
DA:344,3
DA:345,3
DA:346,3
DA:347,3
DA:348,3
DA:352,3
DA:353,3
DA:354,3
DA:355,3
DA:356,3
DA:357,3
DA:358,3
DA:359,3
DA:361,3
DA:362,3
DA:363,3
DA:364,3
DA:365,3
DA:366,3
DA:367,3
DA:368,3
DA:369,3
DA:370,3
DA:371,3
DA:372,3
DA:373,3
DA:374,3
DA:375,3
DA:376,3
DA:377,3
DA:378,3
DA:379,3
DA:380,3
DA:381,3
DA:382,3
DA:383,3
DA:384,3
DA:385,3
DA:386,0
DA:387,3
DA:388,3
DA:389,3
DA:390,3
DA:391,3
DA:392,3
DA:393,3
DA:394,3
DA:395,3
DA:396,3
DA:397,3
DA:398,3
DA:399,3
DA:400,3
DA:401,3
DA:402,3
DA:403,3
DA:404,3
DA:405,3
DA:406,3
DA:407,3
DA:408,3
DA:409,3
DA:410,3
DA:411,3
DA:412,3
DA:413,3
DA:414,3
DA:415,3
DA:417,3
DA:421,3
DA:422,3
DA:423,3
DA:424,3
DA:425,3
DA:426,3
DA:427,3
DA:428,3
DA:429,3
DA:430,3
DA:431,3
DA:432,3
DA:433,3
DA:434,3
DA:435,3
DA:436,3
DA:437,3
DA:439,3
DA:440,3
DA:441,3
DA:442,3
DA:443,3
DA:448,3
DA:469,3
DA:470,3
DA:471,3
DA:472,0
DA:473,0
DA:475,3
DA:476,0
DA:477,0
DA:478,0
DA:479,0
DA:480,0
DA:481,0
DA:483,0
DA:484,0
DA:485,0
DA:486,0
DA:488,0
DA:491,0
DA:494,3
DA:495,3
DA:496,3
DA:497,3
DA:504,3
DA:505,3
DA:506,3
DA:507,3
DA:509,3
DA:514,3
LF:375
LH:266
BRDA:32,0,0,3
BRDA:221,1,0,0
BRDA:223,2,0,0
BRDA:240,3,0,0
BRDA:241,4,0,0
BRDA:256,5,0,0
BRDA:257,6,0,0
BRDA:264,7,0,0
BRDA:271,8,0,0
BRDA:281,9,0,0
BRDA:288,10,0,0
BRDA:296,11,0,0
BRDA:303,12,0,0
BRDA:336,13,0,0
BRDA:373,14,0,0
BRDA:375,15,0,0
BRDA:381,16,0,0
BRDA:384,17,0,0
BRDA:385,18,0,0
BRDA:390,19,0,0
BRDA:393,20,0,0
BRDA:406,21,0,0
BRDA:410,22,0,0
BRDA:412,23,0,0
BRDA:430,24,0,0
BRDA:435,25,0,0
BRDA:471,26,0,0
BRDA:475,27,0,0
BRDA:57,28,0,2
BRDA:60,29,0,0
BRDA:366,30,0,1
BRF:31
BRH:3
end_of_record
TN:
SF:src\components\Signin.jsx
FN:12,Signin
FN:24,handleSignIn
FN:46,handleGithubSignIn
FN:110,onChange
FN:121,onChange
FNF:5
FNH:5
FNDA:14,Signin
FNDA:2,handleSignIn
FNDA:1,handleGithubSignIn
FNDA:2,onChange
FNDA:2,onChange
DA:1,1
DA:2,1
DA:3,1
DA:4,1
DA:5,1
DA:6,1
DA:7,1
DA:8,1
DA:12,1
DA:13,14
DA:14,14
DA:15,14
DA:16,14
DA:17,14
DA:18,14
DA:20,14
DA:21,14
DA:22,14
DA:24,14
DA:25,2
DA:26,2
DA:27,2
DA:28,2
DA:29,2
DA:30,1
DA:31,1
DA:32,1
DA:33,1
DA:34,1
DA:35,0
DA:36,0
DA:37,0
DA:38,1
DA:39,2
DA:40,0
DA:41,2
DA:42,2
DA:43,2
DA:44,2
DA:46,14
DA:47,1
DA:48,1
DA:49,1
DA:50,1
DA:51,0
DA:52,1
DA:53,1
DA:54,1
DA:55,1
DA:56,0
DA:57,1
DA:58,1
DA:59,1
DA:60,1
DA:62,14
DA:63,14
DA:64,14
DA:65,14
DA:66,14
DA:68,14
DA:69,14
DA:71,14
DA:72,14
DA:77,14
DA:78,14
DA:79,14
DA:80,0
DA:81,14
DA:82,14
DA:84,14
DA:86,14
DA:87,14
DA:90,14
DA:91,14
DA:92,14
DA:94,14
DA:95,14
DA:96,14
DA:97,14
DA:98,14
DA:99,14
DA:100,14
DA:102,14
DA:108,14
DA:109,14
DA:110,14
DA:111,14
DA:112,14
DA:113,0
DA:114,14
DA:115,14
DA:116,14
DA:117,14
DA:118,14
DA:120,14
DA:121,14
DA:122,14
DA:123,14
DA:124,0
DA:125,14
DA:126,14
DA:127,14
DA:128,14
DA:129,14
DA:131,14
DA:132,14
DA:133,14
DA:134,0
DA:135,14
DA:136,14
DA:137,14
DA:138,14
DA:140,14
DA:144,14
DA:145,14
DA:146,0
DA:147,14
DA:148,14
DA:149,14
DA:150,14
DA:153,14
DA:154,14
DA:155,14
DA:156,14
DA:157,14
DA:158,14
DA:159,0
DA:160,14
DA:161,14
DA:162,14
DA:169,14
DA:171,1
LF:132
LH:120
BRDA:12,0,0,14
BRDA:65,1,0,0
BRDA:79,2,0,0
BRDA:112,3,0,0
BRDA:123,4,0,0
BRDA:133,5,0,0
BRDA:140,6,0,3
BRDA:140,7,0,11
BRDA:145,8,0,0
BRDA:158,9,0,0
BRDA:24,10,0,2
BRDA:29,11,0,1
BRDA:34,12,0,0
BRDA:39,13,0,0
BRDA:33,14,0,1
BRDA:46,15,0,1
BRDA:50,16,0,0
BRDA:55,17,0,0
BRDA:110,18,0,2
BRDA:121,19,0,2
BRF:20
BRH:9
end_of_record
TN:
SF:src\components\Signup.jsx
FN:11,Signup
FN:23,handleSignup
FN:40,handleGithubSignIn
FN:82,onChange
FN:93,onChange
FN:104,onChange
FNF:6
FNH:6
FNDA:16,Signup
FNDA:2,handleSignup
FNDA:1,handleGithubSignIn
FNDA:2,onChange
FNDA:2,onChange
FNDA:2,onChange
DA:1,1
DA:2,1
DA:3,1
DA:4,1
DA:5,1
DA:6,1
DA:7,1
DA:8,1
DA:11,1
DA:12,16
DA:13,16
DA:14,16
DA:15,16
DA:16,16
DA:18,16
DA:19,16
DA:20,16
DA:23,16
DA:24,2
DA:25,2
DA:26,2
DA:27,2
DA:28,2
DA:29,1
DA:30,1
DA:31,1
DA:32,1
DA:33,2
DA:34,0
DA:35,2
DA:36,2
DA:37,2
DA:38,2
DA:40,16
DA:41,1
DA:42,1
DA:43,1
DA:44,1
DA:45,0
DA:46,1
DA:47,1
DA:48,1
DA:49,1
DA:50,0
DA:51,1
DA:52,1
DA:53,1
DA:54,1
DA:56,16
DA:57,16
DA:58,16
DA:59,16
DA:60,16
DA:61,16
DA:63,16
DA:64,16
DA:69,16
DA:70,16
DA:71,0
DA:72,16
DA:73,16
DA:74,16
DA:76,16
DA:77,16
DA:80,16
DA:81,16
DA:82,16
DA:83,16
DA:84,16
DA:85,0
DA:86,16
DA:87,16
DA:88,16
DA:89,16
DA:90,16
DA:92,16
DA:93,16
DA:94,16
DA:95,16
DA:96,0
DA:97,16
DA:98,16
DA:99,16
DA:100,16
DA:101,16
DA:103,16
DA:104,16
DA:105,16
DA:106,16
DA:107,0
DA:108,16
DA:109,16
DA:110,16
DA:111,16
DA:112,16
DA:122,16
DA:123,16
DA:124,16
DA:125,0
DA:126,16
DA:127,16
DA:128,16
DA:129,16
DA:131,16
DA:135,16
DA:136,16
DA:137,0
DA:138,16
DA:139,16
DA:140,16
DA:141,16
DA:144,16
DA:145,16
DA:146,16
DA:147,16
DA:148,16
DA:149,16
DA:150,0
DA:151,16
DA:152,16
DA:153,16
DA:160,16
DA:162,1
LF:123
LH:113
BRDA:11,0,0,16
BRDA:58,1,0,0
BRDA:70,2,0,0
BRDA:84,3,0,0
BRDA:95,4,0,0
BRDA:106,5,0,0
BRDA:124,6,0,0
BRDA:131,7,0,3
BRDA:131,8,0,13
BRDA:136,9,0,0
BRDA:149,10,0,0
BRDA:23,11,0,2
BRDA:28,12,0,1
BRDA:33,13,0,0
BRDA:40,14,0,1
BRDA:44,15,0,0
BRDA:49,16,0,0
BRDA:82,17,0,2
BRDA:93,18,0,2
BRDA:104,19,0,2
BRF:20
BRH:9
end_of_record
TN:
SF:src\components\layout.jsx
FN:5,Layout
FNF:1
FNH:1
FNDA:1,Layout
DA:1,1
DA:2,1
DA:3,1
DA:5,1
DA:6,1
DA:7,1
DA:9,1
DA:10,1
DA:14,1
DA:15,1
DA:16,1
DA:17,1
DA:19,1
DA:20,1
DA:21,1
DA:25,1
DA:26,1
DA:35,1
LF:18
LH:18
BRDA:5,0,0,1
BRF:1
BRH:1
end_of_record
TN:
SF:src\context\AuthContext.jsx
FN:6,AuthContextProvider
FN:11,signUpNewUser
FN:29,signInUser
FN:58,signOut
FN:67,requestReset
FN:75,changePassword
FN:85,updateUsernameAndEmail
FN:96,signInWithGithub
FN:108,getIdentities
FN:120,UserAuth
FNF:10
FNH:10
FNDA:19,AuthContextProvider
FNDA:1,signUpNewUser
FNDA:1,signInUser
FNDA:1,signOut
FNDA:1,requestReset
FNDA:1,changePassword
FNDA:1,updateUsernameAndEmail
FNDA:1,signInWithGithub
FNDA:19,getIdentities
FNDA:19,UserAuth
DA:1,1
DA:2,1
DA:4,1
DA:6,1
DA:7,19
DA:8,19
DA:10,19
DA:11,19
DA:12,1
DA:13,1
DA:14,1
DA:15,1
DA:16,1
DA:17,1
DA:18,1
DA:19,1
DA:20,1
DA:21,1
DA:22,0
DA:23,0
DA:24,0
DA:25,1
DA:26,1
DA:28,19
DA:29,19
DA:30,1
DA:31,1
DA:32,1
DA:33,1
DA:34,1
DA:35,1
DA:36,0
DA:37,0
DA:38,0
DA:39,1
DA:40,1
DA:41,0
DA:42,0
DA:43,1
DA:45,19
DA:46,19
DA:47,10
DA:48,10
DA:49,10
DA:50,10
DA:52,10
DA:53,0
DA:54,0
DA:55,19
DA:57,19
DA:58,19
DA:59,1
DA:60,1
DA:61,0
DA:62,0
DA:63,1
DA:64,1
DA:66,19
DA:67,19
DA:68,1
DA:69,1
DA:70,1
DA:71,1
DA:72,1
DA:74,19
DA:75,19
DA:77,1
DA:78,1
DA:79,0
DA:80,0
DA:81,1
DA:82,1
DA:84,19
DA:85,19
DA:86,1
DA:87,1
DA:88,1
DA:89,1
DA:90,0
DA:91,0
DA:92,1
DA:93,1
DA:95,19
DA:96,19
DA:97,1
DA:98,1
DA:99,1
DA:100,1
DA:101,0
DA:102,0
DA:103,0
DA:104,1
DA:105,1
DA:107,19
DA:108,19
DA:109,19
DA:110,19
DA:111,19
DA:113,19
DA:114,19
DA:115,19
DA:118,19
DA:120,1
DA:121,19
DA:122,19
LF:105
LH:86
BRDA:6,0,0,19
BRDA:11,1,0,1
BRDA:21,2,0,0
BRDA:29,3,0,1
BRDA:35,4,0,0
BRDA:40,5,0,0
BRDA:46,6,0,10
BRDA:47,7,0,10
BRDA:58,8,0,1
BRDA:60,9,0,0
BRDA:67,10,0,1
BRDA:75,11,0,1
BRDA:78,12,0,0
BRDA:85,13,0,1
BRDA:89,14,0,0
BRDA:96,15,0,1
BRDA:100,16,0,0
BRDA:108,17,0,19
BRDA:109,18,0,1
BRDA:120,19,0,19
BRF:20
BRH:13
end_of_record
TN:
SF:src\context\DarkModeContext.jsx
FN:5,DarkModeProvider
FN:21,toggleDarkMode
FN:41,useDarkMode
FNF:3
FNH:3
FNDA:8,DarkModeProvider
FNDA:2,toggleDarkMode
FNDA:8,useDarkMode
DA:1,1
DA:3,1
DA:5,1
DA:6,8
DA:9,8
DA:10,4
DA:11,4
DA:12,4
DA:14,4
DA:15,2
DA:16,2
DA:17,2
DA:18,2
DA:19,8
DA:21,8
DA:22,2
DA:23,2
DA:24,2
DA:25,2
DA:26,1
DA:27,1
DA:28,1
DA:29,1
DA:30,2
DA:31,2
DA:32,2
DA:34,8
DA:35,8
DA:36,8
DA:39,8
DA:41,1
LF:31
LH:31
BRDA:5,0,0,8
BRDA:9,1,0,4
BRDA:11,2,0,2
BRDA:11,3,0,2
BRDA:14,4,0,2
BRDA:21,5,0,2
BRDA:22,6,0,2
BRDA:25,7,0,1
BRDA:41,8,0,8
BRF:9
BRH:9
end_of_record
