<?xml version="1.0" encoding="UTF-8"?>
<coverage generated="1748182746153" clover="3.2.0">
  <project timestamp="1748182746153" name="All files">
    <metrics statements="614" coveredstatements="341" conditionals="337" coveredconditionals="161" methods="61" coveredmethods="44" elements="1012" coveredelements="546" complexity="0" loc="614" ncloc="614" packages="1" files="3" classes="3"/>
    <file name="adminApplicationController.js" path="C:\Users\mooho\Desktop\SD-Project\api\controllers\adminApplicationController.js">
      <metrics statements="65" coveredstatements="63" conditionals="26" coveredconditionals="25" methods="7" coveredmethods="7"/>
      <line num="1" count="1" type="stmt"/>
      <line num="4" count="1" type="stmt"/>
      <line num="10" count="1" type="stmt"/>
      <line num="11" count="5" type="stmt"/>
      <line num="13" count="5" type="stmt"/>
      <line num="20" count="5" type="cond" truecount="2" falsecount="0"/>
      <line num="21" count="1" type="stmt"/>
      <line num="22" count="1" type="stmt"/>
      <line num="25" count="4" type="cond" truecount="4" falsecount="0"/>
      <line num="26" count="3" type="stmt"/>
      <line num="27" count="3" type="stmt"/>
      <line num="28" count="3" type="stmt"/>
      <line num="30" count="3" type="stmt"/>
      <line num="31" count="3" type="cond" truecount="2" falsecount="0"/>
      <line num="32" count="2" type="cond" truecount="2" falsecount="0"/>
      <line num="33" count="1" type="stmt"/>
      <line num="35" count="3" type="stmt"/>
      <line num="41" count="1" type="stmt"/>
      <line num="51" count="1" type="stmt"/>
      <line num="53" count="2" type="stmt"/>
      <line num="57" count="2" type="cond" truecount="2" falsecount="0"/>
      <line num="58" count="1" type="stmt"/>
      <line num="59" count="1" type="stmt"/>
      <line num="62" count="1" type="stmt"/>
      <line num="66" count="1" type="stmt"/>
      <line num="68" count="2" type="stmt"/>
      <line num="72" count="2" type="cond" truecount="2" falsecount="0"/>
      <line num="73" count="1" type="stmt"/>
      <line num="74" count="1" type="stmt"/>
      <line num="77" count="1" type="stmt"/>
      <line num="81" count="1" type="stmt"/>
      <line num="82" count="3" type="stmt"/>
      <line num="84" count="3" type="stmt"/>
      <line num="87" count="3" type="cond" truecount="2" falsecount="0"/>
      <line num="88" count="1" type="stmt"/>
      <line num="89" count="1" type="stmt"/>
      <line num="92" count="2" type="stmt"/>
      <line num="98" count="2" type="cond" truecount="2" falsecount="0"/>
      <line num="99" count="1" type="stmt"/>
      <line num="100" count="1" type="stmt"/>
      <line num="103" count="1" type="stmt"/>
      <line num="107" count="1" type="stmt"/>
      <line num="108" count="2" type="stmt"/>
      <line num="110" count="2" type="stmt"/>
      <line num="113" count="2" type="cond" truecount="1" falsecount="1"/>
      <line num="114" count="0" type="stmt"/>
      <line num="115" count="0" type="stmt"/>
      <line num="118" count="2" type="stmt"/>
      <line num="122" count="2" type="cond" truecount="2" falsecount="0"/>
      <line num="123" count="1" type="stmt"/>
      <line num="124" count="1" type="stmt"/>
      <line num="127" count="1" type="stmt"/>
      <line num="131" count="1" type="stmt"/>
      <line num="132" count="2" type="stmt"/>
      <line num="134" count="2" type="stmt"/>
      <line num="139" count="2" type="cond" truecount="2" falsecount="0"/>
      <line num="140" count="1" type="stmt"/>
      <line num="141" count="1" type="stmt"/>
      <line num="144" count="1" type="stmt"/>
      <line num="148" count="1" type="stmt"/>
      <line num="149" count="2" type="stmt"/>
      <line num="151" count="2" type="stmt"/>
      <line num="161" count="2" type="cond" truecount="2" falsecount="0"/>
      <line num="162" count="1" type="stmt"/>
      <line num="165" count="1" type="stmt"/>
    </file>
    <file name="fileManagerController.js" path="C:\Users\mooho\Desktop\SD-Project\api\controllers\fileManagerController.js">
      <metrics statements="430" coveredstatements="190" conditionals="249" coveredconditionals="99" methods="40" coveredmethods="25"/>
      <line num="1" count="10" type="stmt"/>
      <line num="2" count="10" type="stmt"/>
      <line num="3" count="10" type="stmt"/>
      <line num="4" count="10" type="stmt"/>
      <line num="5" count="10" type="stmt"/>
      <line num="7" count="10" type="stmt"/>
      <line num="8" count="10" type="stmt"/>
      <line num="9" count="10" type="stmt"/>
      <line num="12" count="10" type="stmt"/>
      <line num="15" count="10" type="stmt"/>
      <line num="18" count="10" type="stmt"/>
      <line num="26" count="0" type="stmt"/>
      <line num="28" count="0" type="stmt"/>
      <line num="30" count="0" type="stmt"/>
      <line num="32" count="0" type="stmt"/>
      <line num="33" count="0" type="stmt"/>
      <line num="34" count="0" type="stmt"/>
      <line num="39" count="0" type="stmt"/>
      <line num="42" count="10" type="stmt"/>
      <line num="44" count="3" type="stmt"/>
      <line num="49" count="1" type="stmt"/>
      <line num="51" count="10" type="stmt"/>
      <line num="53" count="3" type="stmt"/>
      <line num="54" count="3" type="stmt"/>
      <line num="55" count="3" type="stmt"/>
      <line num="56" count="1" type="stmt"/>
      <line num="57" count="1" type="cond" truecount="1" falsecount="1"/>
      <line num="58" count="0" type="stmt"/>
      <line num="60" count="3" type="stmt"/>
      <line num="62" count="10" type="stmt"/>
      <line num="65" count="1" type="stmt"/>
      <line num="67" count="2" type="stmt"/>
      <line num="69" count="10" type="stmt"/>
      <line num="71" count="2" type="stmt"/>
      <line num="74" count="2" type="cond" truecount="2" falsecount="0"/>
      <line num="75" count="1" type="stmt"/>
      <line num="76" count="1" type="stmt"/>
      <line num="79" count="1" type="stmt"/>
      <line num="81" count="10" type="stmt"/>
      <line num="83" count="1" type="stmt"/>
      <line num="87" count="1" type="stmt"/>
      <line num="89" count="10" type="stmt"/>
      <line num="91" count="0" type="stmt"/>
      <line num="96" count="10" type="stmt"/>
      <line num="98" count="1" type="stmt"/>
      <line num="103" count="10" type="stmt"/>
      <line num="107" count="2" type="stmt"/>
      <line num="109" count="2" type="cond" truecount="3" falsecount="1"/>
      <line num="111" count="0" type="stmt"/>
      <line num="119" count="2" type="stmt"/>
      <line num="120" count="2" type="stmt"/>
      <line num="122" count="0" type="stmt"/>
      <line num="127" count="2" type="stmt"/>
      <line num="128" count="2" type="cond" truecount="1" falsecount="1"/>
      <line num="129" count="0" type="stmt"/>
      <line num="137" count="2" type="stmt"/>
      <line num="138" count="2" type="cond" truecount="1" falsecount="1"/>
      <line num="140" count="0" type="stmt"/>
      <line num="144" count="10" type="stmt"/>
      <line num="146" count="3" type="stmt"/>
      <line num="150" count="3" type="cond" truecount="2" falsecount="0"/>
      <line num="152" count="10" type="stmt"/>
      <line num="155" count="3" type="stmt"/>
      <line num="157" count="3" type="cond" truecount="2" falsecount="0"/>
      <line num="159" count="2" type="stmt"/>
      <line num="162" count="2" type="stmt"/>
      <line num="164" count="2" type="cond" truecount="2" falsecount="0"/>
      <line num="168" count="10" type="stmt"/>
      <line num="170" count="2" type="stmt"/>
      <line num="175" count="2" type="cond" truecount="2" falsecount="0"/>
      <line num="176" count="1" type="stmt"/>
      <line num="178" count="10" type="stmt"/>
      <line num="180" count="2" type="stmt"/>
      <line num="184" count="2" type="cond" truecount="2" falsecount="0"/>
      <line num="186" count="10" type="stmt"/>
      <line num="188" count="4" type="cond" truecount="2" falsecount="0"/>
      <line num="189" count="4" type="cond" truecount="2" falsecount="0"/>
      <line num="190" count="4" type="stmt"/>
      <line num="192" count="4" type="stmt"/>
      <line num="193" count="7" type="stmt"/>
      <line num="198" count="7" type="cond" truecount="2" falsecount="0"/>
      <line num="199" count="3" type="stmt"/>
      <line num="201" count="4" type="stmt"/>
      <line num="204" count="7" type="stmt"/>
      <line num="205" count="7" type="cond" truecount="4" falsecount="0"/>
      <line num="206" count="6" type="stmt"/>
      <line num="209" count="3" type="stmt"/>
      <line num="211" count="10" type="stmt"/>
      <line num="213" count="10" type="stmt"/>
      <line num="215" count="9" type="stmt"/>
      <line num="216" count="9" type="stmt"/>
      <line num="217" count="9" type="cond" truecount="8" falsecount="0"/>
      <line num="219" count="1" type="stmt"/>
      <line num="221" count="1" type="stmt"/>
      <line num="223" count="1" type="stmt"/>
      <line num="225" count="1" type="stmt"/>
      <line num="227" count="1" type="stmt"/>
      <line num="229" count="1" type="stmt"/>
      <line num="231" count="1" type="stmt"/>
      <line num="233" count="1" type="stmt"/>
      <line num="236" count="10" type="stmt"/>
      <line num="237" count="1" type="stmt"/>
      <line num="238" count="1" type="cond" truecount="2" falsecount="0"/>
      <line num="240" count="1" type="cond" truecount="1" falsecount="1"/>
      <line num="245" count="1" type="stmt"/>
      <line num="249" count="1" type="cond" truecount="1" falsecount="1"/>
      <line num="250" count="1" type="stmt"/>
      <line num="252" count="0" type="stmt"/>
      <line num="255" count="1" type="stmt"/>
      <line num="258" count="1" type="stmt"/>
      <line num="261" count="1" type="cond" truecount="1" falsecount="1"/>
      <line num="262" count="1" type="stmt"/>
      <line num="264" count="0" type="stmt"/>
      <line num="266" count="1" type="stmt"/>
      <line num="267" count="1" type="cond" truecount="1" falsecount="1"/>
      <line num="270" count="1" type="cond" truecount="1" falsecount="1"/>
      <line num="271" count="1" type="stmt"/>
      <line num="279" count="0" type="stmt"/>
      <line num="293" count="0" type="stmt"/>
      <line num="314" count="0" type="stmt"/>
      <line num="315" count="0" type="stmt"/>
      <line num="318" count="10" type="stmt"/>
      <line num="319" count="1" type="stmt"/>
      <line num="320" count="1" type="cond" truecount="2" falsecount="0"/>
      <line num="321" count="1" type="stmt"/>
      <line num="322" count="1" type="stmt"/>
      <line num="323" count="1" type="cond" truecount="2" falsecount="0"/>
      <line num="324" count="1" type="cond" truecount="1" falsecount="1"/>
      <line num="325" count="1" type="cond" truecount="2" falsecount="0"/>
      <line num="326" count="1" type="cond" truecount="1" falsecount="1"/>
      <line num="327" count="1" type="stmt"/>
      <line num="329" count="0" type="stmt"/>
      <line num="330" count="0" type="stmt"/>
      <line num="331" count="0" type="stmt"/>
      <line num="335" count="0" type="cond" truecount="0" falsecount="2"/>
      <line num="339" count="0" type="stmt"/>
      <line num="347" count="0" type="cond" truecount="0" falsecount="2"/>
      <line num="348" count="0" type="stmt"/>
      <line num="352" count="0" type="cond" truecount="0" falsecount="2"/>
      <line num="353" count="0" type="stmt"/>
      <line num="354" count="0" type="stmt"/>
      <line num="355" count="0" type="cond" truecount="0" falsecount="2"/>
      <line num="356" count="0" type="stmt"/>
      <line num="360" count="0" type="stmt"/>
      <line num="362" count="0" type="stmt"/>
      <line num="366" count="0" type="stmt"/>
      <line num="368" count="0" type="stmt"/>
      <line num="370" count="0" type="stmt"/>
      <line num="383" count="0" type="cond" truecount="0" falsecount="4"/>
      <line num="384" count="0" type="cond" truecount="0" falsecount="2"/>
      <line num="386" count="0" type="stmt"/>
      <line num="387" count="0" type="stmt"/>
      <line num="389" count="0" type="stmt"/>
      <line num="392" count="0" type="stmt"/>
      <line num="393" count="0" type="stmt"/>
      <line num="394" count="0" type="stmt"/>
      <line num="400" count="0" type="stmt"/>
      <line num="402" count="0" type="stmt"/>
      <line num="403" count="0" type="stmt"/>
      <line num="405" count="0" type="stmt"/>
      <line num="407" count="0" type="stmt"/>
      <line num="411" count="0" type="stmt"/>
      <line num="414" count="0" type="stmt"/>
      <line num="419" count="0" type="stmt"/>
      <line num="420" count="0" type="cond" truecount="0" falsecount="2"/>
      <line num="421" count="0" type="stmt"/>
      <line num="423" count="0" type="cond" truecount="0" falsecount="2"/>
      <line num="424" count="0" type="stmt"/>
      <line num="427" count="10" type="stmt"/>
      <line num="428" count="4" type="stmt"/>
      <line num="429" count="4" type="cond" truecount="2" falsecount="0"/>
      <line num="430" count="4" type="cond" truecount="2" falsecount="0"/>
      <line num="432" count="4" type="cond" truecount="2" falsecount="0"/>
      <line num="433" count="3" type="stmt"/>
      <line num="434" count="3" type="stmt"/>
      <line num="435" count="3" type="stmt"/>
      <line num="439" count="3" type="cond" truecount="2" falsecount="0"/>
      <line num="440" count="1" type="stmt"/>
      <line num="442" count="2" type="stmt"/>
      <line num="446" count="2" type="cond" truecount="2" falsecount="0"/>
      <line num="447" count="1" type="stmt"/>
      <line num="449" count="1" type="stmt"/>
      <line num="450" count="1" type="stmt"/>
      <line num="467" count="0" type="stmt"/>
      <line num="471" count="1" type="cond" truecount="1" falsecount="1"/>
      <line num="472" count="0" type="stmt"/>
      <line num="473" count="0" type="stmt"/>
      <line num="474" count="0" type="stmt"/>
      <line num="475" count="0" type="stmt"/>
      <line num="476" count="0" type="stmt"/>
      <line num="477" count="0" type="stmt"/>
      <line num="478" count="0" type="stmt"/>
      <line num="479" count="0" type="stmt"/>
      <line num="480" count="0" type="stmt"/>
      <line num="484" count="0" type="cond" truecount="0" falsecount="2"/>
      <line num="486" count="0" type="stmt"/>
      <line num="490" count="0" type="cond" truecount="0" falsecount="2"/>
      <line num="491" count="0" type="stmt"/>
      <line num="495" count="0" type="cond" truecount="0" falsecount="2"/>
      <line num="496" count="0" type="stmt"/>
      <line num="497" count="0" type="stmt"/>
      <line num="514" count="0" type="cond" truecount="0" falsecount="2"/>
      <line num="518" count="1" type="stmt"/>
      <line num="522" count="10" type="stmt"/>
      <line num="523" count="1" type="stmt"/>
      <line num="524" count="1" type="cond" truecount="1" falsecount="1"/>
      <line num="525" count="1" type="cond" truecount="2" falsecount="0"/>
      <line num="526" count="1" type="stmt"/>
      <line num="527" count="1" type="cond" truecount="1" falsecount="1"/>
      <line num="528" count="1" type="stmt"/>
      <line num="530" count="1" type="stmt"/>
      <line num="535" count="1" type="cond" truecount="3" falsecount="1"/>
      <line num="536" count="0" type="stmt"/>
      <line num="537" count="0" type="stmt"/>
      <line num="540" count="1" type="stmt"/>
      <line num="541" count="1" type="cond" truecount="1" falsecount="1"/>
      <line num="545" count="1" type="stmt"/>
      <line num="546" count="1" type="cond" truecount="1" falsecount="1"/>
      <line num="547" count="1" type="stmt"/>
      <line num="550" count="1" type="stmt"/>
      <line num="553" count="1" type="stmt"/>
      <line num="558" count="1" type="stmt"/>
      <line num="559" count="1" type="stmt"/>
      <line num="576" count="0" type="stmt"/>
      <line num="577" count="0" type="stmt"/>
      <line num="583" count="1" type="cond" truecount="1" falsecount="1"/>
      <line num="584" count="0" type="stmt"/>
      <line num="585" count="0" type="stmt"/>
      <line num="588" count="0" type="stmt"/>
      <line num="589" count="0" type="cond" truecount="0" falsecount="2"/>
      <line num="592" count="0" type="cond" truecount="0" falsecount="2"/>
      <line num="596" count="0" type="cond" truecount="0" falsecount="2"/>
      <line num="599" count="0" type="cond" truecount="0" falsecount="2"/>
      <line num="603" count="0" type="stmt"/>
      <line num="604" count="0" type="stmt"/>
      <line num="607" count="0" type="stmt"/>
      <line num="608" count="0" type="stmt"/>
      <line num="609" count="0" type="stmt"/>
      <line num="612" count="0" type="stmt"/>
      <line num="615" count="0" type="stmt"/>
      <line num="616" count="0" type="stmt"/>
      <line num="617" count="0" type="stmt"/>
      <line num="619" count="0" type="stmt"/>
      <line num="620" count="0" type="stmt"/>
      <line num="622" count="0" type="stmt"/>
      <line num="623" count="0" type="stmt"/>
      <line num="639" count="0" type="stmt"/>
      <line num="640" count="0" type="stmt"/>
      <line num="646" count="10" type="stmt"/>
      <line num="648" count="4" type="cond" truecount="2" falsecount="0"/>
      <line num="649" count="4" type="cond" truecount="4" falsecount="0"/>
      <line num="653" count="4" type="stmt"/>
      <line num="656" count="4" type="cond" truecount="2" falsecount="0"/>
      <line num="657" count="1" type="stmt"/>
      <line num="659" count="3" type="stmt"/>
      <line num="660" count="3" type="stmt"/>
      <line num="665" count="2" type="cond" truecount="2" falsecount="0"/>
      <line num="666" count="1" type="stmt"/>
      <line num="667" count="1" type="stmt"/>
      <line num="670" count="1" type="stmt"/>
      <line num="671" count="1" type="stmt"/>
      <line num="687" count="1" type="stmt"/>
      <line num="688" count="1" type="stmt"/>
      <line num="691" count="10" type="stmt"/>
      <line num="692" count="0" type="stmt"/>
      <line num="693" count="0" type="stmt"/>
      <line num="694" count="0" type="stmt"/>
      <line num="696" count="0" type="cond" truecount="0" falsecount="2"/>
      <line num="697" count="0" type="cond" truecount="0" falsecount="2"/>
      <line num="698" count="0" type="stmt"/>
      <line num="699" count="0" type="stmt"/>
      <line num="700" count="0" type="cond" truecount="0" falsecount="2"/>
      <line num="702" count="0" type="stmt"/>
      <line num="707" count="0" type="cond" truecount="0" falsecount="4"/>
      <line num="708" count="0" type="stmt"/>
      <line num="709" count="0" type="stmt"/>
      <line num="712" count="0" type="stmt"/>
      <line num="713" count="0" type="stmt"/>
      <line num="714" count="0" type="stmt"/>
      <line num="715" count="0" type="stmt"/>
      <line num="716" count="0" type="stmt"/>
      <line num="717" count="0" type="stmt"/>
      <line num="718" count="0" type="stmt"/>
      <line num="721" count="0" type="stmt"/>
      <line num="722" count="0" type="cond" truecount="0" falsecount="2"/>
      <line num="723" count="0" type="stmt"/>
      <line num="726" count="0" type="stmt"/>
      <line num="729" count="0" type="stmt"/>
      <line num="741" count="0" type="cond" truecount="0" falsecount="2"/>
      <line num="742" count="0" type="stmt"/>
      <line num="743" count="0" type="stmt"/>
      <line num="760" count="0" type="stmt"/>
      <line num="761" count="0" type="stmt"/>
      <line num="765" count="0" type="cond" truecount="0" falsecount="2"/>
      <line num="767" count="0" type="stmt"/>
      <line num="768" count="0" type="cond" truecount="0" falsecount="2"/>
      <line num="769" count="0" type="stmt"/>
      <line num="771" count="0" type="stmt"/>
      <line num="774" count="0" type="stmt"/>
      <line num="781" count="0" type="stmt"/>
      <line num="782" count="0" type="stmt"/>
      <line num="783" count="0" type="stmt"/>
      <line num="784" count="0" type="stmt"/>
      <line num="787" count="0" type="stmt"/>
      <line num="789" count="0" type="stmt"/>
      <line num="792" count="0" type="stmt"/>
      <line num="793" count="0" type="stmt"/>
      <line num="799" count="0" type="stmt"/>
      <line num="800" count="0" type="stmt"/>
      <line num="804" count="0" type="stmt"/>
      <line num="805" count="0" type="stmt"/>
      <line num="806" count="0" type="stmt"/>
      <line num="807" count="0" type="cond" truecount="0" falsecount="2"/>
      <line num="808" count="0" type="stmt"/>
      <line num="810" count="0" type="stmt"/>
      <line num="815" count="0" type="stmt"/>
      <line num="819" count="0" type="stmt"/>
      <line num="820" count="0" type="stmt"/>
      <line num="821" count="0" type="stmt"/>
      <line num="822" count="0" type="stmt"/>
      <line num="823" count="0" type="cond" truecount="0" falsecount="4"/>
      <line num="826" count="0" type="stmt"/>
      <line num="827" count="0" type="stmt"/>
      <line num="830" count="0" type="stmt"/>
      <line num="831" count="0" type="stmt"/>
      <line num="843" count="0" type="cond" truecount="0" falsecount="2"/>
      <line num="844" count="0" type="stmt"/>
      <line num="845" count="0" type="stmt"/>
      <line num="856" count="0" type="stmt"/>
      <line num="857" count="0" type="stmt"/>
      <line num="874" count="0" type="stmt"/>
      <line num="875" count="0" type="stmt"/>
      <line num="882" count="10" type="stmt"/>
      <line num="883" count="0" type="stmt"/>
      <line num="884" count="0" type="stmt"/>
      <line num="886" count="0" type="cond" truecount="0" falsecount="2"/>
      <line num="888" count="0" type="cond" truecount="0" falsecount="2"/>
      <line num="889" count="0" type="cond" truecount="0" falsecount="2"/>
      <line num="890" count="0" type="stmt"/>
      <line num="892" count="0" type="stmt"/>
      <line num="897" count="0" type="cond" truecount="0" falsecount="4"/>
      <line num="898" count="0" type="stmt"/>
      <line num="902" count="0" type="stmt"/>
      <line num="904" count="0" type="stmt"/>
      <line num="906" count="0" type="stmt"/>
      <line num="909" count="0" type="stmt"/>
      <line num="912" count="0" type="stmt"/>
      <line num="922" count="0" type="cond" truecount="0" falsecount="2"/>
      <line num="924" count="0" type="stmt"/>
      <line num="925" count="0" type="stmt"/>
      <line num="940" count="0" type="stmt"/>
      <line num="941" count="0" type="cond" truecount="0" falsecount="2"/>
      <line num="944" count="0" type="cond" truecount="0" falsecount="2"/>
      <line num="945" count="0" type="stmt"/>
      <line num="947" count="0" type="stmt"/>
      <line num="950" count="0" type="cond" truecount="0" falsecount="2"/>
      <line num="953" count="0" type="cond" truecount="0" falsecount="2"/>
      <line num="956" count="0" type="stmt"/>
      <line num="957" count="0" type="cond" truecount="0" falsecount="2"/>
      <line num="960" count="0" type="stmt"/>
      <line num="961" count="0" type="stmt"/>
      <line num="962" count="0" type="stmt"/>
      <line num="965" count="0" type="stmt"/>
      <line num="966" count="0" type="stmt"/>
      <line num="967" count="0" type="stmt"/>
      <line num="970" count="0" type="stmt"/>
      <line num="973" count="0" type="stmt"/>
      <line num="974" count="0" type="stmt"/>
      <line num="975" count="0" type="stmt"/>
      <line num="977" count="0" type="stmt"/>
      <line num="978" count="0" type="stmt"/>
      <line num="981" count="0" type="stmt"/>
      <line num="982" count="0" type="stmt"/>
      <line num="998" count="0" type="stmt"/>
      <line num="999" count="0" type="stmt"/>
      <line num="1008" count="10" type="stmt"/>
      <line num="1009" count="3" type="stmt"/>
      <line num="1011" count="3" type="stmt"/>
      <line num="1013" count="3" type="cond" truecount="1" falsecount="1"/>
      <line num="1015" count="3" type="stmt"/>
      <line num="1016" count="3" type="cond" truecount="1" falsecount="1"/>
      <line num="1017" count="0" type="stmt"/>
      <line num="1022" count="3" type="stmt"/>
      <line num="1029" count="3" type="cond" truecount="4" falsecount="0"/>
      <line num="1030" count="1" type="stmt"/>
      <line num="1033" count="2" type="stmt"/>
      <line num="1035" count="2" type="stmt"/>
      <line num="1040" count="2" type="cond" truecount="4" falsecount="0"/>
      <line num="1041" count="1" type="stmt"/>
      <line num="1043" count="1" type="stmt"/>
      <line num="1044" count="1" type="stmt"/>
      <line num="1047" count="1" type="stmt"/>
      <line num="1052" count="1" type="stmt"/>
      <line num="1054" count="1" type="stmt"/>
      <line num="1056" count="0" type="stmt"/>
      <line num="1057" count="0" type="stmt"/>
      <line num="1060" count="10" type="stmt"/>
      <line num="1061" count="1" type="stmt"/>
      <line num="1064" count="1" type="stmt"/>
      <line num="1070" count="1" type="cond" truecount="1" falsecount="1"/>
      <line num="1072" count="1" type="stmt"/>
      <line num="1087" count="1" type="stmt"/>
      <line num="1089" count="10" type="stmt"/>
      <line num="1090" count="0" type="stmt"/>
      <line num="1091" count="0" type="stmt"/>
      <line num="1092" count="0" type="stmt"/>
      <line num="1095" count="0" type="cond" truecount="0" falsecount="2"/>
      <line num="1096" count="0" type="stmt"/>
      <line num="1100" count="0" type="stmt"/>
      <line num="1105" count="0" type="cond" truecount="0" falsecount="2"/>
      <line num="1106" count="0" type="stmt"/>
      <line num="1107" count="0" type="stmt"/>
      <line num="1111" count="0" type="stmt"/>
      <line num="1115" count="0" type="cond" truecount="0" falsecount="4"/>
      <line num="1116" count="0" type="stmt"/>
      <line num="1117" count="0" type="stmt"/>
      <line num="1121" count="0" type="stmt"/>
      <line num="1125" count="0" type="stmt"/>
      <line num="1129" count="0" type="stmt"/>
      <line num="1130" count="0" type="stmt"/>
      <line num="1136" count="0" type="stmt"/>
      <line num="1137" count="0" type="stmt"/>
      <line num="1139" count="0" type="stmt"/>
      <line num="1140" count="0" type="stmt"/>
      <line num="1144" count="0" type="stmt"/>
      <line num="1148" count="0" type="cond" truecount="0" falsecount="2"/>
      <line num="1149" count="0" type="stmt"/>
      <line num="1153" count="0" type="stmt"/>
      <line num="1160" count="0" type="stmt"/>
      <line num="1161" count="0" type="stmt"/>
    </file>
    <file name="searchController.js" path="C:\Users\mooho\Desktop\SD-Project\api\controllers\searchController.js">
      <metrics statements="119" coveredstatements="88" conditionals="62" coveredconditionals="37" methods="14" coveredmethods="12"/>
      <line num="4" count="6" type="stmt"/>
      <line num="5" count="6" type="stmt"/>
      <line num="6" count="6" type="stmt"/>
      <line num="7" count="6" type="stmt"/>
      <line num="8" count="6" type="stmt"/>
      <line num="10" count="6" type="stmt"/>
      <line num="13" count="6" type="stmt"/>
      <line num="17" count="6" type="stmt"/>
      <line num="18" count="6" type="stmt"/>
      <line num="23" count="2" type="stmt"/>
      <line num="25" count="2" type="stmt"/>
      <line num="27" count="2" type="stmt"/>
      <line num="29" count="2" type="stmt"/>
      <line num="30" count="2" type="stmt"/>
      <line num="31" count="2" type="stmt"/>
      <line num="36" count="4" type="stmt"/>
      <line num="39" count="6" type="stmt"/>
      <line num="40" count="3" type="stmt"/>
      <line num="49" count="3" type="stmt"/>
      <line num="50" count="3" type="cond" truecount="2" falsecount="0"/>
      <line num="51" count="1" type="stmt"/>
      <line num="55" count="2" type="stmt"/>
      <line num="62" count="2" type="stmt"/>
      <line num="69" count="2" type="cond" truecount="1" falsecount="1"/>
      <line num="71" count="0" type="stmt"/>
      <line num="74" count="2" type="stmt"/>
      <line num="75" count="2" type="cond" truecount="2" falsecount="0"/>
      <line num="77" count="1" type="cond" truecount="3" falsecount="1"/>
      <line num="78" count="0" type="stmt"/>
      <line num="80" count="1" type="stmt"/>
      <line num="83" count="1" type="stmt"/>
      <line num="84" count="1" type="cond" truecount="1" falsecount="1"/>
      <line num="85" count="0" type="stmt"/>
      <line num="87" count="1" type="cond" truecount="1" falsecount="1"/>
      <line num="88" count="0" type="stmt"/>
      <line num="90" count="1" type="cond" truecount="1" falsecount="1"/>
      <line num="91" count="0" type="stmt"/>
      <line num="94" count="1" type="stmt"/>
      <line num="97" count="1" type="stmt"/>
      <line num="98" count="1" type="cond" truecount="1" falsecount="1"/>
      <line num="99" count="1" type="cond" truecount="1" falsecount="1"/>
      <line num="100" count="0" type="stmt"/>
      <line num="105" count="1" type="stmt"/>
      <line num="108" count="1" type="stmt"/>
      <line num="109" count="1" type="cond" truecount="1" falsecount="1"/>
      <line num="110" count="1" type="stmt"/>
      <line num="111" count="0" type="cond" truecount="0" falsecount="2"/>
      <line num="112" count="0" type="stmt"/>
      <line num="113" count="0" type="stmt"/>
      <line num="114" count="0" type="cond" truecount="0" falsecount="2"/>
      <line num="115" count="0" type="stmt"/>
      <line num="119" count="0" type="stmt"/>
      <line num="123" count="1" type="stmt"/>
      <line num="126" count="1" type="stmt"/>
      <line num="127" count="1" type="stmt"/>
      <line num="137" count="1" type="stmt"/>
      <line num="146" count="1" type="stmt"/>
      <line num="156" count="1" type="stmt"/>
      <line num="157" count="1" type="stmt"/>
      <line num="160" count="1" type="cond" truecount="1" falsecount="1"/>
      <line num="161" count="1" type="stmt"/>
      <line num="162" count="0" type="cond" truecount="0" falsecount="2"/>
      <line num="164" count="0" type="stmt"/>
      <line num="168" count="1" type="stmt"/>
      <line num="170" count="1" type="stmt"/>
      <line num="177" count="1" type="stmt"/>
      <line num="178" count="1" type="stmt"/>
      <line num="181" count="6" type="stmt"/>
      <line num="182" count="2" type="stmt"/>
      <line num="183" count="2" type="stmt"/>
      <line num="185" count="2" type="stmt"/>
      <line num="188" count="2" type="cond" truecount="4" falsecount="0"/>
      <line num="189" count="1" type="stmt"/>
      <line num="192" count="1" type="cond" truecount="2" falsecount="2"/>
      <line num="193" count="0" type="stmt"/>
      <line num="198" count="0" type="cond" truecount="0" falsecount="2"/>
      <line num="199" count="0" type="stmt"/>
      <line num="201" count="0" type="stmt"/>
      <line num="203" count="0" type="stmt"/>
      <line num="204" count="0" type="stmt"/>
      <line num="206" count="0" type="stmt"/>
      <line num="209" count="0" type="stmt"/>
      <line num="214" count="0" type="cond" truecount="0" falsecount="2"/>
      <line num="215" count="0" type="stmt"/>
      <line num="220" count="0" type="stmt"/>
      <line num="226" count="1" type="stmt"/>
      <line num="233" count="1" type="stmt"/>
      <line num="239" count="1" type="stmt"/>
      <line num="248" count="1" type="stmt"/>
      <line num="254" count="1" type="stmt"/>
      <line num="255" count="1" type="stmt"/>
      <line num="256" count="1" type="cond" truecount="1" falsecount="1"/>
      <line num="257" count="1" type="stmt"/>
      <line num="258" count="0" type="cond" truecount="0" falsecount="2"/>
      <line num="259" count="0" type="stmt"/>
      <line num="262" count="1" type="stmt"/>
      <line num="264" count="0" type="stmt"/>
      <line num="265" count="0" type="stmt"/>
      <line num="268" count="6" type="stmt"/>
      <line num="269" count="5" type="stmt"/>
      <line num="271" count="5" type="stmt"/>
      <line num="273" count="5" type="cond" truecount="2" falsecount="0"/>
      <line num="275" count="5" type="stmt"/>
      <line num="276" count="5" type="cond" truecount="2" falsecount="0"/>
      <line num="277" count="1" type="stmt"/>
      <line num="282" count="4" type="stmt"/>
      <line num="289" count="4" type="cond" truecount="4" falsecount="0"/>
      <line num="290" count="2" type="stmt"/>
      <line num="293" count="2" type="stmt"/>
      <line num="295" count="2" type="stmt"/>
      <line num="300" count="2" type="cond" truecount="4" falsecount="0"/>
      <line num="301" count="1" type="stmt"/>
      <line num="303" count="1" type="stmt"/>
      <line num="304" count="1" type="stmt"/>
      <line num="307" count="1" type="stmt"/>
      <line num="312" count="1" type="stmt"/>
      <line num="314" count="1" type="stmt"/>
      <line num="316" count="0" type="stmt"/>
      <line num="317" count="0" type="stmt"/>
    </file>
  </project>
</coverage>
