{"C:\\Users\\mooho\\Desktop\\SD-Project\\api\\controllers\\adminApplicationController.js": {"path":"C:\\Users\\mooho\\Desktop\\SD-Project\\api\\controllers\\adminApplicationController.js","statementMap":{"0":{"start":{"line":1,"column":25},"end":{"line":1,"column":57}},"1":{"start":{"line":4,"column":17},"end":{"line":7,"column":1}},"2":{"start":{"line":10,"column":0},"end":{"line":47,"column":2}},"3":{"start":{"line":11,"column":15},"end":{"line":11,"column":25}},"4":{"start":{"line":13,"column":24},"end":{"line":18,"column":17}},"5":{"start":{"line":20,"column":4},"end":{"line":23,"column":5}},"6":{"start":{"line":21,"column":8},"end":{"line":21,"column":69}},"7":{"start":{"line":22,"column":8},"end":{"line":22,"column":62}},"8":{"start":{"line":25,"column":4},"end":{"line":46,"column":5}},"9":{"start":{"line":26,"column":23},"end":{"line":26,"column":30}},"10":{"start":{"line":27,"column":25},"end":{"line":27,"column":52}},"11":{"start":{"line":28,"column":23},"end":{"line":28,"column":48}},"12":{"start":{"line":30,"column":21},"end":{"line":30,"column":23}},"13":{"start":{"line":31,"column":8},"end":{"line":33,"column":32}},"14":{"start":{"line":31,"column":22},"end":{"line":31,"column":42}},"15":{"start":{"line":32,"column":13},"end":{"line":33,"column":32}},"16":{"start":{"line":32,"column":25},"end":{"line":32,"column":43}},"17":{"start":{"line":33,"column":13},"end":{"line":33,"column":32}},"18":{"start":{"line":35,"column":8},"end":{"line":39,"column":11}},"19":{"start":{"line":41,"column":8},"end":{"line":45,"column":11}},"20":{"start":{"line":51,"column":0},"end":{"line":63,"column":2}},"21":{"start":{"line":53,"column":28},"end":{"line":55,"column":20}},"22":{"start":{"line":57,"column":4},"end":{"line":60,"column":5}},"23":{"start":{"line":58,"column":8},"end":{"line":58,"column":69}},"24":{"start":{"line":59,"column":8},"end":{"line":59,"column":62}},"25":{"start":{"line":62,"column":4},"end":{"line":62,"column":26}},"26":{"start":{"line":66,"column":0},"end":{"line":78,"column":2}},"27":{"start":{"line":68,"column":28},"end":{"line":70,"column":20}},"28":{"start":{"line":72,"column":4},"end":{"line":75,"column":5}},"29":{"start":{"line":73,"column":8},"end":{"line":73,"column":69}},"30":{"start":{"line":74,"column":8},"end":{"line":74,"column":62}},"31":{"start":{"line":77,"column":4},"end":{"line":77,"column":26}},"32":{"start":{"line":81,"column":0},"end":{"line":104,"column":2}},"33":{"start":{"line":82,"column":17},"end":{"line":82,"column":25}},"34":{"start":{"line":84,"column":33},"end":{"line":86,"column":26}},"35":{"start":{"line":87,"column":4},"end":{"line":90,"column":5}},"36":{"start":{"line":88,"column":8},"end":{"line":88,"column":79}},"37":{"start":{"line":89,"column":8},"end":{"line":89,"column":66}},"38":{"start":{"line":92,"column":22},"end":{"line":96,"column":28}},"39":{"start":{"line":98,"column":4},"end":{"line":101,"column":5}},"40":{"start":{"line":99,"column":8},"end":{"line":99,"column":62}},"41":{"start":{"line":100,"column":8},"end":{"line":100,"column":62}},"42":{"start":{"line":103,"column":4},"end":{"line":103,"column":31}},"43":{"start":{"line":107,"column":0},"end":{"line":128,"column":2}},"44":{"start":{"line":108,"column":17},"end":{"line":108,"column":25}},"45":{"start":{"line":110,"column":33},"end":{"line":112,"column":26}},"46":{"start":{"line":113,"column":4},"end":{"line":116,"column":5}},"47":{"start":{"line":114,"column":8},"end":{"line":114,"column":75}},"48":{"start":{"line":115,"column":8},"end":{"line":115,"column":62}},"49":{"start":{"line":118,"column":22},"end":{"line":120,"column":47}},"50":{"start":{"line":122,"column":4},"end":{"line":125,"column":5}},"51":{"start":{"line":123,"column":8},"end":{"line":123,"column":62}},"52":{"start":{"line":124,"column":8},"end":{"line":124,"column":62}},"53":{"start":{"line":127,"column":4},"end":{"line":127,"column":31}},"54":{"start":{"line":131,"column":0},"end":{"line":145,"column":2}},"55":{"start":{"line":132,"column":17},"end":{"line":132,"column":25}},"56":{"start":{"line":134,"column":22},"end":{"line":137,"column":26}},"57":{"start":{"line":139,"column":4},"end":{"line":142,"column":5}},"58":{"start":{"line":140,"column":8},"end":{"line":140,"column":63}},"59":{"start":{"line":141,"column":8},"end":{"line":141,"column":62}},"60":{"start":{"line":144,"column":4},"end":{"line":144,"column":31}},"61":{"start":{"line":148,"column":0},"end":{"line":166,"column":2}},"62":{"start":{"line":149,"column":40},"end":{"line":149,"column":48}},"63":{"start":{"line":151,"column":22},"end":{"line":159,"column":10}},"64":{"start":{"line":161,"column":4},"end":{"line":163,"column":5}},"65":{"start":{"line":162,"column":8},"end":{"line":162,"column":45}},"66":{"start":{"line":165,"column":4},"end":{"line":165,"column":31}}},"fnMap":{"0":{"name":"(anonymous_0)","decl":{"start":{"line":10,"column":27},"end":{"line":10,"column":28}},"loc":{"start":{"line":10,"column":47},"end":{"line":47,"column":1}},"line":10},"1":{"name":"(anonymous_1)","decl":{"start":{"line":51,"column":23},"end":{"line":51,"column":24}},"loc":{"start":{"line":51,"column":43},"end":{"line":63,"column":1}},"line":51},"2":{"name":"(anonymous_2)","decl":{"start":{"line":66,"column":23},"end":{"line":66,"column":24}},"loc":{"start":{"line":66,"column":43},"end":{"line":78,"column":1}},"line":66},"3":{"name":"(anonymous_3)","decl":{"start":{"line":81,"column":22},"end":{"line":81,"column":23}},"loc":{"start":{"line":81,"column":42},"end":{"line":104,"column":1}},"line":81},"4":{"name":"(anonymous_4)","decl":{"start":{"line":107,"column":19},"end":{"line":107,"column":20}},"loc":{"start":{"line":107,"column":39},"end":{"line":128,"column":1}},"line":107},"5":{"name":"(anonymous_5)","decl":{"start":{"line":131,"column":21},"end":{"line":131,"column":22}},"loc":{"start":{"line":131,"column":41},"end":{"line":145,"column":1}},"line":131},"6":{"name":"(anonymous_6)","decl":{"start":{"line":148,"column":28},"end":{"line":148,"column":29}},"loc":{"start":{"line":148,"column":48},"end":{"line":166,"column":1}},"line":148}},"branchMap":{"0":{"loc":{"start":{"line":20,"column":4},"end":{"line":23,"column":5}},"type":"if","locations":[{"start":{"line":20,"column":4},"end":{"line":23,"column":5}},{"start":{},"end":{}}],"line":20},"1":{"loc":{"start":{"line":25,"column":4},"end":{"line":46,"column":5}},"type":"if","locations":[{"start":{"line":25,"column":4},"end":{"line":46,"column":5}},{"start":{"line":40,"column":11},"end":{"line":46,"column":5}}],"line":25},"2":{"loc":{"start":{"line":25,"column":8},"end":{"line":25,"column":31}},"type":"binary-expr","locations":[{"start":{"line":25,"column":8},"end":{"line":25,"column":12}},{"start":{"line":25,"column":16},"end":{"line":25,"column":31}}],"line":25},"3":{"loc":{"start":{"line":31,"column":8},"end":{"line":33,"column":32}},"type":"if","locations":[{"start":{"line":31,"column":8},"end":{"line":33,"column":32}},{"start":{"line":32,"column":13},"end":{"line":33,"column":32}}],"line":31},"4":{"loc":{"start":{"line":32,"column":13},"end":{"line":33,"column":32}},"type":"if","locations":[{"start":{"line":32,"column":13},"end":{"line":33,"column":32}},{"start":{"line":33,"column":13},"end":{"line":33,"column":32}}],"line":32},"5":{"loc":{"start":{"line":57,"column":4},"end":{"line":60,"column":5}},"type":"if","locations":[{"start":{"line":57,"column":4},"end":{"line":60,"column":5}},{"start":{},"end":{}}],"line":57},"6":{"loc":{"start":{"line":72,"column":4},"end":{"line":75,"column":5}},"type":"if","locations":[{"start":{"line":72,"column":4},"end":{"line":75,"column":5}},{"start":{},"end":{}}],"line":72},"7":{"loc":{"start":{"line":87,"column":4},"end":{"line":90,"column":5}},"type":"if","locations":[{"start":{"line":87,"column":4},"end":{"line":90,"column":5}},{"start":{},"end":{}}],"line":87},"8":{"loc":{"start":{"line":98,"column":4},"end":{"line":101,"column":5}},"type":"if","locations":[{"start":{"line":98,"column":4},"end":{"line":101,"column":5}},{"start":{},"end":{}}],"line":98},"9":{"loc":{"start":{"line":113,"column":4},"end":{"line":116,"column":5}},"type":"if","locations":[{"start":{"line":113,"column":4},"end":{"line":116,"column":5}},{"start":{},"end":{}}],"line":113},"10":{"loc":{"start":{"line":122,"column":4},"end":{"line":125,"column":5}},"type":"if","locations":[{"start":{"line":122,"column":4},"end":{"line":125,"column":5}},{"start":{},"end":{}}],"line":122},"11":{"loc":{"start":{"line":139,"column":4},"end":{"line":142,"column":5}},"type":"if","locations":[{"start":{"line":139,"column":4},"end":{"line":142,"column":5}},{"start":{},"end":{}}],"line":139},"12":{"loc":{"start":{"line":161,"column":4},"end":{"line":163,"column":5}},"type":"if","locations":[{"start":{"line":161,"column":4},"end":{"line":163,"column":5}},{"start":{},"end":{}}],"line":161}},"s":{"0":1,"1":1,"2":1,"3":5,"4":5,"5":5,"6":1,"7":1,"8":4,"9":3,"10":3,"11":3,"12":3,"13":3,"14":1,"15":2,"16":1,"17":1,"18":3,"19":1,"20":1,"21":2,"22":2,"23":1,"24":1,"25":1,"26":1,"27":2,"28":2,"29":1,"30":1,"31":1,"32":1,"33":3,"34":3,"35":3,"36":1,"37":1,"38":2,"39":2,"40":1,"41":1,"42":1,"43":1,"44":2,"45":2,"46":2,"47":0,"48":0,"49":2,"50":2,"51":1,"52":1,"53":1,"54":1,"55":2,"56":2,"57":2,"58":1,"59":1,"60":1,"61":1,"62":2,"63":2,"64":2,"65":1,"66":1},"f":{"0":5,"1":2,"2":2,"3":3,"4":2,"5":2,"6":2},"b":{"0":[1,4],"1":[3,1],"2":[4,4],"3":[1,2],"4":[1,1],"5":[1,1],"6":[1,1],"7":[1,2],"8":[1,1],"9":[0,2],"10":[1,1],"11":[1,1],"12":[1,1]},"_coverageSchema":"1a1c01bbd47fc00a2c39e90264f33305004495a9","hash":"00b72da78dffa8f18ab4df7ee3309423b65a52f2"}
,"C:\\Users\\mooho\\Desktop\\SD-Project\\api\\controllers\\fileManagerController.js": {"path":"C:\\Users\\mooho\\Desktop\\SD-Project\\api\\controllers\\fileManagerController.js","statementMap":{"0":{"start":{"line":1,"column":25},"end":{"line":1,"column":57}},"1":{"start":{"line":2,"column":17},"end":{"line":2,"column":81}},"2":{"start":{"line":3,"column":15},"end":{"line":3,"column":42}},"3":{"start":{"line":4,"column":21},"end":{"line":4,"column":27}},"4":{"start":{"line":5,"column":40},"end":{"line":5,"column":73}},"5":{"start":{"line":7,"column":12},"end":{"line":7,"column":47}},"6":{"start":{"line":8,"column":36},"end":{"line":8,"column":42}},"7":{"start":{"line":9,"column":20},"end":{"line":9,"column":23}},"8":{"start":{"line":12,"column":22},"end":{"line":14,"column":1}},"9":{"start":{"line":15,"column":20},"end":{"line":15,"column":62}},"10":{"start":{"line":18,"column":17},"end":{"line":21,"column":2}},"11":{"start":{"line":26,"column":19},"end":{"line":26,"column":96}},"12":{"start":{"line":28,"column":20},"end":{"line":31,"column":3}},"13":{"start":{"line":30,"column":4},"end":{"line":30,"column":69}},"14":{"start":{"line":32,"column":21},"end":{"line":32,"column":71}},"15":{"start":{"line":33,"column":2},"end":{"line":40,"column":4}},"16":{"start":{"line":34,"column":4},"end":{"line":39,"column":29}},"17":{"start":{"line":39,"column":15},"end":{"line":39,"column":28}},"18":{"start":{"line":42,"column":0},"end":{"line":42,"column":32}},"19":{"start":{"line":44,"column":2},"end":{"line":49,"column":22}},"20":{"start":{"line":49,"column":15},"end":{"line":49,"column":21}},"21":{"start":{"line":51,"column":0},"end":{"line":51,"column":30}},"22":{"start":{"line":53,"column":17},"end":{"line":53,"column":19}},"23":{"start":{"line":54,"column":16},"end":{"line":54,"column":41}},"24":{"start":{"line":55,"column":2},"end":{"line":59,"column":3}},"25":{"start":{"line":56,"column":4},"end":{"line":56,"column":34}},"26":{"start":{"line":57,"column":4},"end":{"line":57,"column":33}},"27":{"start":{"line":57,"column":28},"end":{"line":57,"column":33}},"28":{"start":{"line":58,"column":4},"end":{"line":58,"column":48}},"29":{"start":{"line":60,"column":2},"end":{"line":60,"column":27}},"30":{"start":{"line":62,"column":0},"end":{"line":62,"column":42}},"31":{"start":{"line":65,"column":2},"end":{"line":67,"column":37}},"32":{"start":{"line":67,"column":15},"end":{"line":67,"column":36}},"33":{"start":{"line":67,"column":31},"end":{"line":67,"column":35}},"34":{"start":{"line":69,"column":0},"end":{"line":69,"column":56}},"35":{"start":{"line":71,"column":26},"end":{"line":72,"column":58}},"36":{"start":{"line":74,"column":2},"end":{"line":77,"column":3}},"37":{"start":{"line":75,"column":4},"end":{"line":75,"column":63}},"38":{"start":{"line":76,"column":4},"end":{"line":76,"column":16}},"39":{"start":{"line":79,"column":2},"end":{"line":79,"column":14}},"40":{"start":{"line":81,"column":0},"end":{"line":81,"column":52}},"41":{"start":{"line":83,"column":2},"end":{"line":87,"column":22}},"42":{"start":{"line":87,"column":15},"end":{"line":87,"column":21}},"43":{"start":{"line":89,"column":0},"end":{"line":89,"column":46}},"44":{"start":{"line":91,"column":2},"end":{"line":94,"column":23}},"45":{"start":{"line":96,"column":0},"end":{"line":96,"column":48}},"46":{"start":{"line":98,"column":2},"end":{"line":101,"column":21}},"47":{"start":{"line":103,"column":0},"end":{"line":103,"column":40}},"48":{"start":{"line":107,"column":4},"end":{"line":107,"column":57}},"49":{"start":{"line":109,"column":2},"end":{"line":115,"column":3}},"50":{"start":{"line":111,"column":4},"end":{"line":114,"column":6}},"51":{"start":{"line":119,"column":2},"end":{"line":123,"column":3}},"52":{"start":{"line":120,"column":4},"end":{"line":120,"column":48}},"53":{"start":{"line":122,"column":4},"end":{"line":122,"column":84}},"54":{"start":{"line":127,"column":4},"end":{"line":127,"column":78}},"55":{"start":{"line":128,"column":2},"end":{"line":133,"column":3}},"56":{"start":{"line":129,"column":4},"end":{"line":132,"column":6}},"57":{"start":{"line":137,"column":4},"end":{"line":137,"column":57}},"58":{"start":{"line":138,"column":2},"end":{"line":141,"column":3}},"59":{"start":{"line":140,"column":4},"end":{"line":140,"column":83}},"60":{"start":{"line":144,"column":0},"end":{"line":144,"column":46}},"61":{"start":{"line":146,"column":20},"end":{"line":149,"column":21}},"62":{"start":{"line":150,"column":2},"end":{"line":150,"column":25}},"63":{"start":{"line":150,"column":13},"end":{"line":150,"column":25}},"64":{"start":{"line":152,"column":0},"end":{"line":152,"column":44}},"65":{"start":{"line":155,"column":33},"end":{"line":156,"column":46}},"66":{"start":{"line":157,"column":2},"end":{"line":157,"column":25}},"67":{"start":{"line":157,"column":13},"end":{"line":157,"column":25}},"68":{"start":{"line":159,"column":17},"end":{"line":159,"column":41}},"69":{"start":{"line":162,"column":27},"end":{"line":163,"column":83}},"70":{"start":{"line":164,"column":2},"end":{"line":164,"column":25}},"71":{"start":{"line":164,"column":13},"end":{"line":164,"column":25}},"72":{"start":{"line":168,"column":0},"end":{"line":168,"column":46}},"73":{"start":{"line":170,"column":26},"end":{"line":174,"column":13}},"74":{"start":{"line":175,"column":2},"end":{"line":175,"column":25}},"75":{"start":{"line":175,"column":13},"end":{"line":175,"column":25}},"76":{"start":{"line":176,"column":2},"end":{"line":176,"column":14}},"77":{"start":{"line":178,"column":0},"end":{"line":178,"column":48}},"78":{"start":{"line":180,"column":20},"end":{"line":183,"column":23}},"79":{"start":{"line":184,"column":2},"end":{"line":184,"column":25}},"80":{"start":{"line":184,"column":13},"end":{"line":184,"column":25}},"81":{"start":{"line":186,"column":0},"end":{"line":186,"column":45}},"82":{"start":{"line":188,"column":16},"end":{"line":188,"column":57}},"83":{"start":{"line":189,"column":19},"end":{"line":189,"column":48}},"84":{"start":{"line":190,"column":17},"end":{"line":190,"column":21}},"85":{"start":{"line":192,"column":2},"end":{"line":207,"column":3}},"86":{"start":{"line":193,"column":16},"end":{"line":196,"column":26}},"87":{"start":{"line":198,"column":4},"end":{"line":202,"column":5}},"88":{"start":{"line":199,"column":6},"end":{"line":199,"column":42}},"89":{"start":{"line":201,"column":6},"end":{"line":201,"column":46}},"90":{"start":{"line":204,"column":28},"end":{"line":204,"column":48}},"91":{"start":{"line":205,"column":4},"end":{"line":205,"column":36}},"92":{"start":{"line":205,"column":24},"end":{"line":205,"column":36}},"93":{"start":{"line":206,"column":4},"end":{"line":206,"column":23}},"94":{"start":{"line":209,"column":2},"end":{"line":209,"column":18}},"95":{"start":{"line":211,"column":0},"end":{"line":211,"column":46}},"96":{"start":{"line":213,"column":0},"end":{"line":235,"column":1}},"97":{"start":{"line":215,"column":69},"end":{"line":215,"column":77}},"98":{"start":{"line":216,"column":4},"end":{"line":216,"column":26}},"99":{"start":{"line":217,"column":6},"end":{"line":234,"column":3}},"100":{"start":{"line":219,"column":6},"end":{"line":219,"column":47}},"101":{"start":{"line":221,"column":6},"end":{"line":221,"column":58}},"102":{"start":{"line":223,"column":6},"end":{"line":223,"column":55}},"103":{"start":{"line":225,"column":6},"end":{"line":225,"column":57}},"104":{"start":{"line":227,"column":6},"end":{"line":227,"column":63}},"105":{"start":{"line":229,"column":6},"end":{"line":229,"column":63}},"106":{"start":{"line":231,"column":6},"end":{"line":231,"column":66}},"107":{"start":{"line":233,"column":6},"end":{"line":233,"column":50}},"108":{"start":{"line":236,"column":0},"end":{"line":317,"column":2}},"109":{"start":{"line":237,"column":2},"end":{"line":316,"column":3}},"110":{"start":{"line":238,"column":20},"end":{"line":238,"column":67}},"111":{"start":{"line":240,"column":6},"end":{"line":242,"column":40}},"112":{"start":{"line":245,"column":18},"end":{"line":247,"column":53}},"113":{"start":{"line":249,"column":0},"end":{"line":253,"column":1}},"114":{"start":{"line":250,"column":2},"end":{"line":250,"column":50}},"115":{"start":{"line":252,"column":2},"end":{"line":252,"column":54}},"116":{"start":{"line":255,"column":39},"end":{"line":255,"column":56}},"117":{"start":{"line":258,"column":20},"end":{"line":260,"column":87}},"118":{"start":{"line":261,"column":4},"end":{"line":265,"column":5}},"119":{"start":{"line":262,"column":8},"end":{"line":262,"column":52}},"120":{"start":{"line":264,"column":8},"end":{"line":264,"column":56}},"121":{"start":{"line":266,"column":42},"end":{"line":266,"column":57}},"122":{"start":{"line":267,"column":4},"end":{"line":267,"column":27}},"123":{"start":{"line":267,"column":15},"end":{"line":267,"column":27}},"124":{"start":{"line":270,"column":20},"end":{"line":270,"column":63}},"125":{"start":{"line":271,"column":4},"end":{"line":311,"column":7}},"126":{"start":{"line":279,"column":29},"end":{"line":291,"column":9}},"127":{"start":{"line":293,"column":27},"end":{"line":307,"column":9}},"128":{"start":{"line":314,"column":4},"end":{"line":314,"column":23}},"129":{"start":{"line":315,"column":4},"end":{"line":315,"column":49}},"130":{"start":{"line":318,"column":0},"end":{"line":426,"column":2}},"131":{"start":{"line":319,"column":2},"end":{"line":425,"column":3}},"132":{"start":{"line":320,"column":29},"end":{"line":320,"column":59}},"133":{"start":{"line":321,"column":19},"end":{"line":321,"column":29}},"134":{"start":{"line":322,"column":17},"end":{"line":322,"column":25}},"135":{"start":{"line":323,"column":21},"end":{"line":323,"column":45}},"136":{"start":{"line":324,"column":23},"end":{"line":324,"column":37}},"137":{"start":{"line":325,"column":24},"end":{"line":325,"column":47}},"138":{"start":{"line":326,"column":4},"end":{"line":328,"column":5}},"139":{"start":{"line":327,"column":6},"end":{"line":327,"column":66}},"140":{"start":{"line":329,"column":23},"end":{"line":329,"column":54}},"141":{"start":{"line":330,"column":4},"end":{"line":330,"column":34}},"142":{"start":{"line":331,"column":4},"end":{"line":331,"column":28}},"143":{"start":{"line":335,"column":21},"end":{"line":337,"column":46}},"144":{"start":{"line":339,"column":36},"end":{"line":345,"column":8}},"145":{"start":{"line":347,"column":4},"end":{"line":349,"column":5}},"146":{"start":{"line":348,"column":6},"end":{"line":348,"column":67}},"147":{"start":{"line":352,"column":4},"end":{"line":367,"column":5}},"148":{"start":{"line":353,"column":6},"end":{"line":364,"column":7}},"149":{"start":{"line":354,"column":8},"end":{"line":354,"column":44}},"150":{"start":{"line":355,"column":8},"end":{"line":357,"column":9}},"151":{"start":{"line":356,"column":10},"end":{"line":356,"column":42}},"152":{"start":{"line":360,"column":8},"end":{"line":363,"column":27}},"153":{"start":{"line":362,"column":20},"end":{"line":362,"column":28}},"154":{"start":{"line":366,"column":6},"end":{"line":366,"column":21}},"155":{"start":{"line":368,"column":4},"end":{"line":368,"column":27}},"156":{"start":{"line":370,"column":51},"end":{"line":381,"column":19}},"157":{"start":{"line":383,"column":4},"end":{"line":385,"column":5}},"158":{"start":{"line":384,"column":6},"end":{"line":384,"column":85}},"159":{"start":{"line":386,"column":22},"end":{"line":386,"column":35}},"160":{"start":{"line":387,"column":4},"end":{"line":387,"column":31}},"161":{"start":{"line":389,"column":24},"end":{"line":389,"column":67}},"162":{"start":{"line":392,"column":0},"end":{"line":408,"column":1}},"163":{"start":{"line":393,"column":2},"end":{"line":393,"column":37}},"164":{"start":{"line":394,"column":21},"end":{"line":399,"column":3}},"165":{"start":{"line":400,"column":2},"end":{"line":400,"column":50}},"166":{"start":{"line":402,"column":2},"end":{"line":402,"column":27}},"167":{"start":{"line":403,"column":2},"end":{"line":403,"column":87}},"168":{"start":{"line":405,"column":2},"end":{"line":405,"column":53}},"169":{"start":{"line":407,"column":2},"end":{"line":407,"column":61}},"170":{"start":{"line":411,"column":0},"end":{"line":411,"column":85}},"171":{"start":{"line":414,"column":51},"end":{"line":418,"column":15}},"172":{"start":{"line":419,"column":4},"end":{"line":419,"column":65}},"173":{"start":{"line":420,"column":4},"end":{"line":420,"column":72}},"174":{"start":{"line":420,"column":20},"end":{"line":420,"column":72}},"175":{"start":{"line":421,"column":4},"end":{"line":421,"column":73}},"176":{"start":{"line":423,"column":4},"end":{"line":423,"column":32}},"177":{"start":{"line":423,"column":25},"end":{"line":423,"column":32}},"178":{"start":{"line":424,"column":4},"end":{"line":424,"column":68}},"179":{"start":{"line":427,"column":0},"end":{"line":521,"column":2}},"180":{"start":{"line":428,"column":15},"end":{"line":428,"column":22}},"181":{"start":{"line":429,"column":17},"end":{"line":429,"column":36}},"182":{"start":{"line":430,"column":19},"end":{"line":430,"column":40}},"183":{"start":{"line":432,"column":2},"end":{"line":469,"column":3}},"184":{"start":{"line":433,"column":4},"end":{"line":468,"column":5}},"185":{"start":{"line":434,"column":19},"end":{"line":434,"column":32}},"186":{"start":{"line":435,"column":36},"end":{"line":438,"column":23}},"187":{"start":{"line":439,"column":6},"end":{"line":441,"column":7}},"188":{"start":{"line":440,"column":8},"end":{"line":440,"column":67}},"189":{"start":{"line":442,"column":31},"end":{"line":445,"column":25}},"190":{"start":{"line":446,"column":6},"end":{"line":448,"column":7}},"191":{"start":{"line":447,"column":8},"end":{"line":447,"column":62}},"192":{"start":{"line":449,"column":18},"end":{"line":449,"column":42}},"193":{"start":{"line":450,"column":6},"end":{"line":465,"column":9}},"194":{"start":{"line":467,"column":6},"end":{"line":467,"column":70}},"195":{"start":{"line":471,"column":2},"end":{"line":516,"column":3}},"196":{"start":{"line":472,"column":4},"end":{"line":515,"column":5}},"197":{"start":{"line":473,"column":26},"end":{"line":473,"column":64}},"198":{"start":{"line":474,"column":24},"end":{"line":474,"column":50}},"199":{"start":{"line":475,"column":20},"end":{"line":475,"column":54}},"200":{"start":{"line":476,"column":24},"end":{"line":476,"column":46}},"201":{"start":{"line":476,"column":39},"end":{"line":476,"column":45}},"202":{"start":{"line":477,"column":24},"end":{"line":477,"column":28}},"203":{"start":{"line":478,"column":6},"end":{"line":485,"column":7}},"204":{"start":{"line":478,"column":19},"end":{"line":478,"column":20}},"205":{"start":{"line":479,"column":22},"end":{"line":479,"column":55}},"206":{"start":{"line":480,"column":33},"end":{"line":483,"column":24}},"207":{"start":{"line":484,"column":8},"end":{"line":484,"column":31}},"208":{"start":{"line":484,"column":19},"end":{"line":484,"column":31}},"209":{"start":{"line":486,"column":36},"end":{"line":489,"column":35}},"210":{"start":{"line":490,"column":6},"end":{"line":490,"column":39}},"211":{"start":{"line":490,"column":22},"end":{"line":490,"column":39}},"212":{"start":{"line":491,"column":38},"end":{"line":494,"column":28}},"213":{"start":{"line":495,"column":6},"end":{"line":495,"column":43}},"214":{"start":{"line":495,"column":24},"end":{"line":495,"column":43}},"215":{"start":{"line":496,"column":18},"end":{"line":496,"column":42}},"216":{"start":{"line":497,"column":6},"end":{"line":512,"column":9}},"217":{"start":{"line":514,"column":6},"end":{"line":514,"column":86}},"218":{"start":{"line":518,"column":2},"end":{"line":520,"column":5}},"219":{"start":{"line":522,"column":0},"end":{"line":645,"column":2}},"220":{"start":{"line":523,"column":15},"end":{"line":523,"column":22}},"221":{"start":{"line":524,"column":17},"end":{"line":524,"column":36}},"222":{"start":{"line":525,"column":19},"end":{"line":525,"column":40}},"223":{"start":{"line":526,"column":18},"end":{"line":526,"column":53}},"224":{"start":{"line":527,"column":2},"end":{"line":582,"column":3}},"225":{"start":{"line":528,"column":6},"end":{"line":580,"column":3}},"226":{"start":{"line":530,"column":44},"end":{"line":534,"column":15}},"227":{"start":{"line":535,"column":4},"end":{"line":538,"column":5}},"228":{"start":{"line":536,"column":6},"end":{"line":536,"column":51}},"229":{"start":{"line":537,"column":6},"end":{"line":537,"column":64}},"230":{"start":{"line":540,"column":21},"end":{"line":540,"column":30}},"231":{"start":{"line":541,"column":21},"end":{"line":541,"column":63}},"232":{"start":{"line":545,"column":23},"end":{"line":545,"column":53}},"233":{"start":{"line":546,"column":23},"end":{"line":546,"column":76}},"234":{"start":{"line":547,"column":23},"end":{"line":547,"column":49}},"235":{"start":{"line":550,"column":4},"end":{"line":550,"column":46}},"236":{"start":{"line":553,"column":4},"end":{"line":557,"column":7}},"237":{"start":{"line":558,"column":18},"end":{"line":558,"column":42}},"238":{"start":{"line":559,"column":0},"end":{"line":573,"column":3}},"239":{"start":{"line":576,"column":4},"end":{"line":576,"column":42}},"240":{"start":{"line":577,"column":4},"end":{"line":579,"column":64}},"241":{"start":{"line":583,"column":2},"end":{"line":644,"column":3}},"242":{"start":{"line":584,"column":4},"end":{"line":643,"column":5}},"243":{"start":{"line":585,"column":4},"end":{"line":585,"column":33}},"244":{"start":{"line":588,"column":19},"end":{"line":588,"column":44}},"245":{"start":{"line":589,"column":31},"end":{"line":591,"column":10}},"246":{"start":{"line":592,"column":26},"end":{"line":594,"column":10}},"247":{"start":{"line":596,"column":24},"end":{"line":598,"column":19}},"248":{"start":{"line":599,"column":24},"end":{"line":601,"column":19}},"249":{"start":{"line":603,"column":27},"end":{"line":603,"column":58}},"250":{"start":{"line":604,"column":27},"end":{"line":604,"column":58}},"251":{"start":{"line":607,"column":27},"end":{"line":607,"column":65}},"252":{"start":{"line":608,"column":27},"end":{"line":608,"column":56}},"253":{"start":{"line":609,"column":27},"end":{"line":609,"column":64}},"254":{"start":{"line":612,"column":4},"end":{"line":612,"column":59}},"255":{"start":{"line":615,"column":4},"end":{"line":621,"column":5}},"256":{"start":{"line":616,"column":24},"end":{"line":616,"column":66}},"257":{"start":{"line":617,"column":24},"end":{"line":617,"column":49}},"258":{"start":{"line":619,"column":6},"end":{"line":619,"column":48}},"259":{"start":{"line":620,"column":6},"end":{"line":620,"column":50}},"260":{"start":{"line":622,"column":22},"end":{"line":622,"column":46}},"261":{"start":{"line":623,"column":0},"end":{"line":637,"column":3}},"262":{"start":{"line":639,"column":6},"end":{"line":639,"column":46}},"263":{"start":{"line":640,"column":6},"end":{"line":642,"column":65}},"264":{"start":{"line":646,"column":0},"end":{"line":690,"column":2}},"265":{"start":{"line":648,"column":22},"end":{"line":648,"column":52}},"266":{"start":{"line":649,"column":19},"end":{"line":651,"column":10}},"267":{"start":{"line":653,"column":20},"end":{"line":653,"column":30}},"268":{"start":{"line":656,"column":2},"end":{"line":658,"column":3}},"269":{"start":{"line":657,"column":4},"end":{"line":657,"column":79}},"270":{"start":{"line":659,"column":2},"end":{"line":689,"column":3}},"271":{"start":{"line":660,"column":29},"end":{"line":664,"column":6}},"272":{"start":{"line":665,"column":4},"end":{"line":668,"column":7}},"273":{"start":{"line":666,"column":8},"end":{"line":666,"column":58}},"274":{"start":{"line":667,"column":8},"end":{"line":667,"column":64}},"275":{"start":{"line":670,"column":12},"end":{"line":670,"column":36}},"276":{"start":{"line":671,"column":0},"end":{"line":685,"column":3}},"277":{"start":{"line":687,"column":4},"end":{"line":687,"column":57}},"278":{"start":{"line":688,"column":4},"end":{"line":688,"column":61}},"279":{"start":{"line":691,"column":0},"end":{"line":880,"column":2}},"280":{"start":{"line":692,"column":15},"end":{"line":692,"column":22}},"281":{"start":{"line":693,"column":2},"end":{"line":693,"column":39}},"282":{"start":{"line":694,"column":2},"end":{"line":694,"column":42}},"283":{"start":{"line":696,"column":17},"end":{"line":696,"column":36}},"284":{"start":{"line":697,"column":19},"end":{"line":697,"column":40}},"285":{"start":{"line":698,"column":30},"end":{"line":698,"column":65}},"286":{"start":{"line":699,"column":20},"end":{"line":699,"column":30}},"287":{"start":{"line":700,"column":2},"end":{"line":764,"column":4}},"288":{"start":{"line":700,"column":17},"end":{"line":764,"column":3}},"289":{"start":{"line":702,"column":44},"end":{"line":706,"column":15}},"290":{"start":{"line":707,"column":4},"end":{"line":710,"column":5}},"291":{"start":{"line":708,"column":6},"end":{"line":708,"column":51}},"292":{"start":{"line":709,"column":6},"end":{"line":709,"column":64}},"293":{"start":{"line":712,"column":21},"end":{"line":712,"column":30}},"294":{"start":{"line":713,"column":25},"end":{"line":713,"column":38}},"295":{"start":{"line":714,"column":21},"end":{"line":714,"column":30}},"296":{"start":{"line":715,"column":21},"end":{"line":715,"column":30}},"297":{"start":{"line":716,"column":25},"end":{"line":716,"column":38}},"298":{"start":{"line":717,"column":23},"end":{"line":717,"column":39}},"299":{"start":{"line":718,"column":21},"end":{"line":718,"column":33}},"300":{"start":{"line":721,"column":23},"end":{"line":721,"column":65}},"301":{"start":{"line":722,"column":23},"end":{"line":722,"column":76}},"302":{"start":{"line":723,"column":23},"end":{"line":723,"column":46}},"303":{"start":{"line":726,"column":4},"end":{"line":726,"column":46}},"304":{"start":{"line":729,"column":33},"end":{"line":740,"column":8}},"305":{"start":{"line":741,"column":4},"end":{"line":741,"column":35}},"306":{"start":{"line":741,"column":19},"end":{"line":741,"column":35}},"307":{"start":{"line":742,"column":18},"end":{"line":742,"column":42}},"308":{"start":{"line":743,"column":0},"end":{"line":757,"column":3}},"309":{"start":{"line":760,"column":4},"end":{"line":760,"column":42}},"310":{"start":{"line":761,"column":4},"end":{"line":763,"column":64}},"311":{"start":{"line":765,"column":2},"end":{"line":878,"column":4}},"312":{"start":{"line":765,"column":19},"end":{"line":878,"column":3}},"313":{"start":{"line":767,"column":23},"end":{"line":767,"column":48}},"314":{"start":{"line":768,"column":4},"end":{"line":770,"column":5}},"315":{"start":{"line":769,"column":6},"end":{"line":769,"column":73}},"316":{"start":{"line":771,"column":4},"end":{"line":771,"column":46}},"317":{"start":{"line":774,"column":20},"end":{"line":778,"column":6}},"318":{"start":{"line":781,"column":25},"end":{"line":781,"column":56}},"319":{"start":{"line":782,"column":25},"end":{"line":782,"column":58}},"320":{"start":{"line":783,"column":25},"end":{"line":783,"column":57}},"321":{"start":{"line":784,"column":25},"end":{"line":784,"column":56}},"322":{"start":{"line":787,"column":22},"end":{"line":787,"column":58}},"323":{"start":{"line":789,"column":4},"end":{"line":789,"column":61}},"324":{"start":{"line":789,"column":42},"end":{"line":789,"column":59}},"325":{"start":{"line":792,"column":33},"end":{"line":797,"column":5}},"326":{"start":{"line":793,"column":37},"end":{"line":796,"column":7}},"327":{"start":{"line":799,"column":4},"end":{"line":801,"column":6}},"328":{"start":{"line":800,"column":6},"end":{"line":800,"column":65}},"329":{"start":{"line":804,"column":22},"end":{"line":804,"column":48}},"330":{"start":{"line":805,"column":4},"end":{"line":816,"column":5}},"331":{"start":{"line":806,"column":26},"end":{"line":806,"column":51}},"332":{"start":{"line":807,"column":6},"end":{"line":809,"column":7}},"333":{"start":{"line":808,"column":8},"end":{"line":808,"column":67}},"334":{"start":{"line":810,"column":22},"end":{"line":814,"column":8}},"335":{"start":{"line":815,"column":6},"end":{"line":815,"column":38}},"336":{"start":{"line":819,"column":22},"end":{"line":819,"column":75}},"337":{"start":{"line":820,"column":22},"end":{"line":820,"column":56}},"338":{"start":{"line":821,"column":20},"end":{"line":821,"column":24}},"339":{"start":{"line":822,"column":4},"end":{"line":855,"column":5}},"340":{"start":{"line":823,"column":6},"end":{"line":823,"column":49}},"341":{"start":{"line":823,"column":40},"end":{"line":823,"column":49}},"342":{"start":{"line":826,"column":25},"end":{"line":826,"column":62}},"343":{"start":{"line":827,"column":25},"end":{"line":827,"column":50}},"344":{"start":{"line":830,"column":4},"end":{"line":830,"column":51}},"345":{"start":{"line":831,"column":33},"end":{"line":842,"column":8}},"346":{"start":{"line":843,"column":4},"end":{"line":843,"column":35}},"347":{"start":{"line":843,"column":19},"end":{"line":843,"column":35}},"348":{"start":{"line":844,"column":16},"end":{"line":844,"column":40}},"349":{"start":{"line":845,"column":4},"end":{"line":854,"column":10}},"350":{"start":{"line":856,"column":18},"end":{"line":856,"column":42}},"351":{"start":{"line":857,"column":0},"end":{"line":871,"column":3}},"352":{"start":{"line":874,"column":4},"end":{"line":874,"column":44}},"353":{"start":{"line":875,"column":4},"end":{"line":877,"column":64}},"354":{"start":{"line":882,"column":0},"end":{"line":1006,"column":2}},"355":{"start":{"line":883,"column":15},"end":{"line":883,"column":22}},"356":{"start":{"line":884,"column":22},"end":{"line":884,"column":26}},"357":{"start":{"line":886,"column":17},"end":{"line":886,"column":36}},"358":{"start":{"line":888,"column":19},"end":{"line":888,"column":40}},"359":{"start":{"line":889,"column":2},"end":{"line":943,"column":3}},"360":{"start":{"line":890,"column":6},"end":{"line":942,"column":3}},"361":{"start":{"line":892,"column":44},"end":{"line":896,"column":15}},"362":{"start":{"line":897,"column":4},"end":{"line":899,"column":5}},"363":{"start":{"line":898,"column":6},"end":{"line":898,"column":64}},"364":{"start":{"line":902,"column":20},"end":{"line":902,"column":29}},"365":{"start":{"line":904,"column":25},"end":{"line":904,"column":62}},"366":{"start":{"line":906,"column":25},"end":{"line":906,"column":70}},"367":{"start":{"line":909,"column":4},"end":{"line":909,"column":45}},"368":{"start":{"line":912,"column":45},"end":{"line":921,"column":15}},"369":{"start":{"line":922,"column":4},"end":{"line":922,"column":29}},"370":{"start":{"line":922,"column":16},"end":{"line":922,"column":29}},"371":{"start":{"line":924,"column":18},"end":{"line":924,"column":42}},"372":{"start":{"line":925,"column":6},"end":{"line":938,"column":9}},"373":{"start":{"line":940,"column":4},"end":{"line":940,"column":44}},"374":{"start":{"line":941,"column":4},"end":{"line":941,"column":84}},"375":{"start":{"line":944,"column":2},"end":{"line":1004,"column":3}},"376":{"start":{"line":945,"column":6},"end":{"line":1002,"column":3}},"377":{"start":{"line":947,"column":19},"end":{"line":947,"column":44}},"378":{"start":{"line":950,"column":23},"end":{"line":952,"column":10}},"379":{"start":{"line":953,"column":19},"end":{"line":955,"column":19}},"380":{"start":{"line":956,"column":4},"end":{"line":956,"column":34}},"381":{"start":{"line":957,"column":19},"end":{"line":959,"column":19}},"382":{"start":{"line":960,"column":4},"end":{"line":960,"column":35}},"383":{"start":{"line":961,"column":22},"end":{"line":961,"column":48}},"384":{"start":{"line":962,"column":22},"end":{"line":962,"column":48}},"385":{"start":{"line":965,"column":25},"end":{"line":965,"column":63}},"386":{"start":{"line":966,"column":25},"end":{"line":966,"column":51}},"387":{"start":{"line":967,"column":25},"end":{"line":967,"column":62}},"388":{"start":{"line":970,"column":4},"end":{"line":970,"column":50}},"389":{"start":{"line":973,"column":4},"end":{"line":979,"column":5}},"390":{"start":{"line":974,"column":25},"end":{"line":974,"column":62}},"391":{"start":{"line":975,"column":25},"end":{"line":975,"column":50}},"392":{"start":{"line":977,"column":6},"end":{"line":977,"column":55}},"393":{"start":{"line":978,"column":6},"end":{"line":978,"column":56}},"394":{"start":{"line":981,"column":18},"end":{"line":981,"column":42}},"395":{"start":{"line":982,"column":6},"end":{"line":995,"column":9}},"396":{"start":{"line":998,"column":4},"end":{"line":998,"column":46}},"397":{"start":{"line":999,"column":4},"end":{"line":1001,"column":64}},"398":{"start":{"line":1008,"column":0},"end":{"line":1059,"column":2}},"399":{"start":{"line":1009,"column":2},"end":{"line":1058,"column":3}},"400":{"start":{"line":1011,"column":15},"end":{"line":1011,"column":22}},"401":{"start":{"line":1013,"column":17},"end":{"line":1013,"column":32}},"402":{"start":{"line":1015,"column":27},"end":{"line":1015,"column":33}},"403":{"start":{"line":1016,"column":4},"end":{"line":1018,"column":5}},"404":{"start":{"line":1017,"column":6},"end":{"line":1017,"column":71}},"405":{"start":{"line":1022,"column":49},"end":{"line":1026,"column":15}},"406":{"start":{"line":1029,"column":4},"end":{"line":1031,"column":5}},"407":{"start":{"line":1030,"column":6},"end":{"line":1030,"column":63}},"408":{"start":{"line":1033,"column":21},"end":{"line":1033,"column":36}},"409":{"start":{"line":1035,"column":55},"end":{"line":1038,"column":25}},"410":{"start":{"line":1040,"column":4},"end":{"line":1042,"column":5}},"411":{"start":{"line":1041,"column":6},"end":{"line":1041,"column":71}},"412":{"start":{"line":1043,"column":24},"end":{"line":1043,"column":54}},"413":{"start":{"line":1044,"column":24},"end":{"line":1044,"column":48}},"414":{"start":{"line":1047,"column":21},"end":{"line":1047,"column":40}},"415":{"start":{"line":1052,"column":4},"end":{"line":1052,"column":29}},"416":{"start":{"line":1054,"column":0},"end":{"line":1054,"column":17}},"417":{"start":{"line":1056,"column":4},"end":{"line":1056,"column":53}},"418":{"start":{"line":1057,"column":4},"end":{"line":1057,"column":61}},"419":{"start":{"line":1060,"column":0},"end":{"line":1088,"column":2}},"420":{"start":{"line":1061,"column":21},"end":{"line":1061,"column":53}},"421":{"start":{"line":1064,"column":33},"end":{"line":1068,"column":40}},"422":{"start":{"line":1070,"column":2},"end":{"line":1070,"column":25}},"423":{"start":{"line":1070,"column":13},"end":{"line":1070,"column":25}},"424":{"start":{"line":1072,"column":17},"end":{"line":1085,"column":5}},"425":{"start":{"line":1072,"column":33},"end":{"line":1085,"column":3}},"426":{"start":{"line":1087,"column":2},"end":{"line":1087,"column":37}},"427":{"start":{"line":1089,"column":0},"end":{"line":1163,"column":2}},"428":{"start":{"line":1090,"column":2},"end":{"line":1162,"column":3}},"429":{"start":{"line":1091,"column":4},"end":{"line":1091,"column":53}},"430":{"start":{"line":1092,"column":33},"end":{"line":1092,"column":41}},"431":{"start":{"line":1095,"column":4},"end":{"line":1097,"column":5}},"432":{"start":{"line":1096,"column":6},"end":{"line":1096,"column":63}},"433":{"start":{"line":1100,"column":39},"end":{"line":1104,"column":15}},"434":{"start":{"line":1105,"column":4},"end":{"line":1108,"column":5}},"435":{"start":{"line":1106,"column":6},"end":{"line":1106,"column":66}},"436":{"start":{"line":1107,"column":6},"end":{"line":1107,"column":64}},"437":{"start":{"line":1111,"column":54},"end":{"line":1114,"column":23}},"438":{"start":{"line":1115,"column":4},"end":{"line":1118,"column":5}},"439":{"start":{"line":1116,"column":6},"end":{"line":1116,"column":70}},"440":{"start":{"line":1117,"column":6},"end":{"line":1117,"column":91}},"441":{"start":{"line":1121,"column":30},"end":{"line":1124,"column":15}},"442":{"start":{"line":1125,"column":4},"end":{"line":1125,"column":53}},"443":{"start":{"line":1129,"column":4},"end":{"line":1141,"column":5}},"444":{"start":{"line":1130,"column":25},"end":{"line":1135,"column":7}},"445":{"start":{"line":1136,"column":6},"end":{"line":1136,"column":31}},"446":{"start":{"line":1137,"column":6},"end":{"line":1137,"column":73}},"447":{"start":{"line":1139,"column":6},"end":{"line":1139,"column":57}},"448":{"start":{"line":1140,"column":6},"end":{"line":1140,"column":65}},"449":{"start":{"line":1144,"column":34},"end":{"line":1147,"column":23}},"450":{"start":{"line":1148,"column":4},"end":{"line":1150,"column":5}},"451":{"start":{"line":1149,"column":6},"end":{"line":1149,"column":58}},"452":{"start":{"line":1153,"column":4},"end":{"line":1157,"column":7}},"453":{"start":{"line":1160,"column":4},"end":{"line":1160,"column":48}},"454":{"start":{"line":1161,"column":4},"end":{"line":1161,"column":68}}},"fnMap":{"0":{"name":"embedTexts","decl":{"start":{"line":25,"column":15},"end":{"line":25,"column":25}},"loc":{"start":{"line":25,"column":59},"end":{"line":41,"column":1}},"line":25},"1":{"name":"(anonymous_1)","decl":{"start":{"line":28,"column":30},"end":{"line":28,"column":31}},"loc":{"start":{"line":30,"column":4},"end":{"line":30,"column":69}},"line":30},"2":{"name":"(anonymous_2)","decl":{"start":{"line":33,"column":34},"end":{"line":33,"column":35}},"loc":{"start":{"line":34,"column":4},"end":{"line":39,"column":29}},"line":34},"3":{"name":"(anonymous_3)","decl":{"start":{"line":39,"column":10},"end":{"line":39,"column":11}},"loc":{"start":{"line":39,"column":15},"end":{"line":39,"column":28}},"line":39},"4":{"name":"getFolder","decl":{"start":{"line":43,"column":15},"end":{"line":43,"column":24}},"loc":{"start":{"line":43,"column":35},"end":{"line":50,"column":1}},"line":43},"5":{"name":"(anonymous_5)","decl":{"start":{"line":49,"column":10},"end":{"line":49,"column":11}},"loc":{"start":{"line":49,"column":15},"end":{"line":49,"column":21}},"line":49},"6":{"name":"buildFolderPath","decl":{"start":{"line":52,"column":15},"end":{"line":52,"column":30}},"loc":{"start":{"line":52,"column":41},"end":{"line":61,"column":1}},"line":52},"7":{"name":"getDescendantFolderIds","decl":{"start":{"line":63,"column":15},"end":{"line":63,"column":37}},"loc":{"start":{"line":63,"column":48},"end":{"line":68,"column":1}},"line":63},"8":{"name":"(anonymous_8)","decl":{"start":{"line":67,"column":10},"end":{"line":67,"column":11}},"loc":{"start":{"line":67,"column":15},"end":{"line":67,"column":36}},"line":67},"9":{"name":"(anonymous_9)","decl":{"start":{"line":67,"column":26},"end":{"line":67,"column":27}},"loc":{"start":{"line":67,"column":31},"end":{"line":67,"column":35}},"line":67},"10":{"name":"getDescendantFolders","decl":{"start":{"line":70,"column":15},"end":{"line":70,"column":35}},"loc":{"start":{"line":70,"column":46},"end":{"line":80,"column":1}},"line":70},"11":{"name":"getFilesInFolders","decl":{"start":{"line":82,"column":15},"end":{"line":82,"column":32}},"loc":{"start":{"line":82,"column":44},"end":{"line":88,"column":1}},"line":82},"12":{"name":"(anonymous_12)","decl":{"start":{"line":87,"column":10},"end":{"line":87,"column":11}},"loc":{"start":{"line":87,"column":15},"end":{"line":87,"column":21}},"line":87},"13":{"name":"updateFolderParent","decl":{"start":{"line":90,"column":15},"end":{"line":90,"column":33}},"loc":{"start":{"line":90,"column":57},"end":{"line":95,"column":1}},"line":90},"14":{"name":"updateFilePath","decl":{"start":{"line":97,"column":15},"end":{"line":97,"column":29}},"loc":{"start":{"line":97,"column":47},"end":{"line":102,"column":1}},"line":97},"15":{"name":"moveStorageObject","decl":{"start":{"line":104,"column":15},"end":{"line":104,"column":32}},"loc":{"start":{"line":104,"column":51},"end":{"line":142,"column":1}},"line":104},"16":{"name":"updateFileRecord","decl":{"start":{"line":145,"column":15},"end":{"line":145,"column":31}},"loc":{"start":{"line":145,"column":71},"end":{"line":151,"column":1}},"line":145},"17":{"name":"copyStorageObject","decl":{"start":{"line":153,"column":15},"end":{"line":153,"column":32}},"loc":{"start":{"line":153,"column":57},"end":{"line":167,"column":1}},"line":153},"18":{"name":"createFolderRecord","decl":{"start":{"line":169,"column":15},"end":{"line":169,"column":33}},"loc":{"start":{"line":169,"column":74},"end":{"line":177,"column":1}},"line":169},"19":{"name":"updateFolderName","decl":{"start":{"line":179,"column":15},"end":{"line":179,"column":31}},"loc":{"start":{"line":179,"column":48},"end":{"line":185,"column":1}},"line":179},"20":{"name":"mapPathToFolderId","decl":{"start":{"line":187,"column":15},"end":{"line":187,"column":32}},"loc":{"start":{"line":187,"column":42},"end":{"line":210,"column":1}},"line":187},"21":{"name":"(anonymous_21)","decl":{"start":{"line":213,"column":25},"end":{"line":213,"column":26}},"loc":{"start":{"line":213,"column":45},"end":{"line":235,"column":1}},"line":213},"22":{"name":"(anonymous_22)","decl":{"start":{"line":236,"column":20},"end":{"line":236,"column":21}},"loc":{"start":{"line":236,"column":40},"end":{"line":317,"column":1}},"line":236},"23":{"name":"(anonymous_23)","decl":{"start":{"line":279,"column":23},"end":{"line":279,"column":24}},"loc":{"start":{"line":279,"column":29},"end":{"line":291,"column":9}},"line":279},"24":{"name":"(anonymous_24)","decl":{"start":{"line":293,"column":21},"end":{"line":293,"column":22}},"loc":{"start":{"line":293,"column":27},"end":{"line":307,"column":9}},"line":293},"25":{"name":"(anonymous_25)","decl":{"start":{"line":318,"column":21},"end":{"line":318,"column":22}},"loc":{"start":{"line":318,"column":41},"end":{"line":426,"column":1}},"line":318},"26":{"name":"(anonymous_26)","decl":{"start":{"line":362,"column":15},"end":{"line":362,"column":16}},"loc":{"start":{"line":362,"column":20},"end":{"line":362,"column":28}},"line":362},"27":{"name":"(anonymous_27)","decl":{"start":{"line":427,"column":21},"end":{"line":427,"column":22}},"loc":{"start":{"line":427,"column":59},"end":{"line":521,"column":1}},"line":427},"28":{"name":"(anonymous_28)","decl":{"start":{"line":476,"column":34},"end":{"line":476,"column":35}},"loc":{"start":{"line":476,"column":39},"end":{"line":476,"column":45}},"line":476},"29":{"name":"(anonymous_29)","decl":{"start":{"line":522,"column":15},"end":{"line":522,"column":16}},"loc":{"start":{"line":522,"column":56},"end":{"line":645,"column":1}},"line":522},"30":{"name":"(anonymous_30)","decl":{"start":{"line":646,"column":23},"end":{"line":646,"column":24}},"loc":{"start":{"line":646,"column":55},"end":{"line":690,"column":1}},"line":646},"31":{"name":"(anonymous_31)","decl":{"start":{"line":691,"column":15},"end":{"line":691,"column":16}},"loc":{"start":{"line":691,"column":54},"end":{"line":880,"column":1}},"line":691},"32":{"name":"(anonymous_32)","decl":{"start":{"line":789,"column":37},"end":{"line":789,"column":38}},"loc":{"start":{"line":789,"column":42},"end":{"line":789,"column":59}},"line":789},"33":{"name":"(anonymous_33)","decl":{"start":{"line":793,"column":22},"end":{"line":793,"column":23}},"loc":{"start":{"line":793,"column":37},"end":{"line":796,"column":7}},"line":793},"34":{"name":"(anonymous_34)","decl":{"start":{"line":799,"column":30},"end":{"line":799,"column":31}},"loc":{"start":{"line":800,"column":6},"end":{"line":800,"column":65}},"line":800},"35":{"name":"(anonymous_35)","decl":{"start":{"line":882,"column":17},"end":{"line":882,"column":18}},"loc":{"start":{"line":882,"column":47},"end":{"line":1006,"column":1}},"line":882},"36":{"name":"(anonymous_36)","decl":{"start":{"line":1008,"column":19},"end":{"line":1008,"column":20}},"loc":{"start":{"line":1008,"column":44},"end":{"line":1059,"column":1}},"line":1008},"37":{"name":"(anonymous_37)","decl":{"start":{"line":1060,"column":22},"end":{"line":1060,"column":23}},"loc":{"start":{"line":1060,"column":64},"end":{"line":1088,"column":1}},"line":1060},"38":{"name":"(anonymous_38)","decl":{"start":{"line":1072,"column":27},"end":{"line":1072,"column":28}},"loc":{"start":{"line":1072,"column":33},"end":{"line":1085,"column":3}},"line":1072},"39":{"name":"(anonymous_39)","decl":{"start":{"line":1089,"column":25},"end":{"line":1089,"column":26}},"loc":{"start":{"line":1089,"column":45},"end":{"line":1163,"column":1}},"line":1089}},"branchMap":{"0":{"loc":{"start":{"line":57,"column":4},"end":{"line":57,"column":33}},"type":"if","locations":[{"start":{"line":57,"column":4},"end":{"line":57,"column":33}},{"start":{},"end":{}}],"line":57},"1":{"loc":{"start":{"line":74,"column":2},"end":{"line":77,"column":3}},"type":"if","locations":[{"start":{"line":74,"column":2},"end":{"line":77,"column":3}},{"start":{},"end":{}}],"line":74},"2":{"loc":{"start":{"line":93,"column":25},"end":{"line":93,"column":44}},"type":"binary-expr","locations":[{"start":{"line":93,"column":25},"end":{"line":93,"column":36}},{"start":{"line":93,"column":40},"end":{"line":93,"column":44}}],"line":93},"3":{"loc":{"start":{"line":109,"column":2},"end":{"line":115,"column":3}},"type":"if","locations":[{"start":{"line":109,"column":2},"end":{"line":115,"column":3}},{"start":{},"end":{}}],"line":109},"4":{"loc":{"start":{"line":109,"column":6},"end":{"line":109,"column":26}},"type":"binary-expr","locations":[{"start":{"line":109,"column":6},"end":{"line":109,"column":17}},{"start":{"line":109,"column":21},"end":{"line":109,"column":26}}],"line":109},"5":{"loc":{"start":{"line":112,"column":6},"end":{"line":113,"column":47}},"type":"binary-expr","locations":[{"start":{"line":112,"column":6},"end":{"line":112,"column":26}},{"start":{"line":113,"column":6},"end":{"line":113,"column":47}}],"line":112},"6":{"loc":{"start":{"line":128,"column":2},"end":{"line":133,"column":3}},"type":"if","locations":[{"start":{"line":128,"column":2},"end":{"line":133,"column":3}},{"start":{},"end":{}}],"line":128},"7":{"loc":{"start":{"line":130,"column":6},"end":{"line":131,"column":45}},"type":"binary-expr","locations":[{"start":{"line":130,"column":6},"end":{"line":130,"column":23}},{"start":{"line":131,"column":6},"end":{"line":131,"column":45}}],"line":130},"8":{"loc":{"start":{"line":138,"column":2},"end":{"line":141,"column":3}},"type":"if","locations":[{"start":{"line":138,"column":2},"end":{"line":141,"column":3}},{"start":{},"end":{}}],"line":138},"9":{"loc":{"start":{"line":150,"column":2},"end":{"line":150,"column":25}},"type":"if","locations":[{"start":{"line":150,"column":2},"end":{"line":150,"column":25}},{"start":{},"end":{}}],"line":150},"10":{"loc":{"start":{"line":157,"column":2},"end":{"line":157,"column":25}},"type":"if","locations":[{"start":{"line":157,"column":2},"end":{"line":157,"column":25}},{"start":{},"end":{}}],"line":157},"11":{"loc":{"start":{"line":164,"column":2},"end":{"line":164,"column":25}},"type":"if","locations":[{"start":{"line":164,"column":2},"end":{"line":164,"column":25}},{"start":{},"end":{}}],"line":164},"12":{"loc":{"start":{"line":169,"column":53},"end":{"line":169,"column":70}},"type":"default-arg","locations":[{"start":{"line":169,"column":66},"end":{"line":169,"column":70}}],"line":169},"13":{"loc":{"start":{"line":175,"column":2},"end":{"line":175,"column":25}},"type":"if","locations":[{"start":{"line":175,"column":2},"end":{"line":175,"column":25}},{"start":{},"end":{}}],"line":175},"14":{"loc":{"start":{"line":184,"column":2},"end":{"line":184,"column":25}},"type":"if","locations":[{"start":{"line":184,"column":2},"end":{"line":184,"column":25}},{"start":{},"end":{}}],"line":184},"15":{"loc":{"start":{"line":188,"column":17},"end":{"line":188,"column":30}},"type":"binary-expr","locations":[{"start":{"line":188,"column":17},"end":{"line":188,"column":24}},{"start":{"line":188,"column":28},"end":{"line":188,"column":30}}],"line":188},"16":{"loc":{"start":{"line":189,"column":19},"end":{"line":189,"column":48}},"type":"cond-expr","locations":[{"start":{"line":189,"column":27},"end":{"line":189,"column":43}},{"start":{"line":189,"column":46},"end":{"line":189,"column":48}}],"line":189},"17":{"loc":{"start":{"line":198,"column":4},"end":{"line":202,"column":5}},"type":"if","locations":[{"start":{"line":198,"column":4},"end":{"line":202,"column":5}},{"start":{"line":200,"column":11},"end":{"line":202,"column":5}}],"line":198},"18":{"loc":{"start":{"line":205,"column":4},"end":{"line":205,"column":36}},"type":"if","locations":[{"start":{"line":205,"column":4},"end":{"line":205,"column":36}},{"start":{},"end":{}}],"line":205},"19":{"loc":{"start":{"line":205,"column":8},"end":{"line":205,"column":22}},"type":"binary-expr","locations":[{"start":{"line":205,"column":8},"end":{"line":205,"column":13}},{"start":{"line":205,"column":17},"end":{"line":205,"column":22}}],"line":205},"20":{"loc":{"start":{"line":217,"column":6},"end":{"line":234,"column":3}},"type":"switch","locations":[{"start":{"line":218,"column":4},"end":{"line":219,"column":47}},{"start":{"line":220,"column":4},"end":{"line":221,"column":58}},{"start":{"line":222,"column":4},"end":{"line":223,"column":55}},{"start":{"line":224,"column":4},"end":{"line":225,"column":57}},{"start":{"line":226,"column":4},"end":{"line":227,"column":63}},{"start":{"line":228,"column":4},"end":{"line":229,"column":63}},{"start":{"line":230,"column":4},"end":{"line":231,"column":66}},{"start":{"line":232,"column":4},"end":{"line":233,"column":50}}],"line":217},"21":{"loc":{"start":{"line":238,"column":21},"end":{"line":238,"column":40}},"type":"binary-expr","locations":[{"start":{"line":238,"column":21},"end":{"line":238,"column":34}},{"start":{"line":238,"column":38},"end":{"line":238,"column":40}}],"line":238},"22":{"loc":{"start":{"line":240,"column":6},"end":{"line":242,"column":40}},"type":"cond-expr","locations":[{"start":{"line":241,"column":8},"end":{"line":241,"column":12}},{"start":{"line":242,"column":8},"end":{"line":242,"column":40}}],"line":240},"23":{"loc":{"start":{"line":249,"column":0},"end":{"line":253,"column":1}},"type":"if","locations":[{"start":{"line":249,"column":0},"end":{"line":253,"column":1}},{"start":{"line":251,"column":7},"end":{"line":253,"column":1}}],"line":249},"24":{"loc":{"start":{"line":261,"column":4},"end":{"line":265,"column":5}},"type":"if","locations":[{"start":{"line":261,"column":4},"end":{"line":265,"column":5}},{"start":{"line":263,"column":11},"end":{"line":265,"column":5}}],"line":261},"25":{"loc":{"start":{"line":267,"column":4},"end":{"line":267,"column":27}},"type":"if","locations":[{"start":{"line":267,"column":4},"end":{"line":267,"column":27}},{"start":{},"end":{}}],"line":267},"26":{"loc":{"start":{"line":270,"column":20},"end":{"line":270,"column":63}},"type":"cond-expr","locations":[{"start":{"line":270,"column":30},"end":{"line":270,"column":54}},{"start":{"line":270,"column":57},"end":{"line":270,"column":63}}],"line":270},"27":{"loc":{"start":{"line":274,"column":14},"end":{"line":274,"column":43}},"type":"cond-expr","locations":[{"start":{"line":274,"column":24},"end":{"line":274,"column":37}},{"start":{"line":274,"column":40},"end":{"line":274,"column":43}}],"line":274},"28":{"loc":{"start":{"line":303,"column":20},"end":{"line":305,"column":28}},"type":"cond-expr","locations":[{"start":{"line":304,"column":22},"end":{"line":304,"column":63}},{"start":{"line":305,"column":22},"end":{"line":305,"column":28}}],"line":303},"29":{"loc":{"start":{"line":320,"column":29},"end":{"line":320,"column":59}},"type":"binary-expr","locations":[{"start":{"line":320,"column":29},"end":{"line":320,"column":51}},{"start":{"line":320,"column":55},"end":{"line":320,"column":59}}],"line":320},"30":{"loc":{"start":{"line":323,"column":21},"end":{"line":323,"column":45}},"type":"binary-expr","locations":[{"start":{"line":323,"column":21},"end":{"line":323,"column":37}},{"start":{"line":323,"column":41},"end":{"line":323,"column":45}}],"line":323},"31":{"loc":{"start":{"line":324,"column":23},"end":{"line":324,"column":37}},"type":"binary-expr","locations":[{"start":{"line":324,"column":23},"end":{"line":324,"column":29}},{"start":{"line":324,"column":33},"end":{"line":324,"column":37}}],"line":324},"32":{"loc":{"start":{"line":325,"column":24},"end":{"line":325,"column":47}},"type":"binary-expr","locations":[{"start":{"line":325,"column":24},"end":{"line":325,"column":41}},{"start":{"line":325,"column":45},"end":{"line":325,"column":47}}],"line":325},"33":{"loc":{"start":{"line":326,"column":4},"end":{"line":328,"column":5}},"type":"if","locations":[{"start":{"line":326,"column":4},"end":{"line":328,"column":5}},{"start":{},"end":{}}],"line":326},"34":{"loc":{"start":{"line":335,"column":21},"end":{"line":337,"column":46}},"type":"cond-expr","locations":[{"start":{"line":336,"column":8},"end":{"line":336,"column":59}},{"start":{"line":337,"column":9},"end":{"line":337,"column":46}}],"line":335},"35":{"loc":{"start":{"line":347,"column":4},"end":{"line":349,"column":5}},"type":"if","locations":[{"start":{"line":347,"column":4},"end":{"line":349,"column":5}},{"start":{},"end":{}}],"line":347},"36":{"loc":{"start":{"line":352,"column":4},"end":{"line":367,"column":5}},"type":"if","locations":[{"start":{"line":352,"column":4},"end":{"line":367,"column":5}},{"start":{"line":365,"column":11},"end":{"line":367,"column":5}}],"line":352},"37":{"loc":{"start":{"line":355,"column":8},"end":{"line":357,"column":9}},"type":"if","locations":[{"start":{"line":355,"column":8},"end":{"line":357,"column":9}},{"start":{},"end":{}}],"line":355},"38":{"loc":{"start":{"line":383,"column":4},"end":{"line":385,"column":5}},"type":"if","locations":[{"start":{"line":383,"column":4},"end":{"line":385,"column":5}},{"start":{},"end":{}}],"line":383},"39":{"loc":{"start":{"line":383,"column":8},"end":{"line":383,"column":30}},"type":"binary-expr","locations":[{"start":{"line":383,"column":8},"end":{"line":383,"column":15}},{"start":{"line":383,"column":19},"end":{"line":383,"column":30}}],"line":383},"40":{"loc":{"start":{"line":384,"column":43},"end":{"line":384,"column":81}},"type":"binary-expr","locations":[{"start":{"line":384,"column":43},"end":{"line":384,"column":59}},{"start":{"line":384,"column":63},"end":{"line":384,"column":81}}],"line":384},"41":{"loc":{"start":{"line":420,"column":4},"end":{"line":420,"column":72}},"type":"if","locations":[{"start":{"line":420,"column":4},"end":{"line":420,"column":72}},{"start":{},"end":{}}],"line":420},"42":{"loc":{"start":{"line":423,"column":4},"end":{"line":423,"column":32}},"type":"if","locations":[{"start":{"line":423,"column":4},"end":{"line":423,"column":32}},{"start":{},"end":{}}],"line":423},"43":{"loc":{"start":{"line":429,"column":17},"end":{"line":429,"column":36}},"type":"binary-expr","locations":[{"start":{"line":429,"column":17},"end":{"line":429,"column":28}},{"start":{"line":429,"column":32},"end":{"line":429,"column":36}}],"line":429},"44":{"loc":{"start":{"line":430,"column":19},"end":{"line":430,"column":40}},"type":"binary-expr","locations":[{"start":{"line":430,"column":19},"end":{"line":430,"column":32}},{"start":{"line":430,"column":36},"end":{"line":430,"column":40}}],"line":430},"45":{"loc":{"start":{"line":432,"column":2},"end":{"line":469,"column":3}},"type":"if","locations":[{"start":{"line":432,"column":2},"end":{"line":469,"column":3}},{"start":{},"end":{}}],"line":432},"46":{"loc":{"start":{"line":439,"column":6},"end":{"line":441,"column":7}},"type":"if","locations":[{"start":{"line":439,"column":6},"end":{"line":441,"column":7}},{"start":{},"end":{}}],"line":439},"47":{"loc":{"start":{"line":446,"column":6},"end":{"line":448,"column":7}},"type":"if","locations":[{"start":{"line":446,"column":6},"end":{"line":448,"column":7}},{"start":{},"end":{}}],"line":446},"48":{"loc":{"start":{"line":471,"column":2},"end":{"line":516,"column":3}},"type":"if","locations":[{"start":{"line":471,"column":2},"end":{"line":516,"column":3}},{"start":{},"end":{}}],"line":471},"49":{"loc":{"start":{"line":484,"column":8},"end":{"line":484,"column":31}},"type":"if","locations":[{"start":{"line":484,"column":8},"end":{"line":484,"column":31}},{"start":{},"end":{}}],"line":484},"50":{"loc":{"start":{"line":490,"column":6},"end":{"line":490,"column":39}},"type":"if","locations":[{"start":{"line":490,"column":6},"end":{"line":490,"column":39}},{"start":{},"end":{}}],"line":490},"51":{"loc":{"start":{"line":495,"column":6},"end":{"line":495,"column":43}},"type":"if","locations":[{"start":{"line":495,"column":6},"end":{"line":495,"column":43}},{"start":{},"end":{}}],"line":495},"52":{"loc":{"start":{"line":514,"column":43},"end":{"line":514,"column":82}},"type":"binary-expr","locations":[{"start":{"line":514,"column":43},"end":{"line":514,"column":54}},{"start":{"line":514,"column":58},"end":{"line":514,"column":82}}],"line":514},"53":{"loc":{"start":{"line":524,"column":17},"end":{"line":524,"column":36}},"type":"binary-expr","locations":[{"start":{"line":524,"column":17},"end":{"line":524,"column":28}},{"start":{"line":524,"column":32},"end":{"line":524,"column":36}}],"line":524},"54":{"loc":{"start":{"line":525,"column":19},"end":{"line":525,"column":40}},"type":"binary-expr","locations":[{"start":{"line":525,"column":19},"end":{"line":525,"column":32}},{"start":{"line":525,"column":36},"end":{"line":525,"column":40}}],"line":525},"55":{"loc":{"start":{"line":527,"column":2},"end":{"line":582,"column":3}},"type":"if","locations":[{"start":{"line":527,"column":2},"end":{"line":582,"column":3}},{"start":{},"end":{}}],"line":527},"56":{"loc":{"start":{"line":535,"column":4},"end":{"line":538,"column":5}},"type":"if","locations":[{"start":{"line":535,"column":4},"end":{"line":538,"column":5}},{"start":{},"end":{}}],"line":535},"57":{"loc":{"start":{"line":535,"column":8},"end":{"line":535,"column":25}},"type":"binary-expr","locations":[{"start":{"line":535,"column":8},"end":{"line":535,"column":16}},{"start":{"line":535,"column":20},"end":{"line":535,"column":25}}],"line":535},"58":{"loc":{"start":{"line":541,"column":21},"end":{"line":541,"column":63}},"type":"binary-expr","locations":[{"start":{"line":541,"column":21},"end":{"line":541,"column":34}},{"start":{"line":541,"column":38},"end":{"line":541,"column":63}}],"line":541},"59":{"loc":{"start":{"line":546,"column":40},"end":{"line":546,"column":74}},"type":"cond-expr","locations":[{"start":{"line":546,"column":53},"end":{"line":546,"column":69}},{"start":{"line":546,"column":72},"end":{"line":546,"column":74}}],"line":546},"60":{"loc":{"start":{"line":567,"column":18},"end":{"line":567,"column":31}},"type":"binary-expr","locations":[{"start":{"line":567,"column":18},"end":{"line":567,"column":24}},{"start":{"line":567,"column":28},"end":{"line":567,"column":31}}],"line":567},"61":{"loc":{"start":{"line":579,"column":21},"end":{"line":579,"column":60}},"type":"binary-expr","locations":[{"start":{"line":579,"column":21},"end":{"line":579,"column":32}},{"start":{"line":579,"column":36},"end":{"line":579,"column":60}}],"line":579},"62":{"loc":{"start":{"line":583,"column":2},"end":{"line":644,"column":3}},"type":"if","locations":[{"start":{"line":583,"column":2},"end":{"line":644,"column":3}},{"start":{},"end":{}}],"line":583},"63":{"loc":{"start":{"line":589,"column":31},"end":{"line":591,"column":10}},"type":"cond-expr","locations":[{"start":{"line":590,"column":8},"end":{"line":590,"column":47}},{"start":{"line":591,"column":8},"end":{"line":591,"column":10}}],"line":589},"64":{"loc":{"start":{"line":592,"column":26},"end":{"line":594,"column":10}},"type":"cond-expr","locations":[{"start":{"line":593,"column":8},"end":{"line":593,"column":50}},{"start":{"line":594,"column":8},"end":{"line":594,"column":10}}],"line":592},"65":{"loc":{"start":{"line":596,"column":24},"end":{"line":598,"column":19}},"type":"cond-expr","locations":[{"start":{"line":597,"column":8},"end":{"line":597,"column":46}},{"start":{"line":598,"column":8},"end":{"line":598,"column":19}}],"line":596},"66":{"loc":{"start":{"line":599,"column":24},"end":{"line":601,"column":19}},"type":"cond-expr","locations":[{"start":{"line":600,"column":8},"end":{"line":600,"column":41}},{"start":{"line":601,"column":8},"end":{"line":601,"column":19}}],"line":599},"67":{"loc":{"start":{"line":631,"column":18},"end":{"line":631,"column":35}},"type":"binary-expr","locations":[{"start":{"line":631,"column":18},"end":{"line":631,"column":28}},{"start":{"line":631,"column":32},"end":{"line":631,"column":35}}],"line":631},"68":{"loc":{"start":{"line":642,"column":23},"end":{"line":642,"column":61}},"type":"binary-expr","locations":[{"start":{"line":642,"column":23},"end":{"line":642,"column":34}},{"start":{"line":642,"column":38},"end":{"line":642,"column":61}}],"line":642},"69":{"loc":{"start":{"line":648,"column":22},"end":{"line":648,"column":52}},"type":"binary-expr","locations":[{"start":{"line":648,"column":22},"end":{"line":648,"column":44}},{"start":{"line":648,"column":48},"end":{"line":648,"column":52}}],"line":648},"70":{"loc":{"start":{"line":649,"column":19},"end":{"line":651,"column":10}},"type":"cond-expr","locations":[{"start":{"line":650,"column":6},"end":{"line":650,"column":17}},{"start":{"line":651,"column":6},"end":{"line":651,"column":10}}],"line":649},"71":{"loc":{"start":{"line":649,"column":19},"end":{"line":649,"column":56}},"type":"binary-expr","locations":[{"start":{"line":649,"column":19},"end":{"line":649,"column":30}},{"start":{"line":649,"column":34},"end":{"line":649,"column":56}}],"line":649},"72":{"loc":{"start":{"line":656,"column":2},"end":{"line":658,"column":3}},"type":"if","locations":[{"start":{"line":656,"column":2},"end":{"line":658,"column":3}},{"start":{},"end":{}}],"line":656},"73":{"loc":{"start":{"line":662,"column":18},"end":{"line":662,"column":34}},"type":"binary-expr","locations":[{"start":{"line":662,"column":18},"end":{"line":662,"column":26}},{"start":{"line":662,"column":30},"end":{"line":662,"column":34}}],"line":662},"74":{"loc":{"start":{"line":665,"column":4},"end":{"line":668,"column":7}},"type":"if","locations":[{"start":{"line":665,"column":4},"end":{"line":668,"column":7}},{"start":{},"end":{}}],"line":665},"75":{"loc":{"start":{"line":679,"column":18},"end":{"line":679,"column":38}},"type":"binary-expr","locations":[{"start":{"line":679,"column":18},"end":{"line":679,"column":31}},{"start":{"line":679,"column":35},"end":{"line":679,"column":38}}],"line":679},"76":{"loc":{"start":{"line":696,"column":17},"end":{"line":696,"column":36}},"type":"binary-expr","locations":[{"start":{"line":696,"column":17},"end":{"line":696,"column":28}},{"start":{"line":696,"column":32},"end":{"line":696,"column":36}}],"line":696},"77":{"loc":{"start":{"line":697,"column":19},"end":{"line":697,"column":40}},"type":"binary-expr","locations":[{"start":{"line":697,"column":19},"end":{"line":697,"column":32}},{"start":{"line":697,"column":36},"end":{"line":697,"column":40}}],"line":697},"78":{"loc":{"start":{"line":700,"column":2},"end":{"line":764,"column":4}},"type":"if","locations":[{"start":{"line":700,"column":2},"end":{"line":764,"column":4}},{"start":{},"end":{}}],"line":700},"79":{"loc":{"start":{"line":707,"column":4},"end":{"line":710,"column":5}},"type":"if","locations":[{"start":{"line":707,"column":4},"end":{"line":710,"column":5}},{"start":{},"end":{}}],"line":707},"80":{"loc":{"start":{"line":707,"column":8},"end":{"line":707,"column":25}},"type":"binary-expr","locations":[{"start":{"line":707,"column":8},"end":{"line":707,"column":16}},{"start":{"line":707,"column":20},"end":{"line":707,"column":25}}],"line":707},"81":{"loc":{"start":{"line":722,"column":40},"end":{"line":722,"column":74}},"type":"cond-expr","locations":[{"start":{"line":722,"column":53},"end":{"line":722,"column":69}},{"start":{"line":722,"column":72},"end":{"line":722,"column":74}}],"line":722},"82":{"loc":{"start":{"line":741,"column":4},"end":{"line":741,"column":35}},"type":"if","locations":[{"start":{"line":741,"column":4},"end":{"line":741,"column":35}},{"start":{},"end":{}}],"line":741},"83":{"loc":{"start":{"line":751,"column":18},"end":{"line":751,"column":31}},"type":"binary-expr","locations":[{"start":{"line":751,"column":18},"end":{"line":751,"column":24}},{"start":{"line":751,"column":28},"end":{"line":751,"column":31}}],"line":751},"84":{"loc":{"start":{"line":763,"column":21},"end":{"line":763,"column":60}},"type":"binary-expr","locations":[{"start":{"line":763,"column":21},"end":{"line":763,"column":32}},{"start":{"line":763,"column":36},"end":{"line":763,"column":60}}],"line":763},"85":{"loc":{"start":{"line":765,"column":2},"end":{"line":878,"column":4}},"type":"if","locations":[{"start":{"line":765,"column":2},"end":{"line":878,"column":4}},{"start":{},"end":{}}],"line":765},"86":{"loc":{"start":{"line":768,"column":4},"end":{"line":770,"column":5}},"type":"if","locations":[{"start":{"line":768,"column":4},"end":{"line":770,"column":5}},{"start":{},"end":{}}],"line":768},"87":{"loc":{"start":{"line":776,"column":18},"end":{"line":776,"column":45}},"type":"binary-expr","locations":[{"start":{"line":776,"column":18},"end":{"line":776,"column":37}},{"start":{"line":776,"column":41},"end":{"line":776,"column":45}}],"line":776},"88":{"loc":{"start":{"line":777,"column":18},"end":{"line":777,"column":37}},"type":"binary-expr","locations":[{"start":{"line":777,"column":18},"end":{"line":777,"column":27}},{"start":{"line":777,"column":33},"end":{"line":777,"column":37}}],"line":777},"89":{"loc":{"start":{"line":807,"column":6},"end":{"line":809,"column":7}},"type":"if","locations":[{"start":{"line":807,"column":6},"end":{"line":809,"column":7}},{"start":{},"end":{}}],"line":807},"90":{"loc":{"start":{"line":813,"column":20},"end":{"line":813,"column":39}},"type":"binary-expr","locations":[{"start":{"line":813,"column":20},"end":{"line":813,"column":29}},{"start":{"line":813,"column":35},"end":{"line":813,"column":39}}],"line":813},"91":{"loc":{"start":{"line":823,"column":6},"end":{"line":823,"column":49}},"type":"if","locations":[{"start":{"line":823,"column":6},"end":{"line":823,"column":49}},{"start":{},"end":{}}],"line":823},"92":{"loc":{"start":{"line":823,"column":10},"end":{"line":823,"column":38}},"type":"binary-expr","locations":[{"start":{"line":823,"column":10},"end":{"line":823,"column":20}},{"start":{"line":823,"column":24},"end":{"line":823,"column":38}}],"line":823},"93":{"loc":{"start":{"line":843,"column":4},"end":{"line":843,"column":35}},"type":"if","locations":[{"start":{"line":843,"column":4},"end":{"line":843,"column":35}},{"start":{},"end":{}}],"line":843},"94":{"loc":{"start":{"line":865,"column":18},"end":{"line":865,"column":36}},"type":"binary-expr","locations":[{"start":{"line":865,"column":18},"end":{"line":865,"column":29}},{"start":{"line":865,"column":33},"end":{"line":865,"column":36}}],"line":865},"95":{"loc":{"start":{"line":877,"column":21},"end":{"line":877,"column":60}},"type":"binary-expr","locations":[{"start":{"line":877,"column":21},"end":{"line":877,"column":32}},{"start":{"line":877,"column":36},"end":{"line":877,"column":60}}],"line":877},"96":{"loc":{"start":{"line":886,"column":17},"end":{"line":886,"column":36}},"type":"binary-expr","locations":[{"start":{"line":886,"column":17},"end":{"line":886,"column":28}},{"start":{"line":886,"column":32},"end":{"line":886,"column":36}}],"line":886},"97":{"loc":{"start":{"line":888,"column":19},"end":{"line":888,"column":40}},"type":"binary-expr","locations":[{"start":{"line":888,"column":19},"end":{"line":888,"column":32}},{"start":{"line":888,"column":36},"end":{"line":888,"column":40}}],"line":888},"98":{"loc":{"start":{"line":889,"column":2},"end":{"line":943,"column":3}},"type":"if","locations":[{"start":{"line":889,"column":2},"end":{"line":943,"column":3}},{"start":{},"end":{}}],"line":889},"99":{"loc":{"start":{"line":897,"column":4},"end":{"line":899,"column":5}},"type":"if","locations":[{"start":{"line":897,"column":4},"end":{"line":899,"column":5}},{"start":{},"end":{}}],"line":897},"100":{"loc":{"start":{"line":897,"column":8},"end":{"line":897,"column":25}},"type":"binary-expr","locations":[{"start":{"line":897,"column":8},"end":{"line":897,"column":16}},{"start":{"line":897,"column":20},"end":{"line":897,"column":25}}],"line":897},"101":{"loc":{"start":{"line":922,"column":4},"end":{"line":922,"column":29}},"type":"if","locations":[{"start":{"line":922,"column":4},"end":{"line":922,"column":29}},{"start":{},"end":{}}],"line":922},"102":{"loc":{"start":{"line":941,"column":41},"end":{"line":941,"column":80}},"type":"binary-expr","locations":[{"start":{"line":941,"column":41},"end":{"line":941,"column":52}},{"start":{"line":941,"column":56},"end":{"line":941,"column":80}}],"line":941},"103":{"loc":{"start":{"line":944,"column":2},"end":{"line":1004,"column":3}},"type":"if","locations":[{"start":{"line":944,"column":2},"end":{"line":1004,"column":3}},{"start":{},"end":{}}],"line":944},"104":{"loc":{"start":{"line":950,"column":23},"end":{"line":952,"column":10}},"type":"cond-expr","locations":[{"start":{"line":951,"column":8},"end":{"line":951,"column":47}},{"start":{"line":952,"column":8},"end":{"line":952,"column":10}}],"line":950},"105":{"loc":{"start":{"line":953,"column":19},"end":{"line":955,"column":19}},"type":"cond-expr","locations":[{"start":{"line":954,"column":8},"end":{"line":954,"column":38}},{"start":{"line":955,"column":8},"end":{"line":955,"column":19}}],"line":953},"106":{"loc":{"start":{"line":957,"column":19},"end":{"line":959,"column":19}},"type":"cond-expr","locations":[{"start":{"line":958,"column":8},"end":{"line":958,"column":38}},{"start":{"line":959,"column":8},"end":{"line":959,"column":19}}],"line":957},"107":{"loc":{"start":{"line":1001,"column":21},"end":{"line":1001,"column":60}},"type":"binary-expr","locations":[{"start":{"line":1001,"column":21},"end":{"line":1001,"column":32}},{"start":{"line":1001,"column":36},"end":{"line":1001,"column":60}}],"line":1001},"108":{"loc":{"start":{"line":1013,"column":17},"end":{"line":1013,"column":32}},"type":"binary-expr","locations":[{"start":{"line":1013,"column":17},"end":{"line":1013,"column":24}},{"start":{"line":1013,"column":28},"end":{"line":1013,"column":32}}],"line":1013},"109":{"loc":{"start":{"line":1016,"column":4},"end":{"line":1018,"column":5}},"type":"if","locations":[{"start":{"line":1016,"column":4},"end":{"line":1018,"column":5}},{"start":{},"end":{}}],"line":1016},"110":{"loc":{"start":{"line":1029,"column":4},"end":{"line":1031,"column":5}},"type":"if","locations":[{"start":{"line":1029,"column":4},"end":{"line":1031,"column":5}},{"start":{},"end":{}}],"line":1029},"111":{"loc":{"start":{"line":1029,"column":8},"end":{"line":1029,"column":30}},"type":"binary-expr","locations":[{"start":{"line":1029,"column":8},"end":{"line":1029,"column":15}},{"start":{"line":1029,"column":19},"end":{"line":1029,"column":30}}],"line":1029},"112":{"loc":{"start":{"line":1040,"column":4},"end":{"line":1042,"column":5}},"type":"if","locations":[{"start":{"line":1040,"column":4},"end":{"line":1042,"column":5}},{"start":{},"end":{}}],"line":1040},"113":{"loc":{"start":{"line":1040,"column":8},"end":{"line":1040,"column":36}},"type":"binary-expr","locations":[{"start":{"line":1040,"column":8},"end":{"line":1040,"column":21}},{"start":{"line":1040,"column":25},"end":{"line":1040,"column":36}}],"line":1040},"114":{"loc":{"start":{"line":1070,"column":2},"end":{"line":1070,"column":25}},"type":"if","locations":[{"start":{"line":1070,"column":2},"end":{"line":1070,"column":25}},{"start":{},"end":{}}],"line":1070},"115":{"loc":{"start":{"line":1082,"column":20},"end":{"line":1084,"column":28}},"type":"cond-expr","locations":[{"start":{"line":1083,"column":22},"end":{"line":1083,"column":63}},{"start":{"line":1084,"column":22},"end":{"line":1084,"column":28}}],"line":1082},"116":{"loc":{"start":{"line":1095,"column":4},"end":{"line":1097,"column":5}},"type":"if","locations":[{"start":{"line":1095,"column":4},"end":{"line":1097,"column":5}},{"start":{},"end":{}}],"line":1095},"117":{"loc":{"start":{"line":1105,"column":4},"end":{"line":1108,"column":5}},"type":"if","locations":[{"start":{"line":1105,"column":4},"end":{"line":1108,"column":5}},{"start":{},"end":{}}],"line":1105},"118":{"loc":{"start":{"line":1115,"column":4},"end":{"line":1118,"column":5}},"type":"if","locations":[{"start":{"line":1115,"column":4},"end":{"line":1118,"column":5}},{"start":{},"end":{}}],"line":1115},"119":{"loc":{"start":{"line":1115,"column":8},"end":{"line":1115,"column":33}},"type":"binary-expr","locations":[{"start":{"line":1115,"column":8},"end":{"line":1115,"column":18}},{"start":{"line":1115,"column":22},"end":{"line":1115,"column":33}}],"line":1115},"120":{"loc":{"start":{"line":1123,"column":10},"end":{"line":1123,"column":35}},"type":"binary-expr","locations":[{"start":{"line":1123,"column":10},"end":{"line":1123,"column":29}},{"start":{"line":1123,"column":33},"end":{"line":1123,"column":35}}],"line":1123},"121":{"loc":{"start":{"line":1148,"column":4},"end":{"line":1150,"column":5}},"type":"if","locations":[{"start":{"line":1148,"column":4},"end":{"line":1150,"column":5}},{"start":{},"end":{}}],"line":1148}},"s":{"0":10,"1":10,"2":10,"3":10,"4":10,"5":10,"6":10,"7":10,"8":10,"9":10,"10":10,"11":0,"12":0,"13":0,"14":0,"15":0,"16":0,"17":0,"18":10,"19":3,"20":1,"21":10,"22":3,"23":3,"24":3,"25":1,"26":1,"27":1,"28":0,"29":3,"30":10,"31":1,"32":1,"33":2,"34":10,"35":2,"36":2,"37":1,"38":1,"39":1,"40":10,"41":1,"42":1,"43":10,"44":0,"45":10,"46":1,"47":10,"48":2,"49":2,"50":0,"51":2,"52":2,"53":0,"54":2,"55":2,"56":0,"57":2,"58":2,"59":0,"60":10,"61":3,"62":3,"63":1,"64":10,"65":3,"66":3,"67":1,"68":2,"69":2,"70":2,"71":1,"72":10,"73":2,"74":2,"75":1,"76":1,"77":10,"78":2,"79":2,"80":1,"81":10,"82":4,"83":4,"84":4,"85":4,"86":7,"87":7,"88":3,"89":4,"90":7,"91":7,"92":1,"93":6,"94":3,"95":10,"96":10,"97":9,"98":9,"99":9,"100":1,"101":1,"102":1,"103":1,"104":1,"105":1,"106":1,"107":1,"108":10,"109":1,"110":1,"111":1,"112":1,"113":1,"114":1,"115":0,"116":1,"117":1,"118":1,"119":1,"120":0,"121":1,"122":1,"123":0,"124":1,"125":1,"126":0,"127":0,"128":0,"129":0,"130":10,"131":1,"132":1,"133":1,"134":1,"135":1,"136":1,"137":1,"138":1,"139":1,"140":0,"141":0,"142":0,"143":0,"144":0,"145":0,"146":0,"147":0,"148":0,"149":0,"150":0,"151":0,"152":0,"153":0,"154":0,"155":0,"156":0,"157":0,"158":0,"159":0,"160":0,"161":0,"162":0,"163":0,"164":0,"165":0,"166":0,"167":0,"168":0,"169":0,"170":0,"171":0,"172":0,"173":0,"174":0,"175":0,"176":0,"177":0,"178":0,"179":10,"180":4,"181":4,"182":4,"183":4,"184":3,"185":3,"186":3,"187":3,"188":1,"189":2,"190":2,"191":1,"192":1,"193":1,"194":0,"195":1,"196":0,"197":0,"198":0,"199":0,"200":0,"201":0,"202":0,"203":0,"204":0,"205":0,"206":0,"207":0,"208":0,"209":0,"210":0,"211":0,"212":0,"213":0,"214":0,"215":0,"216":0,"217":0,
[...]
,"C:\\Users\\mooho\\Desktop\\SD-Project\\api\\controllers\\searchController.js": {"path":"C:\\Users\\mooho\\Desktop\\SD-Project\\api\\controllers\\searchController.js","statementMap":{"0":{"start":{"line":4,"column":25},"end":{"line":4,"column":57}},"1":{"start":{"line":5,"column":21},"end":{"line":5,"column":54}},"2":{"start":{"line":6,"column":12},"end":{"line":6,"column":47}},"3":{"start":{"line":7,"column":36},"end":{"line":7,"column":42}},"4":{"start":{"line":8,"column":20},"end":{"line":8,"column":23}},"5":{"start":{"line":10,"column":20},"end":{"line":12,"column":2}},"6":{"start":{"line":13,"column":17},"end":{"line":16,"column":1}},"7":{"start":{"line":17,"column":15},"end":{"line":17,"column":42}},"8":{"start":{"line":18,"column":17},"end":{"line":21,"column":2}},"9":{"start":{"line":23,"column":19},"end":{"line":23,"column":96}},"10":{"start":{"line":25,"column":20},"end":{"line":28,"column":3}},"11":{"start":{"line":27,"column":4},"end":{"line":27,"column":69}},"12":{"start":{"line":29,"column":21},"end":{"line":29,"column":71}},"13":{"start":{"line":30,"column":2},"end":{"line":37,"column":4}},"14":{"start":{"line":31,"column":4},"end":{"line":36,"column":29}},"15":{"start":{"line":36,"column":15},"end":{"line":36,"column":28}},"16":{"start":{"line":39,"column":0},"end":{"line":180,"column":2}},"17":{"start":{"line":40,"column":2},"end":{"line":179,"column":3}},"18":{"start":{"line":49,"column":8},"end":{"line":49,"column":16}},"19":{"start":{"line":50,"column":4},"end":{"line":52,"column":5}},"20":{"start":{"line":51,"column":6},"end":{"line":51,"column":75}},"21":{"start":{"line":55,"column":22},"end":{"line":60,"column":5}},"22":{"start":{"line":62,"column":14},"end":{"line":66,"column":8}},"23":{"start":{"line":69,"column":4},"end":{"line":72,"column":5}},"24":{"start":{"line":71,"column":6},"end":{"line":71,"column":48}},"25":{"start":{"line":74,"column":49},"end":{"line":74,"column":58}},"26":{"start":{"line":75,"column":4},"end":{"line":75,"column":37}},"27":{"start":{"line":75,"column":20},"end":{"line":75,"column":37}},"28":{"start":{"line":77,"column":4},"end":{"line":79,"column":5}},"29":{"start":{"line":78,"column":6},"end":{"line":78,"column":78}},"30":{"start":{"line":80,"column":14},"end":{"line":83,"column":39}},"31":{"start":{"line":83,"column":33},"end":{"line":83,"column":37}},"32":{"start":{"line":84,"column":4},"end":{"line":86,"column":5}},"33":{"start":{"line":85,"column":6},"end":{"line":85,"column":45}},"34":{"start":{"line":87,"column":4},"end":{"line":89,"column":5}},"35":{"start":{"line":88,"column":6},"end":{"line":88,"column":43}},"36":{"start":{"line":90,"column":4},"end":{"line":92,"column":5}},"37":{"start":{"line":91,"column":6},"end":{"line":91,"column":37}},"38":{"start":{"line":94,"column":4},"end":{"line":94,"column":67}},"39":{"start":{"line":97,"column":43},"end":{"line":97,"column":52}},"40":{"start":{"line":98,"column":4},"end":{"line":98,"column":31}},"41":{"start":{"line":98,"column":17},"end":{"line":98,"column":31}},"42":{"start":{"line":99,"column":4},"end":{"line":101,"column":5}},"43":{"start":{"line":100,"column":6},"end":{"line":100,"column":83}},"44":{"start":{"line":105,"column":16},"end":{"line":125,"column":13}},"45":{"start":{"line":108,"column":15},"end":{"line":108,"column":17}},"46":{"start":{"line":109,"column":4},"end":{"line":121,"column":5}},"47":{"start":{"line":110,"column":6},"end":{"line":110,"column":24}},"48":{"start":{"line":111,"column":11},"end":{"line":121,"column":5}},"49":{"start":{"line":112,"column":6},"end":{"line":120,"column":7}},"50":{"start":{"line":113,"column":23},"end":{"line":113,"column":45}},"51":{"start":{"line":114,"column":8},"end":{"line":116,"column":9}},"52":{"start":{"line":115,"column":10},"end":{"line":115,"column":24}},"53":{"start":{"line":119,"column":8},"end":{"line":119,"column":72}},"54":{"start":{"line":119,"column":46},"end":{"line":119,"column":54}},"55":{"start":{"line":123,"column":4},"end":{"line":123,"column":56}},"56":{"start":{"line":126,"column":2},"end":{"line":126,"column":23}},"57":{"start":{"line":127,"column":25},"end":{"line":134,"column":8}},"58":{"start":{"line":137,"column":18},"end":{"line":143,"column":2}},"59":{"start":{"line":146,"column":18},"end":{"line":154,"column":2}},"60":{"start":{"line":156,"column":18},"end":{"line":156,"column":52}},"61":{"start":{"line":157,"column":13},"end":{"line":157,"column":15}},"62":{"start":{"line":160,"column":0},"end":{"line":165,"column":1}},"63":{"start":{"line":161,"column":2},"end":{"line":161,"column":61}},"64":{"start":{"line":161,"column":44},"end":{"line":161,"column":50}},"65":{"start":{"line":162,"column":7},"end":{"line":165,"column":1}},"66":{"start":{"line":164,"column":2},"end":{"line":164,"column":35}},"67":{"start":{"line":168,"column":0},"end":{"line":175,"column":7}},"68":{"start":{"line":170,"column":26},"end":{"line":174,"column":34}},"69":{"start":{"line":177,"column":4},"end":{"line":177,"column":45}},"70":{"start":{"line":178,"column":4},"end":{"line":178,"column":21}},"71":{"start":{"line":181,"column":0},"end":{"line":267,"column":2}},"72":{"start":{"line":182,"column":2},"end":{"line":266,"column":3}},"73":{"start":{"line":183,"column":32},"end":{"line":183,"column":40}},"74":{"start":{"line":185,"column":19},"end":{"line":185,"column":21}},"75":{"start":{"line":188,"column":4},"end":{"line":229,"column":5}},"76":{"start":{"line":189,"column":6},"end":{"line":189,"column":30}},"77":{"start":{"line":192,"column":9},"end":{"line":229,"column":5}},"78":{"start":{"line":193,"column":30},"end":{"line":196,"column":25}},"79":{"start":{"line":198,"column":6},"end":{"line":198,"column":29}},"80":{"start":{"line":198,"column":17},"end":{"line":198,"column":29}},"81":{"start":{"line":199,"column":0},"end":{"line":199,"column":27}},"82":{"start":{"line":201,"column":17},"end":{"line":211,"column":2}},"83":{"start":{"line":203,"column":21},"end":{"line":203,"column":42}},"84":{"start":{"line":204,"column":2},"end":{"line":210,"column":3}},"85":{"start":{"line":206,"column":4},"end":{"line":206,"column":34}},"86":{"start":{"line":209,"column":4},"end":{"line":209,"column":24}},"87":{"start":{"line":214,"column":6},"end":{"line":218,"column":7}},"88":{"start":{"line":215,"column":8},"end":{"line":217,"column":71}},"89":{"start":{"line":220,"column":6},"end":{"line":222,"column":135}},"90":{"start":{"line":226,"column":6},"end":{"line":228,"column":62}},"91":{"start":{"line":233,"column":18},"end":{"line":236,"column":6}},"92":{"start":{"line":239,"column":21},"end":{"line":247,"column":6}},"93":{"start":{"line":248,"column":4},"end":{"line":251,"column":6}},"94":{"start":{"line":254,"column":18},"end":{"line":254,"column":20}},"95":{"start":{"line":255,"column":22},"end":{"line":255,"column":56}},"96":{"start":{"line":256,"column":4},"end":{"line":260,"column":5}},"97":{"start":{"line":257,"column":6},"end":{"line":257,"column":68}},"98":{"start":{"line":257,"column":51},"end":{"line":257,"column":57}},"99":{"start":{"line":258,"column":11},"end":{"line":260,"column":5}},"100":{"start":{"line":259,"column":6},"end":{"line":259,"column":39}},"101":{"start":{"line":262,"column":4},"end":{"line":262,"column":33}},"102":{"start":{"line":264,"column":4},"end":{"line":264,"column":50}},"103":{"start":{"line":265,"column":4},"end":{"line":265,"column":14}},"104":{"start":{"line":268,"column":0},"end":{"line":319,"column":2}},"105":{"start":{"line":269,"column":2},"end":{"line":318,"column":3}},"106":{"start":{"line":271,"column":15},"end":{"line":271,"column":23}},"107":{"start":{"line":273,"column":17},"end":{"line":273,"column":36}},"108":{"start":{"line":275,"column":27},"end":{"line":275,"column":33}},"109":{"start":{"line":276,"column":4},"end":{"line":278,"column":5}},"110":{"start":{"line":277,"column":6},"end":{"line":277,"column":71}},"111":{"start":{"line":282,"column":49},"end":{"line":286,"column":15}},"112":{"start":{"line":289,"column":4},"end":{"line":291,"column":5}},"113":{"start":{"line":290,"column":6},"end":{"line":290,"column":63}},"114":{"start":{"line":293,"column":21},"end":{"line":293,"column":36}},"115":{"start":{"line":295,"column":55},"end":{"line":298,"column":25}},"116":{"start":{"line":300,"column":4},"end":{"line":302,"column":5}},"117":{"start":{"line":301,"column":6},"end":{"line":301,"column":71}},"118":{"start":{"line":303,"column":24},"end":{"line":303,"column":54}},"119":{"start":{"line":304,"column":24},"end":{"line":304,"column":48}},"120":{"start":{"line":307,"column":21},"end":{"line":307,"column":40}},"121":{"start":{"line":312,"column":4},"end":{"line":312,"column":29}},"122":{"start":{"line":314,"column":0},"end":{"line":314,"column":17}},"123":{"start":{"line":316,"column":4},"end":{"line":316,"column":53}},"124":{"start":{"line":317,"column":4},"end":{"line":317,"column":61}}},"fnMap":{"0":{"name":"embedTexts","decl":{"start":{"line":22,"column":15},"end":{"line":22,"column":25}},"loc":{"start":{"line":22,"column":59},"end":{"line":38,"column":1}},"line":22},"1":{"name":"(anonymous_1)","decl":{"start":{"line":25,"column":30},"end":{"line":25,"column":31}},"loc":{"start":{"line":27,"column":4},"end":{"line":27,"column":69}},"line":27},"2":{"name":"(anonymous_2)","decl":{"start":{"line":30,"column":34},"end":{"line":30,"column":35}},"loc":{"start":{"line":31,"column":4},"end":{"line":36,"column":29}},"line":31},"3":{"name":"(anonymous_3)","decl":{"start":{"line":36,"column":10},"end":{"line":36,"column":11}},"loc":{"start":{"line":36,"column":15},"end":{"line":36,"column":28}},"line":36},"4":{"name":"(anonymous_4)","decl":{"start":{"line":39,"column":22},"end":{"line":39,"column":23}},"loc":{"start":{"line":39,"column":48},"end":{"line":180,"column":1}},"line":39},"5":{"name":"(anonymous_5)","decl":{"start":{"line":83,"column":28},"end":{"line":83,"column":29}},"loc":{"start":{"line":83,"column":33},"end":{"line":83,"column":37}},"line":83},"6":{"name":"(anonymous_6)","decl":{"start":{"line":106,"column":7},"end":{"line":106,"column":8}},"loc":{"start":{"line":106,"column":12},"end":{"line":124,"column":3}},"line":106},"7":{"name":"(anonymous_7)","decl":{"start":{"line":119,"column":41},"end":{"line":119,"column":42}},"loc":{"start":{"line":119,"column":46},"end":{"line":119,"column":54}},"line":119},"8":{"name":"(anonymous_8)","decl":{"start":{"line":161,"column":39},"end":{"line":161,"column":40}},"loc":{"start":{"line":161,"column":44},"end":{"line":161,"column":50}},"line":161},"9":{"name":"(anonymous_9)","decl":{"start":{"line":170,"column":20},"end":{"line":170,"column":21}},"loc":{"start":{"line":170,"column":26},"end":{"line":174,"column":34}},"line":170},"10":{"name":"(anonymous_10)","decl":{"start":{"line":181,"column":24},"end":{"line":181,"column":25}},"loc":{"start":{"line":181,"column":50},"end":{"line":267,"column":1}},"line":181},"11":{"name":"(anonymous_11)","decl":{"start":{"line":201,"column":30},"end":{"line":201,"column":31}},"loc":{"start":{"line":201,"column":37},"end":{"line":211,"column":1}},"line":201},"12":{"name":"(anonymous_12)","decl":{"start":{"line":257,"column":44},"end":{"line":257,"column":45}},"loc":{"start":{"line":257,"column":51},"end":{"line":257,"column":57}},"line":257},"13":{"name":"(anonymous_13)","decl":{"start":{"line":268,"column":19},"end":{"line":268,"column":20}},"loc":{"start":{"line":268,"column":44},"end":{"line":319,"column":1}},"line":268}},"branchMap":{"0":{"loc":{"start":{"line":42,"column":6},"end":{"line":42,"column":19}},"type":"default-arg","locations":[{"start":{"line":42,"column":17},"end":{"line":42,"column":19}}],"line":42},"1":{"loc":{"start":{"line":43,"column":6},"end":{"line":43,"column":21}},"type":"default-arg","locations":[{"start":{"line":43,"column":19},"end":{"line":43,"column":21}}],"line":43},"2":{"loc":{"start":{"line":47,"column":6},"end":{"line":47,"column":30}},"type":"default-arg","locations":[{"start":{"line":47,"column":18},"end":{"line":47,"column":30}}],"line":47},"3":{"loc":{"start":{"line":48,"column":6},"end":{"line":48,"column":24}},"type":"default-arg","locations":[{"start":{"line":48,"column":18},"end":{"line":48,"column":24}}],"line":48},"4":{"loc":{"start":{"line":50,"column":4},"end":{"line":52,"column":5}},"type":"if","locations":[{"start":{"line":50,"column":4},"end":{"line":52,"column":5}},{"start":{},"end":{}}],"line":50},"5":{"loc":{"start":{"line":69,"column":4},"end":{"line":72,"column":5}},"type":"if","locations":[{"start":{"line":69,"column":4},"end":{"line":72,"column":5}},{"start":{},"end":{}}],"line":69},"6":{"loc":{"start":{"line":75,"column":4},"end":{"line":75,"column":37}},"type":"if","locations":[{"start":{"line":75,"column":4},"end":{"line":75,"column":37}},{"start":{},"end":{}}],"line":75},"7":{"loc":{"start":{"line":77,"column":4},"end":{"line":79,"column":5}},"type":"if","locations":[{"start":{"line":77,"column":4},"end":{"line":79,"column":5}},{"start":{},"end":{}}],"line":77},"8":{"loc":{"start":{"line":77,"column":8},"end":{"line":77,"column":40}},"type":"binary-expr","locations":[{"start":{"line":77,"column":8},"end":{"line":77,"column":16}},{"start":{"line":77,"column":20},"end":{"line":77,"column":40}}],"line":77},"9":{"loc":{"start":{"line":84,"column":4},"end":{"line":86,"column":5}},"type":"if","locations":[{"start":{"line":84,"column":4},"end":{"line":86,"column":5}},{"start":{},"end":{}}],"line":84},"10":{"loc":{"start":{"line":87,"column":4},"end":{"line":89,"column":5}},"type":"if","locations":[{"start":{"line":87,"column":4},"end":{"line":89,"column":5}},{"start":{},"end":{}}],"line":87},"11":{"loc":{"start":{"line":90,"column":4},"end":{"line":92,"column":5}},"type":"if","locations":[{"start":{"line":90,"column":4},"end":{"line":92,"column":5}},{"start":{},"end":{}}],"line":90},"12":{"loc":{"start":{"line":98,"column":4},"end":{"line":98,"column":31}},"type":"if","locations":[{"start":{"line":98,"column":4},"end":{"line":98,"column":31}},{"start":{},"end":{}}],"line":98},"13":{"loc":{"start":{"line":99,"column":4},"end":{"line":101,"column":5}},"type":"if","locations":[{"start":{"line":99,"column":4},"end":{"line":101,"column":5}},{"start":{},"end":{}}],"line":99},"14":{"loc":{"start":{"line":109,"column":4},"end":{"line":121,"column":5}},"type":"if","locations":[{"start":{"line":109,"column":4},"end":{"line":121,"column":5}},{"start":{"line":111,"column":11},"end":{"line":121,"column":5}}],"line":109},"15":{"loc":{"start":{"line":111,"column":11},"end":{"line":121,"column":5}},"type":"if","locations":[{"start":{"line":111,"column":11},"end":{"line":121,"column":5}},{"start":{},"end":{}}],"line":111},"16":{"loc":{"start":{"line":114,"column":8},"end":{"line":116,"column":9}},"type":"if","locations":[{"start":{"line":114,"column":8},"end":{"line":116,"column":9}},{"start":{},"end":{}}],"line":114},"17":{"loc":{"start":{"line":160,"column":0},"end":{"line":165,"column":1}},"type":"if","locations":[{"start":{"line":160,"column":0},"end":{"line":165,"column":1}},{"start":{"line":162,"column":7},"end":{"line":165,"column":1}}],"line":160},"18":{"loc":{"start":{"line":162,"column":7},"end":{"line":165,"column":1}},"type":"if","locations":[{"start":{"line":162,"column":7},"end":{"line":165,"column":1}},{"start":{},"end":{}}],"line":162},"19":{"loc":{"start":{"line":188,"column":4},"end":{"line":229,"column":5}},"type":"if","locations":[{"start":{"line":188,"column":4},"end":{"line":229,"column":5}},{"start":{"line":192,"column":9},"end":{"line":229,"column":5}}],"line":188},"20":{"loc":{"start":{"line":188,"column":8},"end":{"line":188,"column":64}},"type":"binary-expr","locations":[{"start":{"line":188,"column":8},"end":{"line":188,"column":35}},{"start":{"line":188,"column":39},"end":{"line":188,"column":64}}],"line":188},"21":{"loc":{"start":{"line":192,"column":9},"end":{"line":229,"column":5}},"type":"if","locations":[{"start":{"line":192,"column":9},"end":{"line":229,"column":5}},{"start":{"line":225,"column":9},"end":{"line":229,"column":5}}],"line":192},"22":{"loc":{"start":{"line":192,"column":13},"end":{"line":192,"column":55}},"type":"binary-expr","locations":[{"start":{"line":192,"column":13},"end":{"line":192,"column":34}},{"start":{"line":192,"column":38},"end":{"line":192,"column":55}}],"line":192},"23":{"loc":{"start":{"line":198,"column":6},"end":{"line":198,"column":29}},"type":"if","locations":[{"start":{"line":198,"column":6},"end":{"line":198,"column":29}},{"start":{},"end":{}}],"line":198},"24":{"loc":{"start":{"line":214,"column":6},"end":{"line":218,"column":7}},"type":"if","locations":[{"start":{"line":214,"column":6},"end":{"line":218,"column":7}},{"start":{},"end":{}}],"line":214},"25":{"loc":{"start":{"line":256,"column":4},"end":{"line":260,"column":5}},"type":"if","locations":[{"start":{"line":256,"column":4},"end":{"line":260,"column":5}},{"start":{"line":258,"column":11},"end":{"line":260,"column":5}}],"line":256},"26":{"loc":{"start":{"line":258,"column":11},"end":{"line":260,"column":5}},"type":"if","locations":[{"start":{"line":258,"column":11},"end":{"line":260,"column":5}},{"start":{},"end":{}}],"line":258},"27":{"loc":{"start":{"line":273,"column":17},"end":{"line":273,"column":36}},"type":"binary-expr","locations":[{"start":{"line":273,"column":17},"end":{"line":273,"column":28}},{"start":{"line":273,"column":32},"end":{"line":273,"column":36}}],"line":273},"28":{"loc":{"start":{"line":276,"column":4},"end":{"line":278,"column":5}},"type":"if","locations":[{"start":{"line":276,"column":4},"end":{"line":278,"column":5}},{"start":{},"end":{}}],"line":276},"29":{"loc":{"start":{"line":289,"column":4},"end":{"line":291,"column":5}},"type":"if","locations":[{"start":{"line":289,"column":4},"end":{"line":291,"column":5}},{"start":{},"end":{}}],"line":289},"30":{"loc":{"start":{"line":289,"column":8},"end":{"line":289,"column":30}},"type":"binary-expr","locations":[{"start":{"line":289,"column":8},"end":{"line":289,"column":15}},{"start":{"line":289,"column":19},"end":{"line":289,"column":30}}],"line":289},"31":{"loc":{"start":{"line":300,"column":4},"end":{"line":302,"column":5}},"type":"if","locations":[{"start":{"line":300,"column":4},"end":{"line":302,"column":5}},{"start":{},"end":{}}],"line":300},"32":{"loc":{"start":{"line":300,"column":8},"end":{"line":300,"column":36}},"type":"binary-expr","locations":[{"start":{"line":300,"column":8},"end":{"line":300,"column":21}},{"start":{"line":300,"column":25},"end":{"line":300,"column":36}}],"line":300}},"s":{"0":6,"1":6,"2":6,"3":6,"4":6,"5":6,"6":6,"7":6,"8":6,"9":2,"10":2,"11":2,"12":2,"13":2,"14":2,"15":4,"16":6,"17":3,"18":3,"19":3,"20":1,"21":2,"22":2,"23":2,"24":0,"25":2,"26":2,"27":1,"28":1,"29":0,"30":1,"31":1,"32":1,"33":0,"34":1,"35":0,"36":1,"37":0,"38":1,"39":1,"40":1,"41":0,"42":1,"43":0,"44":1,"45":1,"46":1,"47":1,"48":0,"49":0,"50":0,"51":0,"52":0,"53":0,"54":0,"55":1,"56":1,"57":1,"58":1,"59":1,"60":1,"61":1,"62":1,"63":1,"64":1,"65":0,"66":0,"67":1,"68":1,"69":1,"70":1,"71":6,"72":2,"73":2,"74":2,"75":2,"76":1,"77":1,"78":0,"79":0,"80":0,"81":0,"82":0,"83":0,"84":0,"85":0,"86":0,"87":0,"88":0,"89":0,"90":1,"91":1,"92":1,"93":1,"94":1,"95":1,"96":1,"97":1,"98":1,"99":0,"100":0,"101":1,"102":0,"103":0,"104":6,"105":5,"106":5,"107":5,"108":5,"109":5,"110":1,"111":4,"112":4,"113":2,"114":2,"115":2,"116":2,"117":1,"118":1,"119":1,"120":1,"121":1,"122":1,"123":0,"124":0},"f":{"0":2,"1":2,"2":2,"3":4,"4":3,"5":1,"6":1,"7":0,"8":1,"9":1,"10":2,"11":0,"12":1,"13":5},"b":{"0":[0],"1":[3],"2":[3],"3":[3],"4":[1,2],"5":[0,2],"6":[1,1],"7":[0,1],"8":[1,1],"9":[0,1],"10":[0,1],"11":[0,1],"12":[0,1],"13":[0,1],"14":[1,0],"15":[0,0],"16":[0,0],"17":[1,0],"18":[0,0],"19":[1,1],"20":[2,1],"21":[0,1],"22":[1,0],"23":[0,0],"24":[0,0],"25":[1,0],"26":[0,0],"27":[5,1],"28":[1,4],"29":[2,2],"30":[4,3],"31":[1,1],"32":[2,1]},"_coverageSchema":"1a1c01bbd47fc00a2c39e90264f33305004495a9","hash":"534e040cf8ba3117f940a3d66181dd45f43604d7"}
}
