TN:
SF:controllers\adminApplicationController.js
FN:10,(anonymous_0)
FN:51,(anonymous_1)
FN:66,(anonymous_2)
FN:81,(anonymous_3)
FN:107,(anonymous_4)
FN:131,(anonymous_5)
FN:148,(anonymous_6)
FNF:7
FNH:7
FNDA:5,(anonymous_0)
FNDA:2,(anonymous_1)
FNDA:2,(anonymous_2)
FNDA:3,(anonymous_3)
FNDA:2,(anonymous_4)
FNDA:2,(anonymous_5)
FNDA:2,(anonymous_6)
DA:1,1
DA:4,1
DA:10,1
DA:11,5
DA:13,5
DA:20,5
DA:21,1
DA:22,1
DA:25,4
DA:26,3
DA:27,3
DA:28,3
DA:30,3
DA:31,3
DA:32,2
DA:33,1
DA:35,3
DA:41,1
DA:51,1
DA:53,2
DA:57,2
DA:58,1
DA:59,1
DA:62,1
DA:66,1
DA:68,2
DA:72,2
DA:73,1
DA:74,1
DA:77,1
DA:81,1
DA:82,3
DA:84,3
DA:87,3
DA:88,1
DA:89,1
DA:92,2
DA:98,2
DA:99,1
DA:100,1
DA:103,1
DA:107,1
DA:108,2
DA:110,2
DA:113,2
DA:114,0
DA:115,0
DA:118,2
DA:122,2
DA:123,1
DA:124,1
DA:127,1
DA:131,1
DA:132,2
DA:134,2
DA:139,2
DA:140,1
DA:141,1
DA:144,1
DA:148,1
DA:149,2
DA:151,2
DA:161,2
DA:162,1
DA:165,1
LF:65
LH:63
BRDA:20,0,0,1
BRDA:20,0,1,4
BRDA:25,1,0,3
BRDA:25,1,1,1
BRDA:25,2,0,4
BRDA:25,2,1,4
BRDA:31,3,0,1
BRDA:31,3,1,2
BRDA:32,4,0,1
BRDA:32,4,1,1
BRDA:57,5,0,1
BRDA:57,5,1,1
BRDA:72,6,0,1
BRDA:72,6,1,1
BRDA:87,7,0,1
BRDA:87,7,1,2
BRDA:98,8,0,1
BRDA:98,8,1,1
BRDA:113,9,0,0
BRDA:113,9,1,2
BRDA:122,10,0,1
BRDA:122,10,1,1
BRDA:139,11,0,1
BRDA:139,11,1,1
BRDA:161,12,0,1
BRDA:161,12,1,1
BRF:26
BRH:25
end_of_record
TN:
SF:controllers\fileManagerController.js
FN:25,embedTexts
FN:28,(anonymous_1)
FN:33,(anonymous_2)
FN:39,(anonymous_3)
FN:43,getFolder
FN:49,(anonymous_5)
FN:52,buildFolderPath
FN:63,getDescendantFolderIds
FN:67,(anonymous_8)
FN:67,(anonymous_9)
FN:70,getDescendantFolders
FN:82,getFilesInFolders
FN:87,(anonymous_12)
FN:90,updateFolderParent
FN:97,updateFilePath
FN:104,moveStorageObject
FN:145,updateFileRecord
FN:153,copyStorageObject
FN:169,createFolderRecord
FN:179,updateFolderName
FN:187,mapPathToFolderId
FN:213,(anonymous_21)
FN:236,(anonymous_22)
FN:279,(anonymous_23)
FN:293,(anonymous_24)
FN:318,(anonymous_25)
FN:362,(anonymous_26)
FN:427,(anonymous_27)
FN:476,(anonymous_28)
FN:522,(anonymous_29)
FN:646,(anonymous_30)
FN:691,(anonymous_31)
FN:789,(anonymous_32)
FN:793,(anonymous_33)
FN:799,(anonymous_34)
FN:882,(anonymous_35)
FN:1008,(anonymous_36)
FN:1060,(anonymous_37)
FN:1072,(anonymous_38)
FN:1089,(anonymous_39)
FNF:40
FNH:25
FNDA:0,embedTexts
FNDA:0,(anonymous_1)
FNDA:0,(anonymous_2)
FNDA:0,(anonymous_3)
FNDA:3,getFolder
FNDA:1,(anonymous_5)
FNDA:3,buildFolderPath
FNDA:1,getDescendantFolderIds
FNDA:1,(anonymous_8)
FNDA:2,(anonymous_9)
FNDA:2,getDescendantFolders
FNDA:1,getFilesInFolders
FNDA:1,(anonymous_12)
FNDA:0,updateFolderParent
FNDA:1,updateFilePath
FNDA:2,moveStorageObject
FNDA:3,updateFileRecord
FNDA:3,copyStorageObject
FNDA:2,createFolderRecord
FNDA:2,updateFolderName
FNDA:4,mapPathToFolderId
FNDA:9,(anonymous_21)
FNDA:1,(anonymous_22)
FNDA:0,(anonymous_23)
FNDA:0,(anonymous_24)
FNDA:1,(anonymous_25)
FNDA:0,(anonymous_26)
FNDA:4,(anonymous_27)
FNDA:0,(anonymous_28)
FNDA:1,(anonymous_29)
FNDA:4,(anonymous_30)
FNDA:0,(anonymous_31)
FNDA:0,(anonymous_32)
FNDA:0,(anonymous_33)
FNDA:0,(anonymous_34)
FNDA:0,(anonymous_35)
FNDA:3,(anonymous_36)
FNDA:1,(anonymous_37)
FNDA:1,(anonymous_38)
FNDA:0,(anonymous_39)
DA:1,10
DA:2,10
DA:3,10
DA:4,10
DA:5,10
DA:7,10
DA:8,10
DA:9,10
DA:12,10
DA:15,10
DA:18,10
DA:26,0
DA:28,0
DA:30,0
DA:32,0
DA:33,0
DA:34,0
DA:39,0
DA:42,10
DA:44,3
DA:49,1
DA:51,10
DA:53,3
DA:54,3
DA:55,3
DA:56,1
DA:57,1
DA:58,0
DA:60,3
DA:62,10
DA:65,1
DA:67,2
DA:69,10
DA:71,2
DA:74,2
DA:75,1
DA:76,1
DA:79,1
DA:81,10
DA:83,1
DA:87,1
DA:89,10
DA:91,0
DA:96,10
DA:98,1
DA:103,10
DA:107,2
DA:109,2
DA:111,0
DA:119,2
DA:120,2
DA:122,0
DA:127,2
DA:128,2
DA:129,0
DA:137,2
DA:138,2
DA:140,0
DA:144,10
DA:146,3
DA:150,3
DA:152,10
DA:155,3
DA:157,3
DA:159,2
DA:162,2
DA:164,2
DA:168,10
DA:170,2
DA:175,2
DA:176,1
DA:178,10
DA:180,2
DA:184,2
DA:186,10
DA:188,4
DA:189,4
DA:190,4
DA:192,4
DA:193,7
DA:198,7
DA:199,3
DA:201,4
DA:204,7
DA:205,7
DA:206,6
DA:209,3
DA:211,10
DA:213,10
DA:215,9
DA:216,9
DA:217,9
DA:219,1
DA:221,1
DA:223,1
DA:225,1
DA:227,1
DA:229,1
DA:231,1
DA:233,1
DA:236,10
DA:237,1
DA:238,1
DA:240,1
DA:245,1
DA:249,1
DA:250,1
DA:252,0
DA:255,1
DA:258,1
DA:261,1
DA:262,1
DA:264,0
DA:266,1
DA:267,1
DA:270,1
DA:271,1
DA:279,0
DA:293,0
DA:314,0
DA:315,0
DA:318,10
DA:319,1
DA:320,1
DA:321,1
DA:322,1
DA:323,1
DA:324,1
DA:325,1
DA:326,1
DA:327,1
DA:329,0
DA:330,0
DA:331,0
DA:335,0
DA:339,0
DA:347,0
DA:348,0
DA:352,0
DA:353,0
DA:354,0
DA:355,0
DA:356,0
DA:360,0
DA:362,0
DA:366,0
DA:368,0
DA:370,0
DA:383,0
DA:384,0
DA:386,0
DA:387,0
DA:389,0
DA:392,0
DA:393,0
DA:394,0
DA:400,0
DA:402,0
DA:403,0
DA:405,0
DA:407,0
DA:411,0
DA:414,0
DA:419,0
DA:420,0
DA:421,0
DA:423,0
DA:424,0
DA:427,10
DA:428,4
DA:429,4
DA:430,4
DA:432,4
DA:433,3
DA:434,3
DA:435,3
DA:439,3
DA:440,1
DA:442,2
DA:446,2
DA:447,1
DA:449,1
DA:450,1
DA:467,0
DA:471,1
DA:472,0
DA:473,0
DA:474,0
DA:475,0
DA:476,0
DA:477,0
DA:478,0
DA:479,0
DA:480,0
DA:484,0
DA:486,0
DA:490,0
DA:491,0
DA:495,0
DA:496,0
DA:497,0
DA:514,0
DA:518,1
DA:522,10
DA:523,1
DA:524,1
DA:525,1
DA:526,1
DA:527,1
DA:528,1
DA:530,1
DA:535,1
DA:536,0
DA:537,0
DA:540,1
DA:541,1
DA:545,1
DA:546,1
DA:547,1
DA:550,1
DA:553,1
DA:558,1
DA:559,1
DA:576,0
DA:577,0
DA:583,1
DA:584,0
DA:585,0
DA:588,0
DA:589,0
DA:592,0
DA:596,0
DA:599,0
DA:603,0
DA:604,0
DA:607,0
DA:608,0
DA:609,0
DA:612,0
DA:615,0
DA:616,0
DA:617,0
DA:619,0
DA:620,0
DA:622,0
DA:623,0
DA:639,0
DA:640,0
DA:646,10
DA:648,4
DA:649,4
DA:653,4
DA:656,4
DA:657,1
DA:659,3
DA:660,3
DA:665,2
DA:666,1
DA:667,1
DA:670,1
DA:671,1
DA:687,1
DA:688,1
DA:691,10
DA:692,0
DA:693,0
DA:694,0
DA:696,0
DA:697,0
DA:698,0
DA:699,0
DA:700,0
DA:702,0
DA:707,0
DA:708,0
DA:709,0
DA:712,0
DA:713,0
DA:714,0
DA:715,0
DA:716,0
DA:717,0
DA:718,0
DA:721,0
DA:722,0
DA:723,0
DA:726,0
DA:729,0
DA:741,0
DA:742,0
DA:743,0
DA:760,0
DA:761,0
DA:765,0
DA:767,0
DA:768,0
DA:769,0
DA:771,0
DA:774,0
DA:781,0
DA:782,0
DA:783,0
DA:784,0
DA:787,0
DA:789,0
DA:792,0
DA:793,0
DA:799,0
DA:800,0
DA:804,0
DA:805,0
DA:806,0
DA:807,0
DA:808,0
DA:810,0
DA:815,0
DA:819,0
DA:820,0
DA:821,0
DA:822,0
DA:823,0
DA:826,0
DA:827,0
DA:830,0
DA:831,0
DA:843,0
DA:844,0
DA:845,0
DA:856,0
DA:857,0
DA:874,0
DA:875,0
DA:882,10
DA:883,0
DA:884,0
DA:886,0
DA:888,0
DA:889,0
DA:890,0
DA:892,0
DA:897,0
DA:898,0
DA:902,0
DA:904,0
DA:906,0
DA:909,0
DA:912,0
DA:922,0
DA:924,0
DA:925,0
DA:940,0
DA:941,0
DA:944,0
DA:945,0
DA:947,0
DA:950,0
DA:953,0
DA:956,0
DA:957,0
DA:960,0
DA:961,0
DA:962,0
DA:965,0
DA:966,0
DA:967,0
DA:970,0
DA:973,0
DA:974,0
DA:975,0
DA:977,0
DA:978,0
DA:981,0
DA:982,0
DA:998,0
DA:999,0
DA:1008,10
DA:1009,3
DA:1011,3
DA:1013,3
DA:1015,3
DA:1016,3
DA:1017,0
DA:1022,3
DA:1029,3
DA:1030,1
DA:1033,2
DA:1035,2
DA:1040,2
DA:1041,1
DA:1043,1
DA:1044,1
DA:1047,1
DA:1052,1
DA:1054,1
DA:1056,0
DA:1057,0
DA:1060,10
DA:1061,1
DA:1064,1
DA:1070,1
DA:1072,1
DA:1087,1
DA:1089,10
DA:1090,0
DA:1091,0
DA:1092,0
DA:1095,0
DA:1096,0
DA:1100,0
DA:1105,0
DA:1106,0
DA:1107,0
DA:1111,0
DA:1115,0
DA:1116,0
DA:1117,0
DA:1121,0
DA:1125,0
DA:1129,0
DA:1130,0
DA:1136,0
DA:1137,0
DA:1139,0
DA:1140,0
DA:1144,0
DA:1148,0
DA:1149,0
DA:1153,0
DA:1160,0
DA:1161,0
LF:430
LH:190
BRDA:57,0,0,1
BRDA:57,0,1,0
BRDA:74,1,0,1
BRDA:74,1,1,1
BRDA:93,2,0,0
BRDA:93,2,1,0
BRDA:109,3,0,0
BRDA:109,3,1,2
BRDA:109,4,0,2
BRDA:109,4,1,2
BRDA:112,5,0,0
BRDA:112,5,1,0
BRDA:128,6,0,0
BRDA:128,6,1,2
BRDA:130,7,0,0
BRDA:130,7,1,0
BRDA:138,8,0,0
BRDA:138,8,1,2
BRDA:150,9,0,1
BRDA:150,9,1,2
BRDA:157,10,0,1
BRDA:157,10,1,2
BRDA:164,11,0,1
BRDA:164,11,1,1
BRDA:169,12,0,2
BRDA:175,13,0,1
BRDA:175,13,1,1
BRDA:184,14,0,1
BRDA:184,14,1,1
BRDA:188,15,0,4
BRDA:188,15,1,1
BRDA:189,16,0,3
BRDA:189,16,1,1
BRDA:198,17,0,3
BRDA:198,17,1,4
BRDA:205,18,0,1
BRDA:205,18,1,6
BRDA:205,19,0,7
BRDA:205,19,1,6
BRDA:217,20,0,1
BRDA:217,20,1,1
BRDA:217,20,2,1
BRDA:217,20,3,1
BRDA:217,20,4,1
BRDA:217,20,5,1
BRDA:217,20,6,1
BRDA:217,20,7,1
BRDA:238,21,0,1
BRDA:238,21,1,1
BRDA:240,22,0,1
BRDA:240,22,1,0
BRDA:249,23,0,1
BRDA:249,23,1,0
BRDA:261,24,0,1
BRDA:261,24,1,0
BRDA:267,25,0,0
BRDA:267,25,1,1
BRDA:270,26,0,0
BRDA:270,26,1,1
BRDA:274,27,0,0
BRDA:274,27,1,1
BRDA:303,28,0,0
BRDA:303,28,1,0
BRDA:320,29,0,1
BRDA:320,29,1,1
BRDA:323,30,0,1
BRDA:323,30,1,1
BRDA:324,31,0,1
BRDA:324,31,1,0
BRDA:325,32,0,1
BRDA:325,32,1,1
BRDA:326,33,0,1
BRDA:326,33,1,0
BRDA:335,34,0,0
BRDA:335,34,1,0
BRDA:347,35,0,0
BRDA:347,35,1,0
BRDA:352,36,0,0
BRDA:352,36,1,0
BRDA:355,37,0,0
BRDA:355,37,1,0
BRDA:383,38,0,0
BRDA:383,38,1,0
BRDA:383,39,0,0
BRDA:383,39,1,0
BRDA:384,40,0,0
BRDA:384,40,1,0
BRDA:420,41,0,0
BRDA:420,41,1,0
BRDA:423,42,0,0
BRDA:423,42,1,0
BRDA:429,43,0,4
BRDA:429,43,1,1
BRDA:430,44,0,4
BRDA:430,44,1,4
BRDA:432,45,0,3
BRDA:432,45,1,1
BRDA:439,46,0,1
BRDA:439,46,1,2
BRDA:446,47,0,1
BRDA:446,47,1,1
BRDA:471,48,0,0
BRDA:471,48,1,1
BRDA:484,49,0,0
BRDA:484,49,1,0
BRDA:490,50,0,0
BRDA:490,50,1,0
BRDA:495,51,0,0
BRDA:495,51,1,0
BRDA:514,52,0,0
BRDA:514,52,1,0
BRDA:524,53,0,1
BRDA:524,53,1,0
BRDA:525,54,0,1
BRDA:525,54,1,1
BRDA:527,55,0,1
BRDA:527,55,1,0
BRDA:535,56,0,0
BRDA:535,56,1,1
BRDA:535,57,0,1
BRDA:535,57,1,1
BRDA:541,58,0,1
BRDA:541,58,1,0
BRDA:546,59,0,0
BRDA:546,59,1,1
BRDA:567,60,0,1
BRDA:567,60,1,0
BRDA:579,61,0,0
BRDA:579,61,1,0
BRDA:583,62,0,0
BRDA:583,62,1,1
BRDA:589,63,0,0
BRDA:589,63,1,0
BRDA:592,64,0,0
BRDA:592,64,1,0
BRDA:596,65,0,0
BRDA:596,65,1,0
BRDA:599,66,0,0
BRDA:599,66,1,0
BRDA:631,67,0,0
BRDA:631,67,1,0
BRDA:642,68,0,0
BRDA:642,68,1,0
BRDA:648,69,0,4
BRDA:648,69,1,1
BRDA:649,70,0,3
BRDA:649,70,1,1
BRDA:649,71,0,4
BRDA:649,71,1,3
BRDA:656,72,0,1
BRDA:656,72,1,3
BRDA:662,73,0,3
BRDA:662,73,1,0
BRDA:665,74,0,1
BRDA:665,74,1,1
BRDA:679,75,0,1
BRDA:679,75,1,0
BRDA:696,76,0,0
BRDA:696,76,1,0
BRDA:697,77,0,0
BRDA:697,77,1,0
BRDA:700,78,0,0
BRDA:700,78,1,0
BRDA:707,79,0,0
BRDA:707,79,1,0
BRDA:707,80,0,0
BRDA:707,80,1,0
BRDA:722,81,0,0
BRDA:722,81,1,0
BRDA:741,82,0,0
BRDA:741,82,1,0
BRDA:751,83,0,0
BRDA:751,83,1,0
BRDA:763,84,0,0
BRDA:763,84,1,0
BRDA:765,85,0,0
BRDA:765,85,1,0
BRDA:768,86,0,0
BRDA:768,86,1,0
BRDA:776,87,0,0
BRDA:776,87,1,0
BRDA:777,88,0,0
BRDA:777,88,1,0
BRDA:807,89,0,0
BRDA:807,89,1,0
BRDA:813,90,0,0
BRDA:813,90,1,0
BRDA:823,91,0,0
BRDA:823,91,1,0
BRDA:823,92,0,0
BRDA:823,92,1,0
BRDA:843,93,0,0
BRDA:843,93,1,0
BRDA:865,94,0,0
BRDA:865,94,1,0
BRDA:877,95,0,0
BRDA:877,95,1,0
BRDA:886,96,0,0
BRDA:886,96,1,0
BRDA:888,97,0,0
BRDA:888,97,1,0
BRDA:889,98,0,0
BRDA:889,98,1,0
BRDA:897,99,0,0
BRDA:897,99,1,0
BRDA:897,100,0,0
BRDA:897,100,1,0
BRDA:922,101,0,0
BRDA:922,101,1,0
BRDA:941,102,0,0
BRDA:941,102,1,0
BRDA:944,103,0,0
BRDA:944,103,1,0
BRDA:950,104,0,0
BRDA:950,104,1,0
BRDA:953,105,0,0
BRDA:953,105,1,0
BRDA:957,106,0,0
BRDA:957,106,1,0
BRDA:1001,107,0,0
BRDA:1001,107,1,0
BRDA:1013,108,0,3
BRDA:1013,108,1,0
BRDA:1016,109,0,0
BRDA:1016,109,1,3
BRDA:1029,110,0,1
BRDA:1029,110,1,2
BRDA:1029,111,0,3
BRDA:1029,111,1,2
BRDA:1040,112,0,1
BRDA:1040,112,1,1
BRDA:1040,113,0,2
BRDA:1040,113,1,1
BRDA:1070,114,0,0
BRDA:1070,114,1,1
BRDA:1082,115,0,1
BRDA:1082,115,1,0
BRDA:1095,116,0,0
BRDA:1095,116,1,0
BRDA:1105,117,0,0
BRDA:1105,117,1,0
BRDA:1115,118,0,0
BRDA:1115,118,1,0
BRDA:1115,119,0,0
BRDA:1115,119,1,0
BRDA:1123,120,0,0
BRDA:1123,120,1,0
BRDA:1148,121,0,0
BRDA:1148,121,1,0
BRF:249
BRH:99
end_of_record
TN:
SF:controllers\searchController.js
FN:22,embedTexts
FN:25,(anonymous_1)
FN:30,(anonymous_2)
FN:36,(anonymous_3)
FN:39,(anonymous_4)
FN:83,(anonymous_5)
FN:106,(anonymous_6)
FN:119,(anonymous_7)
FN:161,(anonymous_8)
FN:170,(anonymous_9)
FN:181,(anonymous_10)
FN:201,(anonymous_11)
FN:257,(anonymous_12)
FN:268,(anonymous_13)
FNF:14
FNH:12
FNDA:2,embedTexts
FNDA:2,(anonymous_1)
FNDA:2,(anonymous_2)
FNDA:4,(anonymous_3)
FNDA:3,(anonymous_4)
FNDA:1,(anonymous_5)
FNDA:1,(anonymous_6)
FNDA:0,(anonymous_7)
FNDA:1,(anonymous_8)
FNDA:1,(anonymous_9)
FNDA:2,(anonymous_10)
FNDA:0,(anonymous_11)
FNDA:1,(anonymous_12)
FNDA:5,(anonymous_13)
DA:4,6
DA:5,6
DA:6,6
DA:7,6
DA:8,6
DA:10,6
DA:13,6
DA:17,6
DA:18,6
DA:23,2
DA:25,2
DA:27,2
DA:29,2
DA:30,2
DA:31,2
DA:36,4
DA:39,6
DA:40,3
DA:49,3
DA:50,3
DA:51,1
DA:55,2
DA:62,2
DA:69,2
DA:71,0
DA:74,2
DA:75,2
DA:77,1
DA:78,0
DA:80,1
DA:83,1
DA:84,1
DA:85,0
DA:87,1
DA:88,0
DA:90,1
DA:91,0
DA:94,1
DA:97,1
DA:98,1
DA:99,1
DA:100,0
DA:105,1
DA:108,1
DA:109,1
DA:110,1
DA:111,0
DA:112,0
DA:113,0
DA:114,0
DA:115,0
DA:119,0
DA:123,1
DA:126,1
DA:127,1
DA:137,1
DA:146,1
DA:156,1
DA:157,1
DA:160,1
DA:161,1
DA:162,0
DA:164,0
DA:168,1
DA:170,1
DA:177,1
DA:178,1
DA:181,6
DA:182,2
DA:183,2
DA:185,2
DA:188,2
DA:189,1
DA:192,1
DA:193,0
DA:198,0
DA:199,0
DA:201,0
DA:203,0
DA:204,0
DA:206,0
DA:209,0
DA:214,0
DA:215,0
DA:220,0
DA:226,1
DA:233,1
DA:239,1
DA:248,1
DA:254,1
DA:255,1
DA:256,1
DA:257,1
DA:258,0
DA:259,0
DA:262,1
DA:264,0
DA:265,0
DA:268,6
DA:269,5
DA:271,5
DA:273,5
DA:275,5
DA:276,5
DA:277,1
DA:282,4
DA:289,4
DA:290,2
DA:293,2
DA:295,2
DA:300,2
DA:301,1
DA:303,1
DA:304,1
DA:307,1
DA:312,1
DA:314,1
DA:316,0
DA:317,0
LF:119
LH:88
BRDA:42,0,0,0
BRDA:43,1,0,3
BRDA:47,2,0,3
BRDA:48,3,0,3
BRDA:50,4,0,1
BRDA:50,4,1,2
BRDA:69,5,0,0
BRDA:69,5,1,2
BRDA:75,6,0,1
BRDA:75,6,1,1
BRDA:77,7,0,0
BRDA:77,7,1,1
BRDA:77,8,0,1
BRDA:77,8,1,1
BRDA:84,9,0,0
BRDA:84,9,1,1
BRDA:87,10,0,0
BRDA:87,10,1,1
BRDA:90,11,0,0
BRDA:90,11,1,1
BRDA:98,12,0,0
BRDA:98,12,1,1
BRDA:99,13,0,0
BRDA:99,13,1,1
BRDA:109,14,0,1
BRDA:109,14,1,0
BRDA:111,15,0,0
BRDA:111,15,1,0
BRDA:114,16,0,0
BRDA:114,16,1,0
BRDA:160,17,0,1
BRDA:160,17,1,0
BRDA:162,18,0,0
BRDA:162,18,1,0
BRDA:188,19,0,1
BRDA:188,19,1,1
BRDA:188,20,0,2
BRDA:188,20,1,1
BRDA:192,21,0,0
BRDA:192,21,1,1
BRDA:192,22,0,1
BRDA:192,22,1,0
BRDA:198,23,0,0
BRDA:198,23,1,0
BRDA:214,24,0,0
BRDA:214,24,1,0
BRDA:256,25,0,1
BRDA:256,25,1,0
BRDA:258,26,0,0
BRDA:258,26,1,0
BRDA:273,27,0,5
BRDA:273,27,1,1
BRDA:276,28,0,1
BRDA:276,28,1,4
BRDA:289,29,0,2
BRDA:289,29,1,2
BRDA:289,30,0,4
BRDA:289,30,1,3
BRDA:300,31,0,1
BRDA:300,31,1,1
BRDA:300,32,0,2
BRDA:300,32,1,1
BRF:62
BRH:37
end_of_record
